1593426473786|1593426473859|4242328879238072|4242329144766962|POST|/user
1593426473870|1593426473933|4242329182237350|4242329411044430|POST|/user
1593426473945|1593426474076|4242329451930416|4242329925230096|POST|/user
1593426474087|1593426474151|4242329963332586|4242330195247380|POST|/user
1593426474161|1593426474243|4242330231707382|4242330525454286|POST|/user
1593426474253|1593426474318|4242330562089318|4242330795580454|POST|/user
1593426474328|1593426474410|4242330832939196|4242331125728720|POST|/user
1593426474420|1593426474492|4242331163576718|4242331421899998|POST|/user
1593426474503|1593426474568|4242331461345346|4242331695761466|POST|/user
1593426474580|1593426474660|4242331739464502|4242332025952320|POST|/user
1593426474670|1593426474742|4242332061997388|4242332322125362|POST|/user
1593426474752|1593426474825|4242332358149876|4242332621987720|POST|/user
1593426474836|1593426474901|4242332659466560|4242332896313344|POST|/user
1593426474912|1593426474976|4242332935829140|4242333166370396|POST|/user
1593426474986|1593426475075|4242333202554408|4242333522549694|POST|/user
1593426475086|1593426475152|4242333559106864|4242333796808828|POST|/user
1593426475163|1593426475252|4242333837404132|4242334156772686|POST|/user
1593426475263|1593426475343|4242334198469672|4242334487062008|POST|/user
1593426475353|1593426475467|4242334523820182|4242334931031740|POST|/user
1593426475477|1593426475602|4242334967708120|4242335417558050|POST|/user
1593426475613|1593426475667|4242335456660062|4242335653566226|POST|/user
1593426475678|1593426475760|4242335693415102|4242335987651112|POST|/user
1593426475771|1593426475863|4242336027090172|4242336360013374|POST|/user
1593426475882|1593426476167|4242336425730382|4242337454129530|POST|/user
1593426476177|1593426476244|4242337490297656|4242337728273094|POST|/user
1593426476254|1593426476319|4242337765233324|4242337998515552|POST|/user
1593426476329|1593426476410|4242338035491250|4242338328597234|POST|/user
1593426476420|1593426476492|4242338364673166|4242338624530422|POST|/user
1593426476502|1593426476585|4242338660360590|4242338958643902|POST|/user
1593426476596|1593426476677|4242338997122436|4242339288971304|POST|/user
1593426476687|1593426476768|4242339325164646|4242339615055340|POST|/user
1593426476778|1593426476859|4242339653756884|4242339945149798|POST|/user
1593426476870|1593426476944|4242339983318500|4242340249461430|POST|/user
1593426476954|1593426477060|4242340285059512|4242340669494054|POST|/user
1593426477071|1593426477144|4242340708690616|4242340969771998|POST|/user
1593426477154|1593426477235|4242341006878440|4242341299750548|POST|/user
1593426477246|1593426477311|4242341339225756|4242341569924288|POST|/user
1593426477321|1593426477415|4242341608369250|4242341947148450|POST|/user
1593426477427|1593426477527|4242341989000164|4242342350173796|POST|/user
1593426477537|1593426477602|4242342386187256|4242342620386052|POST|/user
1593426477613|1593426477677|4242342660737478|4242342890390508|POST|/user
1593426477688|1593426477769|4242342928063764|4242343220553318|POST|/user
1593426477780|1593426477861|4242343260190744|4242343550709932|POST|/user
1593426477871|1593426477969|4242343588846728|4242343940984130|POST|/user
1593426477981|1593426478078|4242343982672332|4242344334251336|POST|/user
1593426478088|1593426478169|4242344370886424|4242344661352650|POST|/user
1593426478180|1593426478351|4242344699290340|4242345316822310|POST|/user
1593426478362|1593426478531|4242345356019872|4242345963299600|POST|/user
1593426478541|1593426478698|4242346001367086|4242346563655292|POST|/user
1593426478709|1593426478786|4242346603571930|4242346882103608|POST|/user
1593426478797|1593426478903|4242346921359270|4242347302191304|POST|/user
1593426478913|1593426479007|4242347340921302|4242347677877902|POST|/user
1593426479018|1593426479086|4242347715883716|4242347962608502|POST|/user
1593426479096|1593426479203|4242347999832050|4242348382555160|POST|/user
1593426479214|1593426479311|4242348421984586|4242348772801810|POST|/user
1593426479322|1593426479404|4242348812555270|4242349106976892|POST|/user
1593426479414|1593426479514|4242349143812350|4242349504540804|POST|/user
1593426479525|1593426479586|4242349543747384|4242349763309234|POST|/user
1593426479597|1593426479661|4242349802669428|4242350033508318|POST|/user
1593426479672|1593426479736|4242350070714112|4242350303560174|POST|/user
1593426479746|1593426479811|4242350340011490|4242350573683356|POST|/user
1593426479822|1593426479977|4242350612543962|4242351168571562|POST|/user
1593426479987|1593426480078|4242351206919950|4242351534092778|POST|/user
1593426480089|1593426480186|4242351574067086|4242351924184274|POST|/user
1593426480198|1593426480261|4242351967621230|4242352194556536|POST|/user
1593426480274|1593426480353|4242352239632040|4242352524462674|POST|/user
1593426480365|1593426480428|4242352565902104|4242352794576844|POST|/user
1593426480439|1593426480503|4242352832999704|4242353064621694|POST|/user
1593426480515|1593426480645|4242353107314112|4242353574923906|POST|/user
1593426480656|1593426480737|4242353613820946|4242353904906204|POST|/user
1593426480747|1593426480878|4242353942467268|4242354415243888|POST|/user
1593426480889|1593426480953|4242354453718700|4242354685187742|POST|/user
1593426480964|1593426481062|4242354723835330|4242355075323602|POST|/user
1593426481072|1593426481153|4242355112994456|4242355405570958|POST|/user
1593426481164|1593426481245|4242355444647000|4242355735742482|POST|/user
1593426481256|1593426481363|4242355775115198|4242356160563386|POST|/user
1593426481373|1593426481462|4242356197910316|4242356516239696|POST|/user
1593426481472|1593426481554|4242356554268568|4242356846449846|POST|/user
1593426481565|1593426481704|4242356887624130|4242357386403736|POST|/user
1593426481716|1593426481820|4242357430980370|4242357806570210|POST|/user
1593426481830|1593426481895|4242357843361722|4242358076823086|POST|/user
1593426481905|1593426481970|4242358113563360|4242358346915952|POST|/user
1593426481980|1593426482062|4242358383551806|4242358676991168|POST|/user
1593426482073|1593426482145|4242358718207734|4242358977144136|POST|/user
1593426482155|1593426482237|4242359013634052|4242359307248294|POST|/user
1593426482248|1593426482329|4242359345768812|4242359637236582|POST|/user
1593426482339|1593426482429|4242359673406838|4242359997557304|POST|/user
1593426482440|1593426482537|4242360037102200|4242360387686612|POST|/user
1593426482548|1593426482679|4242360427484026|4242360897845756|POST|/user
1593426482690|1593426482812|4242360937487638|4242361378144534|POST|/user
1593426482822|1593426482929|4242361414491582|4242361798341922|POST|/user
1593426482940|1593426483004|4242361837610520|4242362068408776|POST|/user
1593426483014|1593426483096|4242362106392722|4242362398494582|POST|/user
1593426483106|1593426483254|4242362436911896|4242362968701972|POST|/user
1593426483265|1593426483445|4242363006735726|4242363655758052|POST|/user
1593426483456|1593426483587|4242363695398400|4242364169317800|POST|/user
1593426483598|1593426483721|4242364205971800|4242364649402720|POST|/user
1593426483731|1593426483838|4242364685330134|4242365069682732|POST|/user
1593426483848|1593426483954|4242365105832660|4242365489896194|POST|/user
1593426483965|1593426484063|4242365528245978|4242365879946846|POST|/user
1593426484074|1593426484138|4242365920261518|4242366150079772|POST|/user
1593426484148|1593426484230|4242366188428630|4242366482061942|POST|/user
1593426484241|1593426484304|4242366520569952|4242366750290452|POST|/user
1593426484315|1593426484446|4242366789535024|4242367260674210|POST|/user
1593426484457|1593426484546|4242367298829618|4242367620840166|POST|/user
1593426484558|1593426484621|4242367664351180|4242367890851128|POST|/user
1593426484631|1593426484696|4242367927619002|4242368160984746|POST|/user
1593426484707|1593426484838|4242368198578440|4242368673006602|POST|/user
1593426484849|1593426484913|4242368712701760|4242368941394606|POST|/user
1593426484924|1593426485038|4242368980585172|4242369391482388|POST|/user
1593426485048|1593426485171|4242369428741080|4242369871621288|POST|/user
1593426485182|1593426485263|4242369910147284|4242370201709006|POST|/user
1593426485274|1593426485346|4242370241647278|4242370501875332|POST|/user
1593426485357|1593426485559|4242370541602110|4242371267958712|POST|/user
1593426485570|1593426485630|4242371307943170|4242371522286566|POST|/user
1593426485640|1593426485721|4242371559123804|4242371852575466|POST|/user
1593426485732|1593426485813|4242371889052108|4242372182570416|POST|/user
1593426485824|1593426485913|4242372220180398|4242372542690820|POST|/user
1593426485924|1593426485988|4242372581555002|4242372812935060|POST|/user
1593426485999|1593426486080|4242372851648374|4242373142985970|POST|/user
1593426486091|1593426486172|4242373183624112|4242373473191520|POST|/user
1593426486183|1593426486263|4242373512712734|4242373803174550|POST|/user
1593426486274|1593426486355|4242373840429740|4242374133417732|POST|/user
1593426486366|1593426486472|4242374172095396|4242374553596280|POST|/user
1593426486482|1593426486538|4242374590086930|4242374793881686|POST|/user
1593426486549|1593426486672|4242374832114184|4242375273727604|POST|/user
1593426486682|1593426486830|4242375311326950|4242375844048722|POST|/user
1593426486841|1593426486930|4242375882573776|4242376204302346|POST|/user
1593426486940|1593426487005|4242376241495314|4242376474479648|POST|/user
1593426487016|1593426487097|4242376512861910|4242376804532502|POST|/user
1593426487109|1593426487172|4242376848216420|4242377074607682|POST|/user
1593426487182|1593426487280|4242377110754050|4242377464888558|POST|/user
1593426487291|1593426487402|4242377503651220|4242377902886640|POST|/user
1593426487413|1593426487480|4242377941872244|4242378185283242|POST|/user
1593426487491|1593426487564|4242378223425822|4242378485115370|POST|/user
1593426487574|1593426487639|4242378522673196|4242378755420132|POST|/user
1593426487649|1593426487722|4242378791426412|4242379055437386|POST|/user
1593426487733|1593426487797|4242379094587862|4242379325660896|POST|/user
1593426487808|1593426487905|4242379363117124|4242379715764532|POST|/user
1593426487916|1593426488030|4242379752037910|4242380165816362|POST|/user
1593426488041|1593426488181|4242380204401814|4242380706195814|POST|/user
1593426488192|1593426488272|4242380746559554|4242381036285264|POST|/user
1593426488283|1593426488372|4242381076108282|4242381396348324|POST|/user
1593426488382|1593426488447|4242381432720082|4242381666604556|POST|/user
1593426488458|1593426488531|4242381703951162|4242381966621096|POST|/user
1593426488541|1593426488606|4242382004473592|4242382236709280|POST|/user
1593426488616|1593426488689|4242382273060840|4242382536871064|POST|/user
1593426488700|1593426488781|4242382576833782|4242382867078534|POST|/user
1593426488791|1593426488872|4242382903124122|4242383197213952|POST|/user
1593426488883|1593426488964|4242383235714636|4242383527187610|POST|/user
1593426488975|1593426489056|4242383566608206|4242383857284540|POST|/user
1593426489066|1593426489191|4242383894395798|4242384345665724|POST|/user
1593426489202|1593426489273|4242384382716110|4242384637707066|POST|/user
1593426489283|1593426489389|4242384676772106|4242385057943922|POST|/user
1593426489400|1593426489498|4242385097133808|4242385448109502|POST|/user
1593426489509|1593426489581|4242385488456652|4242385748234372|POST|/user
1593426489592|1593426489706|4242385787685510|4242386198530344|POST|/user
1593426489716|1593426489771|4242386234919576|4242386433916180|POST|/user
1593426489782|1593426489889|4242386472173180|4242386858674568|POST|/user
1593426489901|1593426490014|4242386900626176|4242387308784062|POST|/user
1593426490025|1593426490115|4242387345291930|4242387669235250|POST|/user
1593426490125|1593426490227|4242387706862828|4242388072832140|POST|/user
1593426490237|1593426490298|4242388109041876|4242388329498614|POST|/user
1593426490308|1593426490390|4242388366288704|4242388659542132|POST|/user
1593426490401|1593426490465|4242388699338960|4242388929534948|POST|/user
1593426490475|1593426490581|4242388967579280|4242389349786460|POST|/user
1593426490592|1593426490673|4242389387565138|4242389679920662|POST|/user
1593426490683|1593426490773|4242389716584872|4242390039986532|POST|/user
1593426490784|1593426490855|4242390078529386|4242390335498908|POST|/user
1593426490866|1593426490922|4242390374419242|4242390575571514|POST|/user
1593426490932|1593426491031|4242390613254498|4242390970597670|POST|/user
1593426491042|1593426491148|4242391009982826|4242391390522500|POST|/user
1593426491158|1593426491282|4242391426841336|4242391871127824|POST|/user
1593426491292|1593426491381|4242391910060574|4242392230766922|POST|/user
1593426491393|1593426491473|4242392270477500|4242392560963392|POST|/user
1593426491484|1593426491611|4242392600002544|4242393055885392|POST|/user
1593426491622|1593426491689|4242393096533622|4242393336683918|POST|/user
1593426491700|1593426491782|4242393376654732|4242393671442770|POST|/user
1593426491792|1593426491915|4242393708014930|4242394151673284|POST|/user
1593426491925|1593426492022|4242394187923796|4242394537248916|POST|/user
1593426492033|1593426492105|4242394576313046|4242394837165228|POST|/user
1593426492115|1593426492215|4242394873526262|4242395232068416|POST|/user
1593426492230|1593426492290|4242395284002086|4242395502315220|POST|/user
1593426492300|1593426492373|4242395539240992|4242395802305714|POST|/user
1593426492384|1593426492457|4242395839074164|4242396102287954|POST|/user
1593426492468|1593426492540|4242396141294110|4242396402545366|POST|/user
1593426492551|1593426492624|4242396439955130|4242396702744612|POST|/user
1593426492634|1593426492790|4242396741165802|4242397302832064|POST|/user
1593426492800|1593426492899|4242397339730540|4242397693023246|POST|/user
1593426492910|1593426493063|4242397732420836|4242398286190276|POST|/user
1593426493073|1593426493199|4242398322452292|4242398773666276|POST|/user
1593426493210|1593426493332|4242398814801164|4242399253760166|POST|/user
1593426493342|1593426493437|4242399290007884|4242399630451792|POST|/user
1593426493447|1593426493507|4242399666595740|4242399884074690|POST|/user
1593426493517|1593426493574|4242399920363854|4242400124153246|POST|/user
1593426493584|1593426493699|4242400160578896|4242400574335836|POST|/user
1593426493709|1593426493766|4242400611898252|4242400814407412|POST|/user
1593426493776|1593426493866|4242400853090112|4242401174477246|POST|/user
1593426493876|1593426493941|4242401211918702|4242401444445948|POST|/user
1593426493951|1593426494091|4242401483569712|4242401984876520|POST|/user
1593426494102|1593426494157|4242402023918506|4242402225134354|POST|/user
1593426494169|1593426494249|4242402265756556|4242402555122652|POST|/user
1593426494259|1593426494316|4242402590911316|4242402795127436|POST|/user
1593426494326|1593426494399|4242402833390452|4242403095398640|POST|/user
1593426494410|1593426494524|4242403135797696|4242403545532432|POST|/user
1593426494534|1593426494607|4242403582227714|4242403845610362|POST|/user
1593426494618|1593426494674|4242403883753180|4242404085716202|POST|/user
1593426494684|1593426494808|4242404121604076|4242404566010190|POST|/user
1593426494818|1593426494911|4242404604993608|4242404938554202|POST|/user
1593426494922|1593426494983|4242404979139980|4242405196206404|POST|/user
1593426494994|1593426495091|4242405235600580|4242405586562740|POST|/user
1593426495101|1593426495208|4242405623160782|4242406006848108|POST|/user
1593426495219|1593426495299|4242406048351970|4242406336763962|POST|/user
1593426495310|1593426495366|4242406374412350|4242406576814512|POST|/user
1593426495376|1593426495491|4242406613418512|4242407027058742|POST|/user
1593426495501|1593426495599|4242407063545984|4242407417031446|POST|/user
1593426495611|1593426495666|4242407457046558|4242407657072864|POST|/user
1593426495677|1593426495774|4242407696236152|4242408047293512|POST|/user
1593426495785|1593426495883|4242408085602422|4242408437502294|POST|/user
1593426495894|1593426495991|4242408475955450|4242408827748020|POST|/user
1593426496003|1593426496125|4242408870026846|4242409307859982|POST|/user
1593426496136|1593426496235|4242409347628508|4242409704379552|POST|/user
1593426496245|1593426496308|4242409740477896|4242409968225902|POST|/user
1593426496319|1593426496566|4242410007110958|4242410898453440|POST|/user
1593426496577|1593426496683|4242410936014400|4242411318725304|POST|/user
1593426496694|1593426496782|4242411356474432|4242411674224486|POST|/user
1593426496793|1593426496850|4242411713398682|4242411918941766|POST|/user
1593426496861|1593426496976|4242411958676782|4242412374057566|POST|/user
1593426496987|1593426497100|4242412412391738|4242412819366488|POST|/user
1593426497110|1593426497208|4242412857328190|4242413209619614|POST|/user
1593426497219|1593426497367|4242413246963502|4242413779909868|POST|/user
1593426497377|1593426497492|4242413817072076|4242414230051300|POST|/user
1593426497502|1593426497642|4242414266221704|4242414770336534|POST|/user
1593426497652|1593426497750|4242414808772382|4242415160440418|POST|/user
1593426497760|1593426497834|4242415197323672|4242415460641632|POST|/user
1593426497844|1593426497948|4242415497980208|4242415871836842|POST|/user
1593426497958|1593426498025|4242415909809090|4242416150695518|POST|/user
1593426498036|1593426498134|4242416188284842|4242416540957928|POST|/user
1593426498144|1593426498234|4242416576958870|4242416901057552|POST|/user
1593426498244|1593426498342|4242416936761540|4242417289926766|POST|/user
1593426498352|1593426498425|4242417326824832|4242417591357112|POST|/user
1593426498436|1593426498550|4242417631057590|4242418041533656|POST|/user
1593426498561|1593426498667|4242418079217554|4242418461580122|POST|/user
1593426498678|1593426498800|4242418500669464|4242418939844088|POST|/user
1593426498812|1593426498892|4242418982262914|4242419272086430|POST|/user
1593426498903|1593426499017|4242419311791764|4242419722081922|POST|/user
1593426499028|1593426499200|4242419762221394|4242420380070394|POST|/user
1593426499210|1593426499309|4242420417720034|4242420772623596|POST|/user
1593426499319|1593426499409|4242420809916108|4242421132753264|POST|/user
1593426499420|1593426499559|4242421171781116|4242421673055794|POST|/user
1593426499570|1593426499701|4242421712323194|4242422183442396|POST|/user
1593426499711|1593426499818|4242422220681952|4242422606051522|POST|/user
1593426499830|1593426499901|4242422647865330|4242422903594452|POST|/user
1593426499912|1593426500043|4242422943809518|4242423413816630|POST|/user
1593426500053|1593426500143|4242423450478888|4242423773879612|POST|/user
1593426500153|1593426500230|4242423810264994|4242424087511666|POST|/user
1593426500241|1593426500316|4242424126955598|4242424399359258|POST|/user
1593426500329|1593426500383|4242424446191396|4242424639268842|POST|/user
1593426500393|1593426500451|4242424675347776|4242424884296472|POST|/user
1593426500462|1593426500568|4242424923878824|4242425304516312|POST|/user
1593426500578|1593426500659|4242425340923140|4242425634577778|POST|/user
1593426500671|1593426500725|4242425675607254|4242425869764502|POST|/user
1593426500735|1593426500841|4242425908174316|4242426289881932|POST|/user
1593426500851|1593426500950|4242426326198562|4242426680277342|POST|/user
1593426500960|1593426501076|4242426716918118|4242427135360344|POST|/user
1593426501086|1593426501182|4242427170860996|4242427517660944|POST|/user
1593426501193|1593426501266|4242427556090432|4242427820569790|POST|/user
1593426501277|1593426501333|4242427857092382|4242428060658722|POST|/user
1593426501343|1593426501651|4242428097410168|4242429204316252|POST|/user
1593426501666|1593426501775|4242429258173194|4242429651487120|POST|/user
1593426501785|1593426501900|4242429687990862|4242430101787002|POST|/user
1593426501912|1593426502034|4242430144325384|4242430582119830|POST|/user
1593426502044|1593426502235|4242430620671652|4242431306847212|POST|/user
1593426502247|1593426502367|4242431351327892|4242431782194472|POST|/user
1593426502378|1593426502434|4242431821079488|4242432022315852|POST|/user
1593426502444|1593426502534|4242432061319120|4242432382451220|POST|/user
1593426502544|1593426502643|4242432420801382|4242432777631794|POST|/user
1593426502654|1593426502767|4242432814621772|4242433222944260|POST|/user
1593426502777|1593426502834|4242433259313236|4242433462918996|POST|/user
1593426502844|1593426502925|4242433501723718|4242433793034096|POST|/user
1593426502936|1593426502992|4242433832578580|4242434033110786|POST|/user
1593426503003|1593426503100|4242434072132326|4242434423293294|POST|/user
1593426503111|1593426503209|4242434461479704|4242434813349402|POST|/user
1593426503220|1593426503317|4242434852683824|4242435203595556|POST|/user
1593426503328|1593426503483|4242435241272820|4242435799064916|POST|/user
1593426503494|1593426503609|4242435839308706|4242436254091722|POST|/user
1593426503619|1593426503734|4242436291933520|4242436704526770|POST|/user
1593426503745|1593426503801|4242436744762908|4242436944343076|POST|/user
1593426503811|1593426503901|4242436981441246|4242437304476412|POST|/user
1593426503911|1593426504009|4242437341159394|4242437694537242|POST|/user
1593426504020|1593426504126|4242437733283338|4242438114775996|POST|/user
1593426504136|1593426504209|4242438150541266|4242438414960642|POST|/user
1593426504219|1593426504317|4242438452277880|4242438805084530|POST|/user
1593426504328|1593426504444|4242438842172826|4242439260348284|POST|/user
1593426504454|1593426504509|4242439298040066|4242439495335358|POST|/user
1593426504520|1593426504634|4242439533595620|4242439945504204|POST|/user
1593426504645|1593426504751|4242439983603522|4242440365699940|POST|/user
1593426504762|1593426504818|4242440404123148|4242440605901136|POST|/user
1593426504828|1593426504926|4242440642491296|4242440995977780|POST|/user
1593426504936|1593426505009|4242441033864862|4242441295977184|POST|/user
1593426505019|1593426505102|4242441332308026|4242441631306978|POST|/user
1593426505113|1593426505168|4242441669627962|4242441866345264|POST|/user
1593426505178|1593426505319|4242441903077198|4242442411611638|POST|/user
1593426505330|1593426505414|4242442449378714|4242442754625508|POST|/user
1593426505426|1593426505578|4242442794799752|4242443342140800|POST|/user
1593426505588|1593426505653|4242443379248596|4242443612285770|POST|/user
1593426505664|1593426505735|4242443651573656|4242443907191454|POST|/user
1593426505745|1593426505811|4242443944657762|4242444182332186|POST|/user
1593426505822|1593426505904|4242444220305942|4242444516888882|POST|/user
1593426505914|1593426505978|4242444554265312|4242444782711338|POST|/user
1593426505988|1593426506144|4242444820004264|4242445382761434|POST|/user
1593426506154|1593426506244|4242445419143246|4242445743048734|POST|/user
1593426506256|1593426506352|4242445783436304|4242446130192278|POST|/user
1593426506363|1593426506528|4242446169582946|4242446763560524|POST|/user
1593426506539|1593426506961|4242446804318142|4242448324155098|POST|/user
1593426506972|1593426507043|4242448364163266|4242448619219520|POST|/user
1593426507054|1593426507161|4242448657665626|4242449044307656|POST|/user
1593426507172|1593426507277|4242449082515046|4242449459503316|POST|/user
1593426507287|1593426507395|4242449497778334|4242449884247616|POST|/user
1593426507406|1593426507486|4242449923814150|4242450214784512|POST|/user
1593426507497|1593426507578|4242450252389300|4242450544956780|POST|/user
1593426507589|1593426507653|4242450584180920|4242450815033594|POST|/user
1593426507664|1593426507789|4242450853560568|4242451302771114|POST|/user
1593426507800|1593426507903|4242451344180370|4242451715425542|POST|/user
1593426507913|1593426508035|4242451752006528|4242452190438946|POST|/user
1593426508046|1593426508160|4242452230435974|4242452640720590|POST|/user
1593426508170|1593426508278|4242452677022952|4242453066072678|POST|/user
1593426508289|1593426508385|4242453104063542|4242453451314058|POST|/user
1593426508396|1593426508478|4242453488618928|4242453786425826|POST|/user
1593426508490|1593426508570|4242453826581890|4242454116388550|POST|/user
1593426508581|1593426508670|4242454154199304|4242454476538590|POST|/user
1593426508683|1593426508762|4242454522683220|4242454806872342|POST|/user
1593426508772|1593426508885|4242454842855114|4242455251741682|POST|/user
1593426508896|1593426508999|4242455288434088|4242455661346248|POST|/user
1593426509009|1593426509070|4242455698146080|4242455917229002|POST|/user
1593426509080|1593426509187|4242455953128606|4242456337264728|POST|/user
1593426509198|1593426509253|4242456377085106|4242456573995182|POST|/user
1593426509263|1593426509336|4242456612761354|4242456872336512|POST|/user
1593426509346|1593426509462|4242456908576318|4242457327812110|POST|/user
1593426509472|1593426509587|4242457364338924|4242457777945714|POST|/user
1593426509597|1593426509679|4242457814504286|4242458108017686|POST|/user
1593426509689|1593426509820|4242458144084658|4242458617620466|POST|/user
1593426509832|1593426509912|4242458658898646|4242458948608356|POST|/user
1593426509923|1593426510046|4242458987355884|4242459428763052|POST|/user
1593426510056|1593426510183|4242459466892806|4242459923601132|POST|/user
1593426510194|1593426510279|4242459964691696|4242460268959856|POST|/user
1593426510289|1593426510387|4242460305889140|4242460659107286|POST|/user
1593426510398|1593426510462|4242460696397526|4242460929345594|POST|/user
1593426510473|1593426510554|4242460965977210|4242461259351820|POST|/user
1593426510564|1593426510687|4242461295519672|4242461739573126|POST|/user
1593426510698|1593426510763|4242461777430634|4242462009775996|POST|/user
1593426510773|1593426510879|4242462046970858|4242462429935920|POST|/user
1593426510889|1593426510954|4242462466672144|4242462700158368|POST|/user
1593426510965|1593426511079|4242462739455536|4242463150188260|POST|/user
1593426511091|1593426511213|4242463190992794|4242463630269040|POST|/user
1593426511223|1593426511337|4242463666995644|4242464077976108|POST|/user
1593426511348|1593426511429|4242464116819382|4242464410729698|POST|/user
1593426511440|1593426511624|4242464449502328|4242465111051868|POST|/user
1593426511635|1593426511921|4242465150758320|4242466181689398|POST|/user
1593426511931|1593426512013|4242466218429080|4242466511648994|POST|/user
1593426512023|1593426512161|4242466549072800|4242467045549790|POST|/user
1593426512173|1593426512321|4242467086731722|4242467622038044|POST|/user
1593426512333|1593426512396|4242467664164548|4242467892097596|POST|/user
1593426512408|1593426512505|4242467934306172|4242468282121856|POST|/user
1593426512515|1593426512646|4242468320952288|4242468792609424|POST|/user
1593426512656|1593426512746|4242468828649566|4242469152544980|POST|/user
1593426512758|1593426512863|4242469192557870|4242469572732220|POST|/user
1593426512874|1593426512988|4242469611965230|4242470021289272|POST|/user
1593426512998|1593426513080|4242470057451888|4242470353185336|POST|/user
1593426513090|1593426513213|4242470390319946|4242470833471672|POST|/user
1593426513227|1593426513322|4242470882419344|4242471223583382|POST|/user
1593426513333|1593426513388|4242471262881324|4242471463540256|POST|/user
1593426513398|1593426513470|4242471499565112|4242471758364586|POST|/user
1593426513481|1593426513547|4242471796582080|4242472033831870|POST|/user
1593426513557|1593426513672|4242472070110690|4242472483896898|POST|/user
1593426513682|1593426513830|4242472520979080|4242473054276944|POST|/user
1593426513841|1593426513972|4242473092208414|4242473564475618|POST|/user
1593426513982|1593426514089|4242473600209944|4242473984623828|POST|/user
1593426514099|1593426514204|4242474023509894|4242474399582256|POST|/user
1593426514214|1593426514351|4242474437804544|4242474931014022|POST|/user
1593426514362|1593426514430|4242474967543482|4242475215108812|POST|/user
1593426514441|1593426514555|4242475252456512|4242475665264680|POST|/user
1593426514566|1593426514689|4242475702409592|4242476145415008|POST|/user
1593426514699|1593426514839|4242476181985312|4242476685820478|POST|/user
1593426514849|1593426515014|4242476723434876|4242477316037342|POST|/user
1593426515024|1593426515131|4242477353092190|4242477736139844|POST|/user
1593426515141|1593426515256|4242477772405824|4242478186277670|POST|/user
1593426515266|1593426515381|4242478223090664|4242478636537140|POST|/user
1593426515391|1593426515497|4242478675411684|4242479056604414|POST|/user
1593426515508|1593426515613|4242479093491114|4242479472209768|POST|/user
1593426515623|1593426515706|4242479508042346|4242479806864772|POST|/user
1593426515716|1593426515804|4242479843608552|4242480161734898|POST|/user
1593426515814|1593426515897|4242480197617786|4242480497356460|POST|/user
1593426515908|1593426516022|4242480534447932|4242480947317564|POST|/user
1593426516033|1593426516089|4242480985125100|4242481187519366|POST|/user
1593426516100|1593426516214|4242481225385226|4242481637569410|POST|/user
1593426516229|1593426516339|4242481690465812|4242482087907220|POST|/user
1593426516349|1593426516456|4242482124624926|4242482508097692|POST|/user
1593426516467|1593426516575|4242482547718332|4242482936290034|POST|/user
1593426516585|1593426516730|4242482972165032|4242483493172316|POST|/user
1593426516741|1593426516806|4242483533772350|4242483768756090|POST|/user
1593426516816|1593426516923|4242483805649412|4242484188882058|POST|/user
1593426516933|1593426517039|4242484224933514|4242484609049790|POST|/user
1593426517050|1593426517223|4242484647998268|4242485269237968|POST|/user
1593426517238|1593426517331|4242485325082422|4242485659634322|POST|/user
1593426517342|1593426517406|4242485697215070|4242485929628650|POST|/user
1593426517417|1593426517525|4242485969089526|4242486357395038|POST|/user
1593426517535|1593426517623|4242486393477660|4242486709842902|POST|/user
1593426517633|1593426517788|4242486746766714|4242487304560946|POST|/user
1593426517800|1593426517906|4242487346812200|4242487730150524|POST|/user
1593426517916|1593426518098|4242487766338424|4242488420599374|POST|/user
1593426518109|1593426518181|4242488459946652|4242488720767166|POST|/user
1593426518192|1593426518281|4242488757857242|4242489080832252|POST|/user
1593426518293|1593426518372|4242489121419308|4242489405483902|POST|/user
1593426518382|1593426518448|4242489444209100|4242489681065956|POST|/user
1593426518458|1593426518540|4242489717773698|4242490011068524|POST|/user
1593426518551|1593426518615|4242490050330398|4242490281280616|POST|/user
1593426518626|1593426518740|4242490320681718|4242490730928358|POST|/user
1593426518750|1593426518805|4242490767481076|4242490966150916|POST|/user
1593426518815|1593426518932|4242491002200812|4242491421274336|POST|/user
1593426518942|1593426519023|4242491457797190|4242491751957550|POST|/user
1593426519033|1593426519173|4242491787199062|4242492292202320|POST|/user
1593426519183|1593426519298|4242492328276892|4242492742300236|POST|/user
1593426519309|1593426519415|4242492779387822|4242493162534926|POST|/user
1593426519426|1593426519539|4242493201657024|4242493607220920|POST|/user
1593426519549|1593426519622|4242493643863364|4242493907466512|POST|/user
1593426519633|1593426519724|4242493945503312|4242494272950460|POST|/user
1593426519736|1593426519865|4242494316134930|4242494783082014|POST|/user
1593426519877|1593426519990|4242494824190714|4242495233291152|POST|/user
1593426520001|1593426520090|4242495271894858|4242495593446682|POST|/user
1593426520100|1593426520210|4242495629940916|4242496023498764|POST|/user
1593426520221|1593426520290|4242496063993620|4242496313770502|POST|/user
1593426520303|1593426520381|4242496358507394|4242496638549910|POST|/user
1593426520391|1593426520489|4242496675845942|4242497028486480|POST|/user
1593426520500|1593426520657|4242497067934534|4242497634596358|POST|/user
1593426520668|1593426520739|4242497671410630|4242497929023024|POST|/user
1593426520751|1593426520856|4242497970754786|4242498351699822|POST|/user
1593426520866|1593426520975|4242498387516134|4242498776722162|POST|/user
1593426520985|1593426521039|4242498814958898|4242499009285854|POST|/user
1593426521049|1593426521132|4242499045261638|4242499345048616|POST|/user
1593426521143|1593426521291|4242499382210134|4242499915268804|POST|/user
1593426521301|1593426521389|4242499951684980|4242500269887152|POST|/user
1593426521400|1593426521456|4242500309278260|4242500509974612|POST|/user
1593426521466|1593426521591|4242500546831136|4242500995885046|POST|/user
1593426521601|1593426521666|4242501033272656|4242501266048084|POST|/user
1593426521677|1593426521798|4242501304580754|4242501740423494|POST|/user
1593426521808|1593426521899|4242501779298478|4242502106245258|POST|/user
1593426521909|1593426522006|4242502142751600|4242502490798158|POST|/user
1593426522016|1593426522099|4242502527353956|4242502826602666|POST|/user
1593426522109|1593426522225|4242502862651164|4242503278470426|POST|/user
1593426522235|1593426522306|4242503316214958|4242503571322260|POST|/user
1593426522316|1593426522423|4242503607549480|4242503991381518|POST|/user
1593426522433|1593426522499|4242504029314796|4242504266929338|POST|/user
1593426522510|1593426522624|4242504306534472|4242504717211476|POST|/user
1593426522636|1593426522750|4242504757101884|4242505167457966|POST|/user
1593426522760|1593426522888|4242505203791776|4242505667299260|POST|/user
1593426522900|1593426523008|4242505707822868|4242506096753284|POST|/user
1593426523019|1593426523108|4242506137542242|4242506458137542|POST|/user
1593426523126|1593426523190|4242506523480040|4242506752711256|POST|/user
1593426523201|1593426523298|4242506792236950|4242507142655546|POST|/user
1593426523308|1593426523382|4242507178628124|4242507442829056|POST|/user
1593426523392|1593426523466|4242507481630072|4242507748580858|POST|/user
1593426523477|1593426523608|4242507785538012|4242508258795448|POST|/user
1593426523619|1593426523741|4242508299597014|4242508738828000|POST|/user
1593426523752|1593426523892|4242508775914350|4242509279368302|POST|/user
1593426523903|1593426524025|4242509319485584|4242509759464492|POST|/user
1593426524036|1593426524150|4242509799768916|4242510209616080|POST|/user
1593426524160|1593426524242|4242510245798532|4242510539876680|POST|/user
1593426524253|1593426524435|4242510579907488|4242511234221994|POST|/user
1593426524445|1593426524667|4242511271327880|4242512070338628|POST|/user
1593426524677|1593426524742|4242512107331646|4242512340656508|POST|/user
1593426524752|1593426524867|4242512377295790|4242512790721426|POST|/user
1593426524877|1593426524942|4242512828772424|4242513060870194|POST|/user
1593426524953|1593426525050|4242513099133590|4242513450755060|POST|/user
1593426525061|1593426525154|4242513487867174|4242513824102994|POST|/user
1593426525165|1593426525309|4242513864222622|4242514381334560|POST|/user
1593426525319|1593426525433|4242514419608516|4242514830352914|POST|/user
1593426525444|1593426525525|4242514867613188|4242515161662344|POST|/user
1593426525536|1593426525675|4242515199590918|4242515701912626|POST|/user
1593426525686|1593426525742|4242515738443936|4242515942096638|POST|/user
1593426525753|1593426525867|4242515979662690|4242516392221244|POST|/user
1593426525878|1593426525967|4242516429697892|4242516752387386|POST|/user
1593426525978|1593426526042|4242516789483100|4242517022510674|POST|/user
1593426526053|1593426526134|4242517059711414|4242517352872510|POST|/user
1593426526145|1593426526242|4242517391062720|4242517742643268|POST|/user
1593426526253|1593426526367|4242517780513224|4242518192836738|POST|/user
1593426526378|1593426526442|4242518229960106|4242518463006696|POST|/user
1593426526453|1593426526559|4242518501599284|4242518882953670|POST|/user
1593426526569|1593426526684|4242518919451790|4242519333175864|POST|/user
1593426526695|1593426526784|4242519370772758|4242519693385290|POST|/user
1593426526795|1593426526918|4242519732026704|4242520174737376|POST|/user
1593426526928|1593426527059|4242520210457496|4242520683852452|POST|/user
1593426527070|1593426527193|4242520724394690|4242521164143172|POST|/user
1593426527203|1593426527351|4242521201606632|4242521736062136|POST|/user
1593426527362|1593426527484|4242521772991602|4242522214438352|POST|/user
1593426527495|1593426527609|4242522252842790|4242522664869194|POST|/user
1593426527621|1593426527734|4242522704964404|4242523114943448|POST|/user
1593426527745|1593426527851|4242523154124526|4242523535198432|POST|/user
1593426527861|1593426527926|4242523571995926|4242523805162850|POST|/user
1593426527937|1593426528043|4242523843167460|4242524225283586|POST|/user
1593426528053|1593426528054|4242524263377794|4242524264144286|GET|/user/0
1593426528064|1593426528064|4242524301158586|4242524301907478|GET|/user/1
1593426528074|1593426528074|4242524337981518|4242524338683112|GET|/user/2
1593426528086|1593426528086|4242524379310124|4242524380002654|GET|/user/3
1593426528096|1593426528097|4242524417851746|4242524418549280|GET|/user/4
1593426528116|1593426528116|4242524486943008|4242524487682312|GET|/user/5
1593426528126|1593426528126|4242524523936536|4242524524855326|GET|/user/6
1593426528136|1593426528136|4242524561579940|4242524562276270|GET|/user/7
1593426528148|1593426528148|4242524602578918|4242524603254134|GET|/user/8
1593426528158|1593426528158|4242524639643310|4242524640442270|GET|/user/9
1593426528169|1593426528169|4242524679484062|4242524680217966|GET|/user/10
1593426528179|1593426528180|4242524716656824|4242524717373326|GET|/user/11
1593426528190|1593426528190|4242524754452214|4242524755405086|GET|/user/12
1593426528202|1593426528202|4242524797167900|4242524798023356|GET|/user/13
1593426528213|1593426528213|4242524838406266|4242524839333444|GET|/user/14
1593426528226|1593426528227|4242524886092868|4242524887096158|GET|/user/15
1593426528237|1593426528238|4242524925941372|4242524926755434|GET|/user/16
1593426528249|1593426528249|4242524968026440|4242524968739512|GET|/user/17
1593426528260|1593426528260|4242525007429512|4242525008181998|GET|/user/18
1593426528271|1593426528271|4242525046213298|4242525046889792|GET|/user/19
1593426528282|1593426528282|4242525085994180|4242525086705888|GET|/user/20
1593426528293|1593426528293|4242525124152466|4242525124912536|GET|/user/21
1593426528304|1593426528304|4242525164581296|4242525165345264|GET|/user/22
1593426528316|1593426528316|4242525209430490|4242525210163076|GET|/user/23
1593426528331|1593426528331|4242525263043816|4242525263737232|GET|/user/24
1593426528341|1593426528341|4242525299768206|4242525300540220|GET|/user/25
1593426528352|1593426528352|4242525339133324|4242525339810070|GET|/user/26
1593426528363|1593426528363|4242525377257858|4242525377997076|GET|/user/27
1593426528373|1593426528374|4242525415446910|4242525416205974|GET|/user/28
1593426528384|1593426528384|4242525454187166|4242525455079032|GET|/user/29
1593426528395|1593426528395|4242525493699364|4242525494381652|GET|/user/30
1593426528406|1593426528406|4242525532905450|4242525533645566|GET|/user/31
1593426528417|1593426528418|4242525573524430|4242525574460942|GET|/user/32
1593426528429|1593426528429|4242525614061608|4242525615002700|GET|/user/33
1593426528440|1593426528440|4242525653636458|4242525654507016|GET|/user/34
1593426528450|1593426528450|4242525691334150|4242525692251938|GET|/user/35
1593426528464|1593426528464|4242525741918528|4242525742806222|GET|/user/36
1593426528478|1593426528478|4242525791721546|4242525792416218|GET|/user/37
1593426528488|1593426528489|4242525829447502|4242525830153432|GET|/user/38
1593426528499|1593426528499|4242525866315550|4242525866999648|GET|/user/39
1593426528510|1593426528510|4242525905944140|4242525906621258|GET|/user/40
1593426528521|1593426528521|4242525946718512|4242525947415106|GET|/user/41
1593426528532|1593426528532|4242525984903150|4242525985959690|GET|/user/42
1593426528542|1593426528542|4242526023221260|4242526023906244|GET|/user/43
1593426528554|1593426528555|4242526065854486|4242526067659396|GET|/user/44
1593426528565|1593426528565|4242526105315246|4242526106016258|GET|/user/45
1593426528575|1593426528576|4242526142658340|4242526143371288|GET|/user/46
1593426528586|1593426528586|4242526181579094|4242526182270860|GET|/user/47
1593426528597|1593426528597|4242526218907342|4242526219632418|GET|/user/48
1593426528607|1593426528607|4242526256217590|4242526256963790|GET|/user/49
1593426528618|1593426528618|4242526295428046|4242526296137356|GET|/user/50
1593426528630|1593426528630|4242526338474420|4242526339425202|GET|/user/51
1593426528641|1593426528641|4242526378128862|4242526378809070|GET|/user/52
1593426528651|1593426528652|4242526415922530|4242526416842264|GET|/user/53
1593426528663|1593426528663|4242526457580028|4242526458290936|GET|/user/54
1593426528674|1593426528674|4242526498055990|4242526498781024|GET|/user/55
1593426528685|1593426528685|4242526537010576|4242526537846116|GET|/user/56
1593426528696|1593426528696|4242526575268930|4242526576037570|GET|/user/57
1593426528707|1593426528707|4242526615184428|4242526615861912|GET|/user/58
1593426528717|1593426528717|4242526652839968|4242526653597578|GET|/user/59
1593426528728|1593426528728|4242526690437078|4242526691264224|GET|/user/60
1593426528738|1593426528738|4242526728316258|4242526729210150|GET|/user/61
1593426528749|1593426528749|4242526768002392|4242526768758288|GET|/user/62
1593426528760|1593426528760|4242526807588380|4242526808335018|GET|/user/63
1593426528772|1593426528772|4242526850190770|4242526850909594|GET|/user/64
1593426528782|1593426528782|4242526886723272|4242526887433402|GET|/user/65
1593426528792|1593426528793|4242526924146968|4242526924999702|GET|/user/66
1593426528803|1593426528804|4242526963433294|4242526964146476|GET|/user/67
1593426528814|1593426528814|4242527001709932|4242527002565640|GET|/user/68
1593426528825|1593426528825|4242527040479436|4242527041553296|GET|/user/69
1593426528836|1593426528836|4242527081558696|4242527082263108|GET|/user/70
1593426528847|1593426528848|4242527121650182|4242527122479550|GET|/user/71
1593426528858|1593426528858|4242527159221870|4242527160356282|GET|/user/72
1593426528870|1593426528870|4242527202190626|4242527203031846|GET|/user/73
1593426528881|1593426528881|4242527243852262|4242527244630682|GET|/user/74
1593426528892|1593426528892|4242527283560190|4242527284257366|GET|/user/75
1593426528903|1593426528903|4242527321812602|4242527322686176|GET|/user/76
1593426528914|1593426528914|4242527360998052|4242527361723822|GET|/user/77
1593426528924|1593426528925|4242527399103546|4242527399820174|GET|/user/78
1593426528935|1593426528936|4242527438966020|4242527439798510|GET|/user/79
1593426528946|1593426528946|4242527477207292|4242527478232714|GET|/user/80
1593426528957|1593426528957|4242527515659612|4242527516522802|GET|/user/81
1593426528969|1593426528969|4242527559965950|4242527560660802|GET|/user/82
1593426528980|1593426528980|4242527599842776|4242527600555526|GET|/user/83
1593426528991|1593426528991|4242527637354266|4242527638257482|GET|/user/84
1593426529001|1593426529001|4242527675190154|4242527676028928|GET|/user/85
1593426529012|1593426529012|4242527713812232|4242527714520284|GET|/user/86
1593426529022|1593426529022|4242527751319258|4242527752347248|GET|/user/87
1593426529033|1593426529033|4242527790709170|4242527791451954|GET|/user/88
1593426529044|1593426529044|4242527830304552|4242527831100044|GET|/user/89
1593426529054|1593426529054|4242527866773760|4242527867477526|GET|/user/90
1593426529065|1593426529065|4242527906232564|4242527906976704|GET|/user/91
1593426529076|1593426529076|4242527944546194|4242527945418392|GET|/user/92
1593426529087|1593426529087|4242527983437408|4242527984165070|GET|/user/93
1593426529098|1593426529098|4242528023398808|4242528024130432|GET|/user/94
1593426529108|1593426529108|4242528061321774|4242528062024666|GET|/user/95
1593426529118|1593426529119|4242528097911240|4242528098594692|GET|/user/96
1593426529129|1593426529129|4242528136159736|4242528137148750|GET|/user/97
1593426529141|1593426529141|4242528178250758|4242528178941428|GET|/user/98
1593426529152|1593426529152|4242528218373930|4242528219059602|GET|/user/99
1593426529162|1593426529162|4242528255136972|4242528255845596|GET|/user/100
1593426529173|1593426529173|4242528292936078|4242528293666242|GET|/user/101
1593426529183|1593426529184|4242528332001802|4242528332755510|GET|/user/102
1593426529194|1593426529194|4242528370727960|4242528371471986|GET|/user/103
1593426529205|1593426529205|4242528409056652|4242528409751012|GET|/user/104
1593426529216|1593426529216|4242528448948080|4242528449703134|GET|/user/105
1593426529234|1593426529234|4242528512680534|4242528513481158|GET|/user/106
1593426529248|1593426529248|4242528563237424|4242528563944974|GET|/user/107
1593426529261|1593426529261|4242528610778798|4242528611738064|GET|/user/108
1593426529272|1593426529272|4242528651523672|4242528652417344|GET|/user/109
1593426529284|1593426529285|4242528694686576|4242528695831712|GET|/user/110
1593426529296|1593426529296|4242528736881180|4242528737893706|GET|/user/111
1593426529307|1593426529307|4242528776930250|4242528777919066|GET|/user/112
1593426529318|1593426529318|4242528814845716|4242528815731456|GET|/user/113
1593426529329|1593426529329|4242528856777424|4242528857638400|GET|/user/114
1593426529340|1593426529340|4242528895491498|4242528896499860|GET|/user/115
1593426529351|1593426529351|4242528935381462|4242528936434770|GET|/user/116
1593426529362|1593426529363|4242528976340356|4242528977242002|GET|/user/117
1593426529373|1593426529374|4242529016042134|4242529017035162|GET|/user/118
1593426529384|1593426529384|4242529053503182|4242529054560840|GET|/user/119
1593426529395|1593426529395|4242529094434192|4242529095308308|GET|/user/120
1593426529407|1593426529407|4242529136908034|4242529137622770|GET|/user/121
1593426529417|1593426529417|4242529173578172|4242529174536858|GET|/user/122
1593426529428|1593426529428|4242529212924752|4242529213628466|GET|/user/123
1593426529438|1593426529439|4242529250095984|4242529250801474|GET|/user/124
1593426529449|1593426529449|4242529288655084|4242529289359548|GET|/user/125
1593426529463|1593426529463|4242529337104910|4242529337854124|GET|/user/126
1593426529474|1593426529474|4242529378491572|4242529379373614|GET|/user/127
1593426529485|1593426529485|4242529417479670|4242529418148934|GET|/user/128
1593426529496|1593426529496|4242529455720334|4242529456435582|GET|/user/129
1593426529506|1593426529507|4242529494479516|4242529495723410|GET|/user/130
1593426529517|1593426529517|4242529533480466|4242529534281708|GET|/user/131
1593426529528|1593426529528|4242529573110918|4242529574056350|GET|/user/132
1593426529539|1593426529539|4242529612959450|4242529613641962|GET|/user/133
1593426529550|1593426529550|4242529649914050|4242529650694030|GET|/user/134
1593426529561|1593426529561|4242529691346848|4242529692062842|GET|/user/135
1593426529572|1593426529573|4242529732321180|4242529733225852|GET|/user/136
1593426529584|1593426529584|4242529772416862|4242529773191634|GET|/user/137
1593426529595|1593426529595|4242529811988182|4242529812710250|GET|/user/138
1593426529605|1593426529605|4242529850288098|4242529850989556|GET|/user/139
1593426529616|1593426529616|4242529887666922|4242529888388274|GET|/user/140
1593426529627|1593426529627|4242529927194710|4242529928036128|GET|/user/141
1593426529638|1593426529638|4242529967973424|4242529968685576|GET|/user/142
1593426529649|1593426529649|4242530008978382|4242530009711106|GET|/user/143
1593426529660|1593426529660|4242530048510410|4242530049211702|GET|/user/144
1593426529671|1593426529671|4242530085658392|4242530086476346|GET|/user/145
1593426529683|1593426529683|4242530131242440|4242530132002310|GET|/user/146
1593426529695|1593426529695|4242530173444860|4242530174156306|GET|/user/147
1593426529708|1593426529708|4242530220419832|4242530221130594|GET|/user/148
1593426529720|1593426529720|4242530262243842|4242530263057972|GET|/user/149
1593426529730|1593426529731|4242530300838060|4242530302395952|GET|/user/150
1593426529753|1593426529753|4242530381691342|4242530382396340|GET|/user/151
1593426529764|1593426529764|4242530421318958|4242530422030580|GET|/user/152
1593426529774|1593426529774|4242530458647808|4242530459664650|GET|/user/153
1593426529785|1593426529785|4242530496727962|4242530497523080|GET|/user/154
1593426529796|1593426529796|4242530538210528|4242530538909998|GET|/user/155
1593426529807|1593426529807|4242530575166668|4242530576039364|GET|/user/156
1593426529817|1593426529817|4242530612684896|4242530613517012|GET|/user/157
1593426529828|1593426529828|4242530652415500|4242530653110182|GET|/user/158
1593426529838|1593426529839|4242530689793410|4242530690505150|GET|/user/159
1593426529850|1593426529850|4242530731600740|4242530732324758|GET|/user/160
1593426529868|1593426529868|4242530795597096|4242530796326780|GET|/user/161
1593426529879|1593426529880|4242530837839442|4242530838544034|GET|/user/162
1593426529890|1593426529890|4242530874232974|4242530875148976|GET|/user/163
1593426529901|1593426529901|4242530913813164|4242530914622866|GET|/user/164
1593426529915|1593426529916|4242530967087920|4242530967812374|GET|/user/165
1593426529926|1593426529926|4242531005779038|4242531006746462|GET|/user/166
1593426529938|1593426529938|4242531046727314|4242531047559144|GET|/user/167
1593426529948|1593426529948|4242531084130212|4242531085135764|GET|/user/168
1593426529959|1593426529959|4242531123133980|4242531123916078|GET|/user/169
1593426529970|1593426529970|4242531163545428|4242531164257550|GET|/user/170
1593426529981|1593426529981|4242531203759242|4242531204472008|GET|/user/171
1593426529992|1593426529992|4242531242786658|4242531243740740|GET|/user/172
1593426530002|1593426530003|4242531280315800|4242531281024284|GET|/user/173
1593426530013|1593426530013|4242531318522660|4242531319501478|GET|/user/174
1593426530023|1593426530024|4242531355728882|4242531356605694|GET|/user/175
1593426530034|1593426530034|4242531393892234|4242531394664250|GET|/user/176
1593426530045|1593426530045|4242531433073050|4242531433766070|GET|/user/177
1593426530056|1593426530056|4242531472262222|4242531473186076|GET|/user/178
1593426530067|1593426530067|4242531512564530|4242531513255664|GET|/user/179
1593426530078|1593426530078|4242531551121008|4242531551832996|GET|/user/180
1593426530089|1593426530089|4242531591902208|4242531592606262|GET|/user/181
1593426530100|1593426530100|4242531631329626|4242531632305638|GET|/user/182
1593426530110|1593426530111|4242531668776832|4242531669701658|GET|/user/183
1593426530122|1593426530122|4242531709837974|4242531710590410|GET|/user/184
1593426530132|1593426530132|4242531746942640|4242531747620782|GET|/user/185
1593426530142|1593426530143|4242531784506552|4242531785233720|GET|/user/186
1593426530153|1593426530154|4242531823966690|4242531824711946|GET|/user/187
1593426530164|1593426530164|4242531860697092|4242531861390404|GET|/user/188
1593426530174|1593426530174|4242531898401574|4242531899318986|GET|/user/189
1593426530185|1593426530185|4242531938598272|4242531939268064|GET|/user/190
1593426530196|1593426530196|4242531977581176|4242531978310036|GET|/user/191
1593426530207|1593426530208|4242532018556730|4242532019444626|GET|/user/192
1593426530219|1593426530219|4242532059127512|4242532059911386|GET|/user/193
1593426530231|1593426530232|4242532105198300|4242532106458040|GET|/user/194
1593426530243|1593426530244|4242532147747028|4242532148554930|GET|/user/195
1593426530254|1593426530254|4242532185305112|4242532186184996|GET|/user/196
1593426530264|1593426530264|4242532222726440|4242532223963328|GET|/user/197
1593426530277|1593426530277|4242532267766530|4242532268893868|GET|/user/198
1593426530288|1593426530288|4242532307345582|4242532308365630|GET|/user/199
1593426530299|1593426530299|4242532346926738|4242532347732174|GET|/user/200
1593426530309|1593426530310|4242532385305196|4242532386242540|GET|/user/201
1593426530321|1593426530321|4242532425839640|4242532426561238|GET|/user/202
1593426530332|1593426530332|4242532466130060|4242532466822208|GET|/user/203
1593426530343|1593426530343|4242532506222408|4242532507106336|GET|/user/204
1593426530355|1593426530356|4242532551370508|4242532552114688|GET|/user/205
1593426530366|1593426530366|4242532590294566|4242532591112592|GET|/user/206
1593426530377|1593426530377|4242532627290792|4242532628110782|GET|/user/207
1593426530387|1593426530387|4242532665288136|4242532665972734|GET|/user/208
1593426530398|1593426530399|4242532706001314|4242532706878304|GET|/user/209
1593426530410|1593426530410|4242532748270566|4242532749120402|GET|/user/210
1593426530422|1593426530423|4242532792608842|4242532793354186|GET|/user/211
1593426530433|1593426530433|4242532830097330|4242532830908804|GET|/user/212
1593426530443|1593426530443|4242532867002542|4242532867715522|GET|/user/213
1593426530454|1593426530454|4242532906049006|4242532906745100|GET|/user/214
1593426530465|1593426530466|4242532947706928|4242532948592440|GET|/user/215
1593426530477|1593426530477|4242532987965130|4242532989175184|GET|/user/216
1593426530488|1593426530488|4242533028223342|4242533029171794|GET|/user/217
1593426530502|1593426530502|4242533079413648|4242533080472086|GET|/user/218
1593426530513|1593426530513|4242533119396280|4242533120103410|GET|/user/219
1593426530524|1593426530525|4242533159731726|4242533160439906|GET|/user/220
1593426530535|1593426530535|4242533197733952|4242533198432614|GET|/user/221
1593426530546|1593426530546|4242533237817186|4242533238493030|GET|/user/222
1593426530556|1593426530557|4242533275200664|4242533276063250|GET|/user/223
1593426530568|1593426530568|4242533316585786|4242533317344858|GET|/user/224
1593426530579|1593426530579|4242533357171686|4242533357872470|GET|/user/225
1593426530590|1593426530590|4242533395656440|4242533396375542|GET|/user/226
1593426530600|1593426530600|4242533432781462|4242533433708762|GET|/user/227
1593426530612|1593426530612|4242533474120280|4242533474836950|GET|/user/228
1593426530622|1593426530622|4242533511801252|4242533512530236|GET|/user/229
1593426530633|1593426530633|4242533550777034|4242533551499954|GET|/user/230
1593426530643|1593426530644|4242533588571612|4242533589418534|GET|/user/231
1593426530655|1593426530655|4242533629390382|4242533630081968|GET|/user/232
1593426530665|1593426530665|4242533666199566|4242533667072456|GET|/user/233
1593426530679|1593426530679|4242533715964514|4242533716651914|GET|/user/234
1593426530690|1593426530690|4242533756561424|4242533757282902|GET|/user/235
1593426530701|1593426530702|4242533796759698|4242533797696350|GET|/user/236
1593426530714|1593426530714|4242533841210780|4242533842091134|GET|/user/237
1593426530725|1593426530725|4242533880431696|4242533881147600|GET|/user/238
1593426530735|1593426530735|4242533918066484|4242533918754824|GET|/user/239
1593426530746|1593426530746|4242533957290460|4242533958002544|GET|/user/240
1593426530757|1593426530757|4242533997956348|4242533998641956|GET|/user/241
1593426530768|1593426530768|4242534035525846|4242534036304870|GET|/user/242
1593426530778|1593426530778|4242534072776912|4242534073506112|GET|/user/243
1593426530789|1593426530789|4242534112818662|4242534113504948|GET|/user/244
1593426530799|1593426530800|4242534149703330|4242534150408574|GET|/user/245
1593426530811|1593426530811|4242534189879542|4242534190610164|GET|/user/246
1593426530821|1593426530821|4242534226551818|4242534227251284|GET|/user/247
1593426530832|1593426530832|4242534266535618|4242534267407970|GET|/user/248
1593426530843|1593426530844|4242534308470146|4242534309162020|GET|/user/249
1593426530855|1593426530855|4242534349331292|4242534350047950|GET|/user/250
1593426530867|1593426530867|4242534393549170|4242534394255450|GET|/user/251
1593426530877|1593426530878|4242534430405868|4242534431145802|GET|/user/252
1593426530888|1593426530888|4242534469337384|4242534470107748|GET|/user/253
1593426530899|1593426530899|4242534506759374|4242534507463098|GET|/user/254
1593426530909|1593426530909|4242534544145352|4242534544828392|GET|/user/255
1593426530920|1593426530920|4242534582960552|4242534583704744|GET|/user/256
1593426530931|1593426530931|4242534622172500|4242534622873774|GET|/user/257
1593426530941|1593426530941|4242534659675570|4242534660418386|GET|/user/258
1593426530952|1593426530952|4242534698602546|4242534699431280|GET|/user/259
1593426530963|1593426530963|4242534738463316|4242534739155900|GET|/user/260
1593426530973|1593426530974|4242534776569994|4242534777280608|GET|/user/261
1593426530984|1593426530985|4242534816194598|4242534817061058|GET|/user/262
1593426530996|1593426530996|4242534856948960|4242534857708562|GET|/user/263
1593426531006|1593426531006|4242534894211440|4242534895307206|GET|/user/264
1593426531017|1593426531017|4242534934195522|4242534934999144|GET|/user/265
1593426531034|1593426531034|4242534994527564|4242534995292892|GET|/user/266
1593426531045|1593426531045|4242535033790808|4242535034506258|GET|/user/267
1593426531055|1593426531056|4242535071231790|4242535071964402|GET|/user/268
1593426531066|1593426531066|4242535110368354|4242535111069334|GET|/user/269
1593426531077|1593426531077|4242535148994360|4242535149787116|GET|/user/270
1593426531089|1593426531089|4242535192416218|4242535193143772|GET|/user/271
1593426531100|1593426531100|4242535232954844|4242535233663750|GET|/user/272
1593426531114|1593426531114|4242535283034432|4242535283766810|GET|/user/273
1593426531124|1593426531125|4242535320289766|4242535320991004|GET|/user/274
1593426531135|1593426531135|4242535358841850|4242535359615072|GET|/user/275
1593426531148|1593426531148|4242535405133816|4242535405826898|GET|/user/276
1593426531159|1593426531159|4242535443227770|4242535443965730|GET|/user/277
1593426531169|1593426531169|4242535480143052|4242535480842596|GET|/user/278
1593426531179|1593426531179|4242535517287278|4242535517989170|GET|/user/279
1593426531189|1593426531190|4242535553872186|4242535554646938|GET|/user/280
1593426531200|1593426531201|4242535593531258|4242535594251994|GET|/user/281
1593426531212|1593426531212|4242535634228130|4242535635006476|GET|/user/282
1593426531222|1593426531222|4242535671860626|4242535672543728|GET|/user/283
1593426531239|1593426531239|4242535731606292|4242535732607474|GET|/user/284
1593426531250|1593426531250|4242535770993000|4242535771730040|GET|/user/285
1593426531261|1593426531261|4242535812050932|4242535813284550|GET|/user/286
1593426531273|1593426531273|4242535855354516|4242535856098956|GET|/user/287
1593426531284|1593426531284|4242535895085914|4242535895806680|GET|/user/288
1593426531294|1593426531295|4242535931749514|4242535932671684|GET|/user/289
1593426531305|1593426531306|4242535971479212|4242535972270900|GET|/user/290
1593426531317|1593426531317|4242536011924166|4242536012654292|GET|/user/291
1593426531327|1593426531327|4242536049486296|4242536050442282|GET|/user/292
1593426531337|1593426531338|4242536086549214|4242536087245458|GET|/user/293
1593426531348|1593426531348|4242536125669382|4242536126381112|GET|/user/294
1593426531359|1593426531359|4242536165092762|4242536165809066|GET|/user/295
1593426531370|1593426531370|4242536203517480|4242536204223556|GET|/user/296
1593426531380|1593426531380|4242536241159160|4242536241882650|GET|/user/297
1593426531391|1593426531391|4242536278678450|4242536279594360|GET|/user/298
1593426531401|1593426531401|4242536316459764|4242536317179924|GET|/user/299
1593426531413|1593426531414|4242536360836230|4242536361583996|GET|/user/300
1593426531425|1593426531425|4242536401045272|4242536402432306|GET|/user/301
1593426531437|1593426531437|4242536443890420|4242536444725934|GET|/user/302
1593426531447|1593426531447|4242536480405520|4242536481123124|GET|/user/303
1593426531457|1593426531457|4242536517177582|4242536517958632|GET|/user/304
1593426531469|1593426531469|4242536559231006|4242536559929804|GET|/user/305
1593426531479|1593426531479|4242536597625986|4242536598375070|GET|/user/306
1593426531491|1593426531491|4242536640332270|4242536641040490|GET|/user/307
1593426531502|1593426531502|4242536678259996|4242536678985168|GET|/user/308
1593426531512|1593426531512|4242536715796676|4242536716717560|GET|/user/309
1593426531522|1593426531523|4242536752799916|4242536753521890|GET|/user/310
1593426531533|1593426531533|4242536790099072|4242536790979338|GET|/user/311
1593426531544|1593426531544|4242536830694984|4242536831407656|GET|/user/312
1593426531556|1593426531556|4242536873499644|4242536874230832|GET|/user/313
1593426531566|1593426531566|4242536909578058|4242536910380988|GET|/user/314
1593426531577|1593426531577|4242536949917944|4242536950640018|GET|/user/315
1593426531589|1593426531590|4242536993745228|4242536994525690|GET|/user/316
1593426531600|1593426531600|4242537032422396|4242537033156184|GET|/user/317
1593426531610|1593426531610|4242537069162274|4242537069867582|GET|/user/318
1593426531620|1593426531621|4242537106020612|4242537106694802|GET|/user/319
1593426531632|1593426531632|4242537146071400|4242537146969512|GET|/user/320
1593426531642|1593426531642|4242537183370706|4242537184063896|GET|/user/321
1593426531653|1593426531653|4242537222310596|4242537223193990|GET|/user/322
1593426531664|1593426531664|4242537261616612|4242537262326606|GET|/user/323
1593426531674|1593426531674|4242537298873684|4242537299621998|GET|/user/324
1593426531685|1593426531685|4242537338456562|4242537339407064|GET|/user/325
1593426531697|1593426531697|4242537379897562|4242537380627686|GET|/user/326
1593426531708|1593426531708|4242537422134908|4242537422850442|GET|/user/327
1593426531719|1593426531719|4242537460793630|4242537461503702|GET|/user/328
1593426531731|1593426531731|4242537503278658|4242537503989280|GET|/user/329
1593426531741|1593426531742|4242537541392060|4242537542222654|GET|/user/330
1593426531752|1593426531752|4242537580526020|4242537581288430|GET|/user/331
1593426531763|1593426531763|4242537619253774|4242537619979486|GET|/user/332
1593426531773|1593426531774|4242537656503536|4242537657231796|GET|/user/333
1593426531784|1593426531785|4242537696013614|4242537696749464|GET|/user/334
1593426531795|1593426531795|4242537734474548|4242537735184898|GET|/user/335
1593426531806|1593426531806|4242537774265200|4242537775439108|GET|/user/336
1593426531818|1593426531818|4242537816255348|4242537817011050|GET|/user/337
1593426531829|1593426531829|4242537856479882|4242537857188068|GET|/user/338
1593426531839|1593426531840|4242537894476362|4242537895158708|GET|/user/339
1593426531850|1593426531851|4242537933585092|4242537934528030|GET|/user/340
1593426531861|1593426531861|4242537971894788|4242537972578092|GET|/user/341
1593426531872|1593426531872|4242538012061364|4242538012761736|GET|/user/342
1593426531883|1593426531883|4242538050844490|4242538051542046|GET|/user/343
1593426531895|1593426531895|4242538093367304|4242538094293006|GET|/user/344
1593426531905|1593426531905|4242538130047298|4242538130808140|GET|/user/345
1593426531915|1593426531916|4242538167736886|4242538168442158|GET|/user/346
1593426531926|1593426531927|4242538207818990|4242538208747776|GET|/user/347
1593426531937|1593426531937|4242538246158486|4242538246918434|GET|/user/348
1593426531948|1593426531948|4242538285940858|4242538286670092|GET|/user/349
1593426531960|1593426531960|4242538329073856|4242538329799928|GET|/user/350
1593426531971|1593426531971|4242538367648240|4242538368315006|GET|/user/351
1593426531983|1593426531983|4242538410373646|4242538411213716|GET|/user/352
1593426531996|1593426531997|4242538459172920|4242538459917552|GET|/user/353
1593426532006|1593426532007|4242538495440478|4242538496129126|GET|/user/354
1593426532019|1593426532019|4242538539141144|4242538539936884|GET|/user/355
1593426532030|1593426532031|4242538581795596|4242538582689604|GET|/user/356
1593426532041|1593426532041|4242538621148806|4242538621870420|GET|/user/357
1593426532052|1593426532053|4242538660963760|4242538661815108|GET|/user/358
1593426532063|1593426532063|4242538699898690|4242538700624852|GET|/user/359
1593426532074|1593426532074|4242538737465538|4242538738158206|GET|/user/360
1593426532085|1593426532085|4242538778236550|4242538778958710|GET|/user/361
1593426532096|1593426532097|4242538819402848|4242538820100260|GET|/user/362
1593426532107|1593426532107|4242538856017236|4242538856720370|GET|/user/363
1593426532119|1593426532119|4242538899331932|4242538900238256|GET|/user/364
1593426532132|1593426532133|4242538949074890|4242538949760472|GET|/user/365
1593426532143|1593426532143|4242538987193324|4242538987979822|GET|/user/366
1593426532154|1593426532154|4242539025989724|4242539026772054|GET|/user/367
1593426532164|1593426532164|4242539063738452|4242539064417606|GET|/user/368
1593426532175|1593426532175|4242539100761438|4242539101438184|GET|/user/369
1593426532186|1593426532186|4242539140862856|4242539141812484|GET|/user/370
1593426532197|1593426532197|4242539181768188|4242539182471138|GET|/user/371
1593426532208|1593426532208|4242539221366000|4242539222224146|GET|/user/372
1593426532218|1593426532219|4242539258965186|4242539259866906|GET|/user/373
1593426532240|1593426532240|4242539336055302|4242539336744910|GET|/user/374
1593426532250|1593426532250|4242539373058782|4242539373949204|GET|/user/375
1593426532262|1593426532262|4242539416032214|4242539416742496|GET|/user/376
1593426532272|1593426532272|4242539452385422|4242539453220596|GET|/user/377
1593426532283|1593426532283|4242539492121614|4242539492818690|GET|/user/378
1593426532296|1593426532297|4242539539401334|4242539540255170|GET|/user/379
1593426532307|1593426532307|4242539578745774|4242539579449008|GET|/user/380
1593426532318|1593426532318|4242539615968330|4242539616964642|GET|/user/381
1593426532328|1593426532328|4242539653981662|4242539654685896|GET|/user/382
1593426532339|1593426532339|4242539692171846|4242539693051702|GET|/user/383
1593426532349|1593426532349|4242539729767864|4242539730463358|GET|/user/384
1593426532359|1593426532360|4242539766682650|4242539767418322|GET|/user/385
1593426532371|1593426532371|4242539807963560|4242539808668858|GET|/user/386
1593426532382|1593426532382|4242539847399638|4242539848113900|GET|/user/387
1593426532392|1593426532393|4242539884922952|4242539885639960|GET|/user/388
1593426532403|1593426532403|4242539921910090|4242539922586912|GET|/user/389
1593426532413|1593426532413|4242539958584098|4242539959272900|GET|/user/390
1593426532423|1593426532423|4242539995613648|4242539996324380|GET|/user/391
1593426532434|1593426532434|4242540033326366|4242540034049278|GET|/user/392
1593426532444|1593426532444|4242540071611282|4242540072322852|GET|/user/393
1593426532455|1593426532455|4242540108911790|4242540109636182|GET|/user/394
1593426532465|1593426532466|4242540148078272|4242540148827170|GET|/user/395
1593426532476|1593426532476|4242540186304814|4242540187091092|GET|/user/396
1593426532487|1593426532488|4242540227170424|4242540227874228|GET|/user/397
1593426532499|1593426532499|4242540267715852|4242540268546792|GET|/user/398
1593426532509|1593426532510|4242540306239142|4242540306987052|GET|/user/399
1593426532520|1593426532521|4242540346356390|4242540347075114|GET|/user/400
1593426532531|1593426532532|4242540385535662|4242540386229286|GET|/user/401
1593426532542|1593426532542|4242540423820858|4242540424571988|GET|/user/402
1593426532552|1593426532553|4242540461497612|4242540462340990|GET|/user/403
1593426532563|1593426532564|4242540501196496|4242540501911160|GET|/user/404
1593426532574|1593426532574|4242540537588414|4242540538316250|GET|/user/405
1593426532584|1593426532584|4242540575556696|4242540576359134|GET|/user/406
1593426532595|1593426532595|4242540614221126|4242540614973178|GET|/user/407
1593426532605|1593426532605|4242540650722120|4242540651442778|GET|/user/408
1593426532616|1593426532616|4242540689509104|4242540690179400|GET|/user/409
1593426532627|1593426532627|4242540730551982|4242540731267054|GET|/user/410
1593426532638|1593426532638|4242540770105738|4242540770825768|GET|/user/411
1593426532649|1593426532649|4242540807441262|4242540808169796|GET|/user/412
1593426532660|1593426532660|4242540846917934|4242540847633326|GET|/user/413
1593426532670|1593426532671|4242540885934658|4242540886696266|GET|/user/414
1593426532682|1593426532683|4242540929500874|4242540930204258|GET|/user/415
1593426532693|1593426532693|4242540967116446|4242540967884954|GET|/user/416
1593426532703|1593426532704|4242541005318882|4242541006015026|GET|/user/417
1593426532714|1593426532714|4242541043024644|4242541043714066|GET|/user/418
1593426532724|1593426532724|4242541079508414|4242541080279966|GET|/user/419
1593426532736|1593426532737|4242541123819444|4242541124559522|GET|/user/420
1593426532747|1593426532747|4242541162947806|4242541163630570|GET|/user/421
1593426532758|1593426532758|4242541200107046|4242541200826218|GET|/user/422
1593426532770|1593426532770|4242541244495620|4242541245454910|GET|/user/423
1593426532781|1593426532781|4242541284647496|4242541285365346|GET|/user/424
1593426532792|1593426532792|4242541322641052|4242541323406862|GET|/user/425
1593426532802|1593426532802|4242541360785490|4242541361468500|GET|/user/426
1593426532813|1593426532813|4242541399825346|4242541400554814|GET|/user/427
1593426532824|1593426532825|4242541440762566|4242541441465574|GET|/user/428
1593426532835|1593426532835|4242541479740936|4242541480477056|GET|/user/429
1593426532847|1593426532847|4242541520376232|4242541521087304|GET|/user/430
1593426532857|1593426532857|4242541558627546|4242541559325922|GET|/user/431
1593426532868|1593426532868|4242541596729048|4242541597601210|GET|/user/432
1593426532880|1593426532880|4242541640526856|4242541641238600|GET|/user/433
1593426532891|1593426532891|4242541679631820|4242541680507640|GET|/user/434
1593426532902|1593426532902|4242541719968912|4242541721068918|GET|/user/435
1593426532913|1593426532913|4242541757896654|4242541758602650|GET|/user/436
1593426532923|1593426532923|4242541796572524|4242541797282056|GET|/user/437
1593426532933|1593426532934|4242541832728780|4242541833526940|GET|/user/438
1593426532944|1593426532944|4242541869997514|4242541870728070|GET|/user/439
1593426532955|1593426532955|4242541909146982|4242541909845976|GET|/user/440
1593426532965|1593426532966|4242541948310066|4242541949052982|GET|/user/441
1593426532976|1593426532976|4242541985239212|4242541985925666|GET|/user/442
1593426532987|1593426532987|4242542026083148|4242542026853246|GET|/user/443
1593426532998|1593426532998|4242542066720204|4242542067418846|GET|/user/444
1593426533008|1593426533009|4242542103250128|4242542103965908|GET|/user/445
1593426533019|1593426533019|4242542140809258|4242542141739806|GET|/user/446
1593426533030|1593426533030|4242542179141698|4242542181154724|GET|/user/447
1593426533041|1593426533041|4242542219679460|4242542220634248|GET|/user/448
1593426533052|1593426533052|4242542259214910|4242542260554446|GET|/user/449
1593426533068|1593426533068|4242542316434204|4242542317418208|GET|/user/450
1593426533079|1593426533079|4242542356980504|4242542357682270|GET|/user/451
1593426533090|1593426533090|4242542396990646|4242542397757130|GET|/user/452
1593426533101|1593426533101|4242542435091960|4242542435785732|GET|/user/453
1593426533111|1593426533111|4242542472542288|4242542473264798|GET|/user/454
1593426533122|1593426533122|4242542511294310|4242542511991900|GET|/user/455
1593426533134|1593426533134|4242542554963820|4242542555639676|GET|/user/456
1593426533144|1593426533144|4242542591716054|4242542592414562|GET|/user/457
1593426533155|1593426533155|4242542631041330|4242542631756362|GET|/user/458
1593426533167|1593426533167|4242542673597790|4242542674448820|GET|/user/459
1593426533178|1593426533178|4242542712432140|4242542713156292|GET|/user/460
1593426533188|1593426533188|4242542749129826|4242542749852796|GET|/user/461
1593426533198|1593426533198|4242542786347398|4242542787054068|GET|/user/462
1593426533209|1593426533209|4242542825011244|4242542826000036|GET|/user/463
1593426533220|1593426533220|4242542863805738|4242542864533186|GET|/user/464
1593426533232|1593426533233|4242542909339768|4242542910125474|GET|/user/465
1593426533243|1593426533244|4242542949515110|4242542950208610|GET|/user/466
1593426533254|1593426533254|4242542986071602|4242542986787896|GET|/user/467
1593426533264|1593426533264|4242543023685802|4242543024583362|GET|/user/468
1593426533275|1593426533275|4242543063621904|4242543064371364|GET|/user/469
1593426533286|1593426533286|4242543101824896|4242543102531336|GET|/user/470
1593426533297|1593426533297|4242543142340226|4242543143086300|GET|/user/471
1593426533308|1593426533308|4242543180550350|4242543181261992|GET|/user/472
1593426533318|1593426533319|4242543219108588|4242543219793176|GET|/user/473
1593426533329|1593426533329|4242543255853104|4242543256764484|GET|/user/474
1593426533339|1593426533339|4242543294096044|4242543294788278|GET|/user/475
1593426533350|1593426533350|4242543333762296|4242543334489712|GET|/user/476
1593426533361|1593426533361|4242543373637620|4242543374331524|GET|/user/477
1593426533372|1593426533372|4242543412465708|4242543413253518|GET|/user/478
1593426533383|1593426533383|4242543451095746|4242543451797614|GET|/user/479
1593426533393|1593426533393|4242543488550976|4242543489249644|GET|/user/480
1593426533405|1593426533405|4242543529930582|4242543530636676|GET|/user/481
1593426533416|1593426533417|4242543572285948|4242543573120948|GET|/user/482
1593426533436|1593426533437|4242543643595286|4242543644592738|GET|/user/483
1593426533451|1593426533451|4242543696653388|4242543697409766|GET|/user/484
1593426533465|1593426533465|4242543745640492|4242543746342690|GET|/user/485
1593426533475|1593426533475|4242543782980396|4242543783823250|GET|/user/486
1593426533487|1593426533487|4242543824606148|4242543825386872|GET|/user/487
1593426533499|1593426533499|4242543867714838|4242543868418734|GET|/user/488
1593426533509|1593426533510|4242543907171360|4242543907975622|GET|/user/489
1593426533521|1593426533521|4242543949167398|4242543949933312|GET|/user/490
1593426533532|1593426533532|4242543987144580|4242543988157750|GET|/user/491
1593426533543|1593426533543|4242544027439966|4242544028403772|GET|/user/492
1593426533554|1593426533554|4242544065772060|4242544066589512|GET|/user/493
1593426533564|1593426533564|4242544102914138|4242544103794140|GET|/user/494
1593426533575|1593426533575|4242544141919448|4242544143309226|GET|/user/495
1593426533586|1593426533586|4242544181140156|4242544181947446|GET|/user/496
1593426533597|1593426533597|4242544221479528|4242544222491846|GET|/user/497
1593426533607|1593426533608|4242544259884740|4242544260588554|GET|/user/498
1593426533618|1593426533618|4242544298408700|4242544299128714|GET|/user/499
1593426556568|1593426556576|4242626926590224|4242626953722192|GET|/user
