1593643969232|1593643969249|5025330837249994|5025330899646834|GET|/user         17
1593643969293|1593643969293|5025331058961254|5025331059751718|GET|/user/1       0
1593643969305|1593643969305|5025331100113288|5025331100982416|GET|/user/9999    0
1593643969315|1593643969315|5025331138331314|5025331139090530|GET|/user/        0
1593643969325|1593643969477|5025331175105584|5025331722218944|POST|/user        152
1593643969488|1593643969488|5025331760403926|5025331760656214|GET|/usr          0
-------- //ahora viene sin rdtsc
1593644364954|1593644364972|0|0|GET|/user       18
1593644364993|1593644364994|0|0|GET|/user/1     1
1593644365005|1593644365005|0|0|GET|/user/9999  0
1593644365016|1593644365016|0|0|GET|/user/      0
1593644365027|1593644365120|0|0|POST|/user      93
1593644365131|1593644365131|0|0|GET|/usr        0
//prueba2:igual
1593644569247|1593644569261|0|0|GET|/user       14
1593644569305|1593644569305|0|0|GET|/user/1     0
1593644569315|1593644569316|0|0|GET|/user/9999  1
1593644569326|1593644569326|0|0|GET|/user/      0
1593644569337|1593644569486|0|0|POST|/user      149
1593644569497|1593644569497|0|0|GET|/usr        
//otro
1593644633261|1593644633275|0|0|GET|/user       14
1593644633316|1593644633316|0|0|GET|/user/1     0
1593644633326|1593644633327|0|0|GET|/user/9999  1
1593644633337|1593644633337|0|0|GET|/user/      0
1593644633349|1593644633405|0|0|POST|/user      56
1593644633415|1593644633415|0|0|GET|/usr        0
//otro base limpia:
1593644717794|1593644717811|0|0|GET|/user       17
1593644717847|1593644717847|0|0|GET|/user/1     0
1593644717858|1593644717858|0|0|GET|/user/9999  0
1593644717869|1593644717870|0|0|GET|/user/      1
1593644717880|1593644717936|0|0|POST|/user      56
1593644717946|1593644717946|0|0|GET|/usr        0
//+1
1593644735682|1593644735697|0|0|GET|/user       15
1593644735743|1593644735743|0|0|GET|/user/1     0
1593644735753|1593644735754|0|0|GET|/user/9999  1
1593644735764|1593644735764|0|0|GET|/user/      0
1593644735775|1593644735868|0|0|POST|/user      93
1593644735878|1593644735878|0|0|GET|/usr        0
//+1
1593644747513|1593644747528|0|0|GET|/user       15
1593644747574|1593644747574|0|0|GET|/user/1     0
1593644747586|1593644747587|0|0|GET|/user/9999  1
1593644747598|1593644747598|0|0|GET|/user/      0
1593644747609|1593644747689|0|0|POST|/user      80
1593644747699|1593644747699|0|0|GET|/usr        0

//script1:

1593644882990|1593644883049|0|0|POST|/user
1593644883059|1593644883124|0|0|POST|/user
1593644883135|1593644883215|0|0|POST|/user
1593644883226|1593644883299|0|0|POST|/user
1593644883309|1593644883382|0|0|POST|/user
1593644883392|1593644883474|0|0|POST|/user
1593644883487|1593644883574|0|0|POST|/user
1593644883585|1593644883657|0|0|POST|/user
1593644883668|1593644883757|0|0|POST|/user
1593644883768|1593644883832|0|0|POST|/user
1593644883851|1593644883907|0|0|POST|/user
1593644883918|1593644883974|0|0|POST|/user
1593644883986|1593644884041|0|0|POST|/user
1593644884051|1593644884152|0|0|POST|/user
1593644884163|1593644884224|0|0|POST|/user
1593644884236|1593644884316|0|0|POST|/user
1593644884327|1593644884383|0|0|POST|/user
1593644884393|1593644884458|0|0|POST|/user
1593644884469|1593644884541|0|0|POST|/user
1593644884551|1593644884666|0|0|POST|/user
1593644884676|1593644884758|0|0|POST|/user
1593644884768|1593644884849|0|0|POST|/user
1593644884860|1593644884941|0|0|POST|/user
1593644884953|1593644885025|0|0|POST|/user
1593644885035|1593644885116|0|0|POST|/user
1593644885127|1593644885230|0|0|POST|/user
1593644885240|1593644885350|0|0|POST|/user
1593644885360|1593644885441|0|0|POST|/user
1593644885452|1593644885525|0|0|POST|/user
1593644885535|1593644885625|0|0|POST|/user
1593644885635|1593644885733|0|0|POST|/user
1593644885744|1593644885865|0|0|POST|/user
1593644885875|1593644885952|0|0|POST|/user
1593644885962|1593644886058|0|0|POST|/user
1593644886069|1593644886386|0|0|POST|/user
1593644886397|1593644886555|0|0|POST|/user
1593644886566|1593644886647|0|0|POST|/user
1593644886657|1593644886725|0|0|POST|/user
1593644886736|1593644886801|0|0|POST|/user
1593644886812|1593644886875|0|0|POST|/user
1593644886885|1593644886959|0|0|POST|/user
1593644886969|1593644887042|0|0|POST|/user
1593644887052|1593644887134|0|0|POST|/user
1593644887144|1593644887259|0|0|POST|/user
1593644887269|1593644887384|0|0|POST|/user
1593644887394|1593644887451|0|0|POST|/user
1593644887461|1593644887526|0|0|POST|/user
1593644887536|1593644887601|0|0|POST|/user
1593644887612|1593644887667|0|0|POST|/user
1593644887678|1593644887776|0|0|POST|/user
1593644887786|1593644887842|0|0|POST|/user
1593644887853|1593644888017|0|0|POST|/user
1593644888028|1593644888101|0|0|POST|/user
1593644888112|1593644888209|0|0|POST|/user
1593644888220|1593644888326|0|0|POST|/user
1593644888336|1593644888443|0|0|POST|/user
1593644888453|1593644888523|0|0|POST|/user
1593644888533|1593644888618|0|0|POST|/user
1593644888628|1593644888756|0|0|POST|/user
1593644888766|1593644888834|0|0|POST|/user
1593644888845|1593644888931|0|0|POST|/user
1593644888941|1593644889014|0|0|POST|/user
1593644889025|1593644889114|0|0|POST|/user
1593644889125|1593644889215|0|0|POST|/user
1593644889225|1593644889301|0|0|POST|/user
1593644889312|1593644889418|0|0|POST|/user
1593644889429|1593644889515|0|0|POST|/user
1593644889525|1593644889631|0|0|POST|/user
1593644889642|1593644889701|0|0|POST|/user
1593644889712|1593644889768|0|0|POST|/user
1593644889778|1593644889852|0|0|POST|/user
1593644889862|1593644889968|0|0|POST|/user
1593644889979|1593644890048|0|0|POST|/user
1593644890058|1593644890123|0|0|POST|/user
1593644890134|1593644890223|0|0|POST|/user
1593644890236|1593644890302|0|0|POST|/user
1593644890312|1593644890448|0|0|POST|/user
1593644890459|1593644890573|0|0|POST|/user
1593644890584|1593644890673|0|0|POST|/user
1593644890684|1593644890735|0|0|POST|/user
1593644890745|1593644890802|0|0|POST|/user
1593644890812|1593644890869|0|0|POST|/user
1593644890879|1593644890977|0|0|POST|/user
1593644890987|1593644891074|0|0|POST|/user
1593644891084|1593644891152|0|0|POST|/user
1593644891162|1593644891249|0|0|POST|/user
1593644891260|1593644891382|0|0|POST|/user
1593644891392|1593644891469|0|0|POST|/user
1593644891480|1593644891557|0|0|POST|/user
1593644891567|1593644891659|0|0|POST|/user
1593644891670|1593644891727|0|0|POST|/user
1593644891737|1593644891802|0|0|POST|/user
1593644891813|1593644891902|0|0|POST|/user
1593644891913|1593644892024|0|0|POST|/user
1593644892034|1593644892116|0|0|POST|/user
1593644892127|1593644892216|0|0|POST|/user
1593644892226|1593644892307|0|0|POST|/user
1593644892318|1593644892416|0|0|POST|/user
1593644892426|1593644892491|0|0|POST|/user
1593644892501|1593644892582|0|0|POST|/user
1593644892593|1593644892674|0|0|POST|/user
1593644892685|1593644892783|0|0|POST|/user
1593644892794|1593644892911|0|0|POST|/user
1593644892922|1593644892978|0|0|POST|/user
1593644892988|1593644893074|0|0|POST|/user
1593644893088|1593644893191|0|0|POST|/user
1593644893202|1593644893266|0|0|POST|/user
1593644893277|1593644893408|0|0|POST|/user
1593644893418|1593644893534|0|0|POST|/user
1593644893544|1593644893645|0|0|POST|/user
1593644893655|1593644893758|0|0|POST|/user
1593644893768|1593644893870|0|0|POST|/user
1593644893880|1593644894011|0|0|POST|/user
1593644894022|1593644894145|0|0|POST|/user
1593644894156|1593644894283|0|0|POST|/user
1593644894293|1593644894443|0|0|POST|/user
1593644894453|1593644894520|0|0|POST|/user
1593644894530|1593644894637|0|0|POST|/user
1593644894647|1593644894739|0|0|POST|/user
1593644894750|1593644894808|0|0|POST|/user
1593644894822|1593644894950|0|0|POST|/user
1593644894961|1593644895100|0|0|POST|/user
1593644895110|1593644895220|0|0|POST|/user
1593644895231|1593644895300|0|0|POST|/user
1593644895311|1593644895442|0|0|POST|/user
1593644895452|1593644895562|0|0|POST|/user
1593644895573|1593644895695|0|0|POST|/user
1593644895706|1593644895825|0|0|POST|/user
1593644895835|1593644895946|0|0|POST|/user
1593644895956|1593644896067|0|0|POST|/user
1593644896078|1593644896204|0|0|POST|/user
1593644896215|1593644896267|0|0|POST|/user
1593644896278|1593644896346|0|0|POST|/user
1593644896356|1593644896429|0|0|POST|/user
1593644896440|1593644896519|0|0|POST|/user
1593644896533|1593644896637|0|0|POST|/user
1593644896649|1593644896709|0|0|POST|/user
1593644896719|1593644896817|0|0|POST|/user
1593644896828|1593644896909|0|0|POST|/user
1593644896920|1593644897026|0|0|POST|/user
1593644897036|1593644897143|0|0|POST|/user
1593644897153|1593644897209|0|0|POST|/user
1593644897220|1593644897326|0|0|POST|/user
1593644897336|1593644897426|0|0|POST|/user
1593644897437|1593644897518|0|0|POST|/user
1593644897528|1593644897613|0|0|POST|/user
1593644897623|1593644897707|0|0|POST|/user
1593644897718|1593644897796|0|0|POST|/user
1593644897807|1593644897896|0|0|POST|/user
1593644897907|1593644897959|0|0|POST|/user
1593644897970|1593644898063|0|0|POST|/user
1593644898074|1593644898180|0|0|POST|/user
1593644898190|1593644898330|0|0|POST|/user
1593644898341|1593644898435|0|0|POST|/user
1593644898445|1593644898518|0|0|POST|/user
1593644898529|1593644898610|0|0|POST|/user
1593644898622|1593644898697|0|0|POST|/user
1593644898707|1593644898797|0|0|POST|/user
1593644898807|1593644898922|0|0|POST|/user
1593644898932|1593644898993|0|0|POST|/user
1593644899004|1593644899088|0|0|POST|/user
1593644899101|1593644899177|0|0|POST|/user
1593644899187|1593644899277|0|0|POST|/user
1593644899287|1593644899368|0|0|POST|/user
1593644899379|1593644899443|0|0|POST|/user
1593644899457|1593644899557|0|0|POST|/user
1593644899567|1593644899627|0|0|POST|/user
1593644899637|1593644899710|0|0|POST|/user
1593644899721|1593644899832|0|0|POST|/user
1593644899843|1593644899914|0|0|POST|/user
1593644899924|1593644900019|0|0|POST|/user
1593644900030|1593644900127|0|0|POST|/user
1593644900137|1593644900210|0|0|POST|/user
1593644900221|1593644900319|0|0|POST|/user
1593644900329|1593644900397|0|0|POST|/user
1593644900408|1593644900497|0|0|POST|/user
1593644900509|1593644900597|0|0|POST|/user
1593644900608|1593644900722|0|0|POST|/user
1593644900733|1593644900803|0|0|POST|/user
1593644900814|1593644900886|0|0|POST|/user
1593644900896|1593644901031|0|0|POST|/user
1593644901041|1593644901139|0|0|POST|/user
1593644901149|1593644901294|0|0|POST|/user
1593644901306|1593644901427|0|0|POST|/user
1593644901439|1593644901615|0|0|POST|/user
1593644901627|1593644901711|0|0|POST|/user
1593644901723|1593644901806|0|0|POST|/user
1593644901816|1593644901928|0|0|POST|/user
1593644901938|1593644902036|0|0|POST|/user
1593644902047|1593644902178|0|0|POST|/user
1593644902189|1593644902270|0|0|POST|/user
1593644902281|1593644902353|0|0|POST|/user
1593644902363|1593644902486|0|0|POST|/user
1593644902497|1593644902595|0|0|POST|/user
1593644902606|1593644902661|0|0|POST|/user
1593644902672|1593644902745|0|0|POST|/user
1593644902755|1593644902869|0|0|POST|/user
1593644902880|1593644903023|0|0|POST|/user
1593644903035|1593644903123|0|0|POST|/user
1593644903134|1593644903228|0|0|POST|/user
1593644903238|1593644903323|0|0|POST|/user
1593644903334|1593644903395|0|0|POST|/user
1593644903405|1593644903495|0|0|POST|/user
1593644903505|1593644903631|0|0|POST|/user
1593644903641|1593644903728|0|0|POST|/user
1593644903739|1593644903828|0|0|POST|/user
1593644903839|1593644903970|0|0|POST|/user
1593644903981|1593644904053|0|0|POST|/user
1593644904064|1593644904162|0|0|POST|/user
1593644904173|1593644904278|0|0|POST|/user
1593644904290|1593644904407|0|0|POST|/user
1593644904426|1593644904529|0|0|POST|/user
1593644904539|1593644904645|0|0|POST|/user
1593644904659|1593644904745|0|0|POST|/user
1593644904757|1593644904829|0|0|POST|/user
1593644904839|1593644904954|0|0|POST|/user
1593644904964|1593644905037|0|0|POST|/user
1593644905048|1593644905137|0|0|POST|/user
1593644905148|1593644905257|0|0|POST|/user
1593644905268|1593644905408|0|0|POST|/user
1593644905418|1593644905487|0|0|POST|/user
1593644905499|1593644905591|0|0|POST|/user
1593644905601|1593644905723|0|0|POST|/user
1593644905733|1593644905829|0|0|POST|/user
1593644905840|1593644905912|0|0|POST|/user
1593644905923|1593644906008|0|0|POST|/user
1593644906018|1593644906108|0|0|POST|/user
1593644906118|1593644906175|0|0|POST|/user
1593644906186|1593644906288|0|0|POST|/user
1593644906298|1593644906388|0|0|POST|/user
1593644906398|1593644906446|0|0|POST|/user
1593644906456|1593644906566|0|0|POST|/user
1593644906577|1593644906721|0|0|POST|/user
1593644906732|1593644906821|0|0|POST|/user
1593644906832|1593644906891|0|0|POST|/user
1593644906906|1593644906963|0|0|POST|/user
1593644906974|1593644907080|0|0|POST|/user
1593644907090|1593644907146|0|0|POST|/user
1593644907156|1593644907242|0|0|POST|/user
1593644907253|1593644907350|0|0|POST|/user
1593644907360|1593644907488|0|0|POST|/user
1593644907503|1593644907663|0|0|POST|/user
1593644907674|1593644907733|0|0|POST|/user
1593644907744|1593644907842|0|0|POST|/user
1593644907852|1593644907955|0|0|POST|/user
1593644907965|1593644908122|0|0|POST|/user
1593644908132|1593644908213|0|0|POST|/user
1593644908225|1593644908318|0|0|POST|/user
1593644908328|1593644908384|0|0|POST|/user
1593644908394|1593644908492|0|0|POST|/user
1593644908503|1593644908559|0|0|POST|/user
1593644908569|1593644908675|0|0|POST|/user
1593644908689|1593644908776|0|0|POST|/user
1593644908786|1593644908927|0|0|POST|/user
1593644908937|1593644909017|0|0|POST|/user
1593644909028|1593644909147|0|0|POST|/user
1593644909157|1593644909242|0|0|POST|/user
1593644909253|1593644909361|0|0|POST|/user
1593644909371|1593644909442|0|0|POST|/user
1593644909453|1593644909542|0|0|POST|/user
1593644909556|1593644909680|0|0|POST|/user
1593644909690|1593644909775|0|0|POST|/user
1593644909787|1593644909859|0|0|POST|/user
1593644909870|1593644909959|0|0|POST|/user
1593644909971|1593644910134|0|0|POST|/user
1593644910145|1593644910256|0|0|POST|/user
1593644910266|1593644910362|0|0|POST|/user
1593644910380|1593644910443|0|0|POST|/user
1593644910453|1593644910518|0|0|POST|/user
1593644910529|1593644910639|0|0|POST|/user
1593644910650|1593644910701|0|0|POST|/user
1593644910718|1593644910810|0|0|POST|/user
1593644910821|1593644910926|0|0|POST|/user
1593644910937|1593644911039|0|0|POST|/user
1593644911051|1593644911110|0|0|POST|/user
1593644911120|1593644911210|0|0|POST|/user
1593644911220|1593644911293|0|0|POST|/user
1593644911303|1593644911398|0|0|POST|/user
1593644911409|1593644911485|0|0|POST|/user
1593644911495|1593644911587|0|0|POST|/user
1593644911598|1593644911652|0|0|POST|/user
1593644911662|1593644911743|0|0|POST|/user
1593644911754|1593644911810|0|0|POST|/user
1593644911828|1593644911902|0|0|POST|/user
1593644911913|1593644912002|0|0|POST|/user
1593644912012|1593644912060|0|0|POST|/user
1593644912071|1593644912143|0|0|POST|/user
1593644912154|1593644912260|0|0|POST|/user
1593644912270|1593644912390|0|0|POST|/user
1593644912401|1593644912469|0|0|POST|/user
1593644912479|1593644912560|0|0|POST|/user
1593644912570|1593644912652|0|0|POST|/user
1593644912663|1593644912744|0|0|POST|/user
1593644912754|1593644912835|0|0|POST|/user
1593644912846|1593644912944|0|0|POST|/user
1593644912954|1593644913055|0|0|POST|/user
1593644913065|1593644913127|0|0|POST|/user
1593644913138|1593644913219|0|0|POST|/user
1593644913229|1593644913336|0|0|POST|/user
1593644913348|1593644913419|0|0|POST|/user
1593644913429|1593644913477|0|0|POST|/user
1593644913489|1593644913552|0|0|POST|/user
1593644913563|1593644913619|0|0|POST|/user
1593644913629|1593644913777|0|0|POST|/user
1593644913788|1593644913836|0|0|POST|/user
1593644913846|1593644913944|0|0|POST|/user
1593644913955|1593644914053|0|0|POST|/user
1593644914063|1593644914161|0|0|POST|/user
1593644914172|1593644914277|0|0|POST|/user
1593644914288|1593644914361|0|0|POST|/user
1593644914371|1593644914469|0|0|POST|/user
1593644914480|1593644914578|0|0|POST|/user
1593644914588|1593644914736|0|0|POST|/user
1593644914747|1593644914803|0|0|POST|/user
1593644914814|1593644914928|0|0|POST|/user
1593644914939|1593644915020|0|0|POST|/user
1593644915030|1593644915096|0|0|POST|/user
1593644915107|1593644915192|0|0|POST|/user
1593644915204|1593644915336|0|0|POST|/user
1593644915347|1593644915470|0|0|POST|/user
1593644915480|1593644915608|0|0|POST|/user
1593644915618|1593644915720|0|0|POST|/user
1593644915730|1593644915787|0|0|POST|/user
1593644915797|1593644915891|0|0|POST|/user
1593644915901|1593644915966|0|0|POST|/user
1593644915977|1593644916083|0|0|POST|/user
1593644916094|1593644916198|0|0|POST|/user
1593644916209|1593644916278|0|0|POST|/user
1593644916289|1593644916383|0|0|POST|/user
1593644916394|1593644916450|0|0|POST|/user
1593644916461|1593644916545|0|0|POST|/user
1593644916555|1593644916629|0|0|POST|/user
1593644916639|1593644916695|0|0|POST|/user
1593644916706|1593644916762|0|0|POST|/user
1593644916772|1593644917095|0|0|POST|/user
1593644917106|1593644917158|0|0|POST|/user
1593644917169|1593644917315|0|0|POST|/user
1593644917326|1593644917489|0|0|POST|/user
1593644917499|1593644917559|0|0|POST|/user
1593644917569|1593644917642|0|0|POST|/user
1593644917653|1593644917731|0|0|POST|/user
1593644917741|1593644917812|0|0|POST|/user
1593644917823|1593644917987|0|0|POST|/user
1593644917998|1593644918092|0|0|POST|/user
1593644918102|1593644918162|0|0|POST|/user
1593644918174|1593644918288|0|0|POST|/user
1593644918298|1593644918384|0|0|POST|/user
1593644918395|1593644918463|0|0|POST|/user
1593644918481|1593644918554|0|0|POST|/user
1593644918565|1593644918671|0|0|POST|/user
1593644918682|1593644918776|0|0|POST|/user
1593644918786|1593644918838|0|0|POST|/user
1593644918848|1593644918921|0|0|POST|/user
1593644918931|1593644918984|0|0|POST|/user
1593644918995|1593644919046|0|0|POST|/user
1593644919057|1593644919216|0|0|POST|/user
1593644919227|1593644919296|0|0|POST|/user
1593644919307|1593644919363|0|0|POST|/user
1593644919374|1593644919430|0|0|POST|/user
1593644919440|1593644919568|0|0|POST|/user
1593644919578|1593644919714|0|0|POST|/user
1593644919725|1593644919793|0|0|POST|/user
1593644919804|1593644919884|0|0|POST|/user
1593644919895|1593644920000|0|0|POST|/user
1593644920011|1593644920085|0|0|POST|/user
1593644920095|1593644920185|0|0|POST|/user
1593644920195|1593644920251|0|0|POST|/user
1593644920262|1593644920343|0|0|POST|/user
1593644920354|1593644920518|0|0|POST|/user
1593644920538|1593644920618|0|0|POST|/user
1593644920629|1593644920705|0|0|POST|/user
1593644920716|1593644920805|0|0|POST|/user
1593644920815|1593644920872|0|0|POST|/user
1593644920882|1593644920985|0|0|POST|/user
1593644920995|1593644921149|0|0|POST|/user
1593644921159|1593644921218|0|0|POST|/user
1593644921230|1593644921339|0|0|POST|/user
1593644921350|1593644921418|0|0|POST|/user
1593644921429|1593644921535|0|0|POST|/user
1593644921546|1593644921602|0|0|POST|/user
1593644921612|1593644921714|0|0|POST|/user
1593644921724|1593644921818|0|0|POST|/user
1593644921829|1593644921937|0|0|POST|/user
1593644921948|1593644922122|0|0|POST|/user
1593644922133|1593644922202|0|0|POST|/user
1593644922212|1593644922314|0|0|POST|/user
1593644922325|1593644922414|0|0|POST|/user
1593644922425|1593644922494|0|0|POST|/user
1593644922504|1593644922602|0|0|POST|/user
1593644922612|1593644922736|0|0|POST|/user
1593644922746|1593644922852|0|0|POST|/user
1593644922863|1593644922986|0|0|POST|/user
1593644922996|1593644923052|0|0|POST|/user
1593644923063|1593644923198|0|0|POST|/user
1593644923208|1593644923311|0|0|POST|/user
1593644923322|1593644923419|0|0|POST|/user
1593644923430|1593644923527|0|0|POST|/user
1593644923538|1593644923653|0|0|POST|/user
1593644923663|1593644923761|0|0|POST|/user
1593644923772|1593644923903|0|0|POST|/user
1593644923913|1593644923969|0|0|POST|/user
1593644923980|1593644924119|0|0|POST|/user
1593644924130|1593644924219|0|0|POST|/user
1593644924231|1593644924303|0|0|POST|/user
1593644924313|1593644924642|0|0|POST|/user
1593644924656|1593644924761|0|0|POST|/user
1593644924772|1593644924870|0|0|POST|/user
1593644924880|1593644924954|0|0|POST|/user
1593644924964|1593644925103|0|0|POST|/user
1593644925113|1593644925220|0|0|POST|/user
1593644925230|1593644925286|0|0|POST|/user
1593644925297|1593644925453|0|0|POST|/user
1593644925464|1593644925555|0|0|POST|/user
1593644925566|1593644925620|0|0|POST|/user
1593644925630|1593644925720|0|0|POST|/user
1593644925731|1593644925831|0|0|POST|/user
1593644925841|1593644925912|0|0|POST|/user
1593644925922|1593644926003|0|0|POST|/user
1593644926014|1593644926078|0|0|POST|/user
1593644926089|1593644926195|0|0|POST|/user
1593644926206|1593644926337|0|0|POST|/user
1593644926347|1593644926470|0|0|POST|/user
1593644926480|1593644926570|0|0|POST|/user
1593644926581|1593644926637|0|0|POST|/user
1593644926647|1593644926720|0|0|POST|/user
1593644926731|1593644926812|0|0|POST|/user
1593644926822|1593644926895|0|0|POST|/user
1593644926906|1593644927029|0|0|POST|/user
1593644927040|1593644927112|0|0|POST|/user
1593644927123|1593644927179|0|0|POST|/user
1593644927189|1593644927287|0|0|POST|/user
1593644927298|1593644927404|0|0|POST|/user
1593644927414|1593644927496|0|0|POST|/user
1593644927506|1593644927579|0|0|POST|/user
1593644927589|1593644927696|0|0|POST|/user
1593644927707|1593644927821|0|0|POST|/user
1593644927832|1593644927904|0|0|POST|/user
1593644927915|1593644928013|0|0|POST|/user
1593644928024|1593644928138|0|0|POST|/user
1593644928154|1593644928208|0|0|POST|/user
1593644928218|1593644928321|0|0|POST|/user
1593644928331|1593644928404|0|0|POST|/user
1593644928415|1593644928471|0|0|POST|/user
1593644928482|1593644928538|0|0|POST|/user
1593644928548|1593644928621|0|0|POST|/user
1593644928631|1593644928713|0|0|POST|/user
1593644928723|1593644928838|0|0|POST|/user
1593644928849|1593644928925|0|0|POST|/user
1593644928936|1593644929055|0|0|POST|/user
1593644929065|1593644929163|0|0|POST|/user
1593644929174|1593644929294|0|0|POST|/user
1593644929304|1593644929453|0|0|POST|/user
1593644929464|1593644929713|0|0|POST|/user
1593644929724|1593644929825|0|0|POST|/user
1593644929837|1593644929930|0|0|POST|/user
1593644929941|1593644929997|0|0|POST|/user
1593644930007|1593644930084|0|0|POST|/user
1593644930094|1593644930164|0|0|POST|/user
1593644930175|1593644930323|0|0|POST|/user
1593644930335|1593644930405|0|0|POST|/user
1593644930416|1593644930526|0|0|POST|/user
1593644930544|1593644930630|0|0|POST|/user
1593644930640|1593644930730|0|0|POST|/user
1593644930741|1593644930814|0|0|POST|/user
1593644930826|1593644930917|0|0|POST|/user
1593644930929|1593644931039|0|0|POST|/user
1593644931049|1593644931167|0|0|POST|/user
1593644931178|1593644931272|0|0|POST|/user
1593644931283|1593644931339|0|0|POST|/user
1593644931349|1593644931502|0|0|POST|/user
1593644931513|1593644931606|0|0|POST|/user
1593644931616|1593644931714|0|0|POST|/user
1593644931725|1593644931831|0|0|POST|/user
1593644931841|1593644931956|0|0|POST|/user
1593644931966|1593644932051|0|0|POST|/user
1593644932062|1593644932160|0|0|POST|/user
1593644932170|1593644932331|0|0|POST|/user
1593644932341|1593644932414|0|0|POST|/user
1593644932425|1593644932514|0|0|POST|/user
1593644932525|1593644932614|0|0|POST|/user
1593644932627|1593644932685|0|0|POST|/user
1593644932695|1593644932760|0|0|POST|/user
1593644932770|1593644932868|0|0|POST|/user
1593644932888|1593644932981|0|0|POST|/user
1593644932991|1593644933106|0|0|POST|/user
1593644933117|1593644933193|0|0|POST|/user
1593644933204|1593644933302|0|0|POST|/user
1593644933312|1593644933368|0|0|POST|/user
1593644933381|1593644933501|0|0|POST|/user
1593644933512|1593644933644|0|0|POST|/user
1593644933655|1593644933798|0|0|POST|/user
1593644933817|1593644933958|0|0|POST|/user
1593644933970|1593644934027|0|0|POST|/user
1593644934037|1593644934165|0|0|POST|/user
1593644934175|1593644934235|0|0|POST|/user
1593644934246|1593644934315|0|0|POST|/user
1593644934325|1593644934402|0|0|POST|/user
1593644934413|1593644934532|0|0|POST|/user
1593644934542|1593644934602|0|0|POST|/user
1593644934612|1593644934685|0|0|POST|/user
1593644934696|1593644934697|0|0|GET|/user/0
1593644934707|1593644934707|0|0|GET|/user/1
1593644934717|1593644934717|0|0|GET|/user/2
1593644934728|1593644934728|0|0|GET|/user/3
1593644934739|1593644934739|0|0|GET|/user/4
1593644934749|1593644934750|0|0|GET|/user/5
1593644934761|1593644934762|0|0|GET|/user/6
1593644934772|1593644934772|0|0|GET|/user/7
1593644934784|1593644934785|0|0|GET|/user/8
1593644934796|1593644934796|0|0|GET|/user/9
1593644934806|1593644934806|0|0|GET|/user/10
1593644934817|1593644934817|0|0|GET|/user/11
1593644934828|1593644934828|0|0|GET|/user/12
1593644934840|1593644934840|0|0|GET|/user/13
1593644934850|1593644934850|0|0|GET|/user/14
1593644934861|1593644934861|0|0|GET|/user/15
1593644934872|1593644934872|0|0|GET|/user/16
1593644934883|1593644934883|0|0|GET|/user/17
1593644934896|1593644934896|0|0|GET|/user/18
1593644934907|1593644934907|0|0|GET|/user/19
1593644934917|1593644934917|0|0|GET|/user/20
1593644934929|1593644934929|0|0|GET|/user/21
1593644934939|1593644934939|0|0|GET|/user/22
1593644934949|1593644934950|0|0|GET|/user/23
1593644934960|1593644934961|0|0|GET|/user/24
1593644934971|1593644934971|0|0|GET|/user/25
1593644934982|1593644934982|0|0|GET|/user/26
1593644934993|1593644934994|0|0|GET|/user/27
1593644935004|1593644935005|0|0|GET|/user/28
1593644935015|1593644935016|0|0|GET|/user/29
1593644935027|1593644935027|0|0|GET|/user/30
1593644935037|1593644935037|0|0|GET|/user/31
1593644935048|1593644935048|0|0|GET|/user/32
1593644935059|1593644935060|0|0|GET|/user/33
1593644935070|1593644935070|0|0|GET|/user/34
1593644935083|1593644935083|0|0|GET|/user/35
1593644935094|1593644935094|0|0|GET|/user/36
1593644935105|1593644935105|0|0|GET|/user/37
1593644935116|1593644935116|0|0|GET|/user/38
1593644935127|1593644935127|0|0|GET|/user/39
1593644935138|1593644935138|0|0|GET|/user/40
1593644935151|1593644935151|0|0|GET|/user/41
1593644935162|1593644935162|0|0|GET|/user/42
1593644935173|1593644935173|0|0|GET|/user/43
1593644935183|1593644935184|0|0|GET|/user/44
1593644935194|1593644935194|0|0|GET|/user/45
1593644935205|1593644935205|0|0|GET|/user/46
1593644935216|1593644935216|0|0|GET|/user/47
1593644935233|1593644935233|0|0|GET|/user/48
1593644935245|1593644935245|0|0|GET|/user/49
1593644935256|1593644935256|0|0|GET|/user/50
1593644935266|1593644935267|0|0|GET|/user/51
1593644935278|1593644935278|0|0|GET|/user/52
1593644935288|1593644935288|0|0|GET|/user/53
1593644935299|1593644935299|0|0|GET|/user/54
1593644935309|1593644935309|0|0|GET|/user/55
1593644935321|1593644935321|0|0|GET|/user/56
1593644935332|1593644935333|0|0|GET|/user/57
1593644935344|1593644935344|0|0|GET|/user/58
1593644935354|1593644935354|0|0|GET|/user/59
1593644935366|1593644935366|0|0|GET|/user/60
1593644935380|1593644935380|0|0|GET|/user/61
1593644935391|1593644935391|0|0|GET|/user/62
1593644935401|1593644935402|0|0|GET|/user/63
1593644935413|1593644935414|0|0|GET|/user/64
1593644935426|1593644935426|0|0|GET|/user/65
1593644935436|1593644935437|0|0|GET|/user/66
1593644935448|1593644935448|0|0|GET|/user/67
1593644935459|1593644935459|0|0|GET|/user/68
1593644935470|1593644935471|0|0|GET|/user/69
1593644935481|1593644935482|0|0|GET|/user/70
1593644935494|1593644935494|0|0|GET|/user/71
1593644935504|1593644935505|0|0|GET|/user/72
1593644935516|1593644935516|0|0|GET|/user/73
1593644935527|1593644935527|0|0|GET|/user/74
1593644935537|1593644935538|0|0|GET|/user/75
1593644935548|1593644935549|0|0|GET|/user/76
1593644935559|1593644935559|0|0|GET|/user/77
1593644935569|1593644935569|0|0|GET|/user/78
1593644935581|1593644935581|0|0|GET|/user/79
1593644935591|1593644935592|0|0|GET|/user/80
1593644935602|1593644935602|0|0|GET|/user/81
1593644935614|1593644935614|0|0|GET|/user/82
1593644935625|1593644935625|0|0|GET|/user/83
1593644935635|1593644935636|0|0|GET|/user/84
1593644935647|1593644935647|0|0|GET|/user/85
1593644935658|1593644935658|0|0|GET|/user/86
1593644935669|1593644935669|0|0|GET|/user/87
1593644935679|1593644935680|0|0|GET|/user/88
1593644935690|1593644935690|0|0|GET|/user/89
1593644935701|1593644935701|0|0|GET|/user/90
1593644935711|1593644935711|0|0|GET|/user/91
1593644935722|1593644935722|0|0|GET|/user/92
1593644935732|1593644935732|0|0|GET|/user/93
1593644935743|1593644935744|0|0|GET|/user/94
1593644935754|1593644935754|0|0|GET|/user/95
1593644935765|1593644935765|0|0|GET|/user/96
1593644935776|1593644935776|0|0|GET|/user/97
1593644935786|1593644935786|0|0|GET|/user/98
1593644935798|1593644935798|0|0|GET|/user/99
1593644935808|1593644935809|0|0|GET|/user/100
1593644935819|1593644935819|0|0|GET|/user/101
1593644935829|1593644935830|0|0|GET|/user/102
1593644935840|1593644935840|0|0|GET|/user/103
1593644935850|1593644935851|0|0|GET|/user/104
1593644935862|1593644935862|0|0|GET|/user/105
1593644935873|1593644935873|0|0|GET|/user/106
1593644935883|1593644935883|0|0|GET|/user/107
1593644935894|1593644935894|0|0|GET|/user/108
1593644935904|1593644935904|0|0|GET|/user/109
1593644935915|1593644935915|0|0|GET|/user/110
1593644935926|1593644935926|0|0|GET|/user/111
1593644935936|1593644935937|0|0|GET|/user/112
1593644935948|1593644935948|0|0|GET|/user/113
1593644935958|1593644935958|0|0|GET|/user/114
1593644935969|1593644935969|0|0|GET|/user/115
1593644935980|1593644935980|0|0|GET|/user/116
1593644935990|1593644935990|0|0|GET|/user/117
1593644936000|1593644936001|0|0|GET|/user/118
1593644936012|1593644936012|0|0|GET|/user/119
1593644936023|1593644936023|0|0|GET|/user/120
1593644936033|1593644936034|0|0|GET|/user/121
1593644936045|1593644936045|0|0|GET|/user/122
1593644936056|1593644936056|0|0|GET|/user/123
1593644936066|1593644936067|0|0|GET|/user/124
1593644936077|1593644936078|0|0|GET|/user/125
1593644936088|1593644936088|0|0|GET|/user/126
1593644936098|1593644936099|0|0|GET|/user/127
1593644936110|1593644936110|0|0|GET|/user/128
1593644936121|1593644936121|0|0|GET|/user/129
1593644936132|1593644936132|0|0|GET|/user/130
1593644936144|1593644936144|0|0|GET|/user/131
1593644936155|1593644936155|0|0|GET|/user/132
1593644936166|1593644936166|0|0|GET|/user/133
1593644936177|1593644936177|0|0|GET|/user/134
1593644936187|1593644936187|0|0|GET|/user/135
1593644936198|1593644936199|0|0|GET|/user/136
1593644936209|1593644936209|0|0|GET|/user/137
1593644936220|1593644936221|0|0|GET|/user/138
1593644936233|1593644936233|0|0|GET|/user/139
1593644936244|1593644936245|0|0|GET|/user/140
1593644936255|1593644936255|0|0|GET|/user/141
1593644936266|1593644936266|0|0|GET|/user/142
1593644936277|1593644936277|0|0|GET|/user/143
1593644936288|1593644936288|0|0|GET|/user/144
1593644936299|1593644936300|0|0|GET|/user/145
1593644936310|1593644936310|0|0|GET|/user/146
1593644936321|1593644936321|0|0|GET|/user/147
1593644936332|1593644936332|0|0|GET|/user/148
1593644936342|1593644936342|0|0|GET|/user/149
1593644936352|1593644936353|0|0|GET|/user/150
1593644936363|1593644936364|0|0|GET|/user/151
1593644936374|1593644936374|0|0|GET|/user/152
1593644936385|1593644936385|0|0|GET|/user/153
1593644936396|1593644936396|0|0|GET|/user/154
1593644936407|1593644936407|0|0|GET|/user/155
1593644936418|1593644936418|0|0|GET|/user/156
1593644936428|1593644936429|0|0|GET|/user/157
1593644936439|1593644936439|0|0|GET|/user/158
1593644936449|1593644936450|0|0|GET|/user/159
1593644936461|1593644936461|0|0|GET|/user/160
1593644936471|1593644936471|0|0|GET|/user/161
1593644936482|1593644936482|0|0|GET|/user/162
1593644936493|1593644936494|0|0|GET|/user/163
1593644936504|1593644936504|0|0|GET|/user/164
1593644936515|1593644936516|0|0|GET|/user/165
1593644936526|1593644936526|0|0|GET|/user/166
1593644936538|1593644936538|0|0|GET|/user/167
1593644936549|1593644936549|0|0|GET|/user/168
1593644936559|1593644936560|0|0|GET|/user/169
1593644936571|1593644936571|0|0|GET|/user/170
1593644936582|1593644936582|0|0|GET|/user/171
1593644936593|1593644936594|0|0|GET|/user/172
1593644936604|1593644936604|0|0|GET|/user/173
1593644936615|1593644936615|0|0|GET|/user/174
1593644936630|1593644936630|0|0|GET|/user/175
1593644936640|1593644936641|0|0|GET|/user/176
1593644936651|1593644936651|0|0|GET|/user/177
1593644936663|1593644936663|0|0|GET|/user/178
1593644936674|1593644936674|0|0|GET|/user/179
1593644936684|1593644936684|0|0|GET|/user/180
1593644936695|1593644936696|0|0|GET|/user/181
1593644936706|1593644936706|0|0|GET|/user/182
1593644936717|1593644936717|0|0|GET|/user/183
1593644936728|1593644936728|0|0|GET|/user/184
1593644936739|1593644936739|0|0|GET|/user/185
1593644936749|1593644936749|0|0|GET|/user/186
1593644936763|1593644936763|0|0|GET|/user/187
1593644936774|1593644936774|0|0|GET|/user/188
1593644936784|1593644936785|0|0|GET|/user/189
1593644936796|1593644936796|0|0|GET|/user/190
1593644936806|1593644936807|0|0|GET|/user/191
1593644936817|1593644936817|0|0|GET|/user/192
1593644936827|1593644936827|0|0|GET|/user/193
1593644936837|1593644936838|0|0|GET|/user/194
1593644936849|1593644936849|0|0|GET|/user/195
1593644936860|1593644936860|0|0|GET|/user/196
1593644936872|1593644936872|0|0|GET|/user/197
1593644936882|1593644936883|0|0|GET|/user/198
1593644936894|1593644936894|0|0|GET|/user/199
1593644936904|1593644936904|0|0|GET|/user/200
1593644936916|1593644936916|0|0|GET|/user/201
1593644936926|1593644936927|0|0|GET|/user/202
1593644936938|1593644936938|0|0|GET|/user/203
1593644936948|1593644936948|0|0|GET|/user/204
1593644936959|1593644936959|0|0|GET|/user/205
1593644936969|1593644936969|0|0|GET|/user/206
1593644936980|1593644936980|0|0|GET|/user/207
1593644936991|1593644936991|0|0|GET|/user/208
1593644937002|1593644937002|0|0|GET|/user/209
1593644937013|1593644937013|0|0|GET|/user/210
1593644937023|1593644937023|0|0|GET|/user/211
1593644937034|1593644937034|0|0|GET|/user/212
1593644937046|1593644937046|0|0|GET|/user/213
1593644937056|1593644937056|0|0|GET|/user/214
1593644937067|1593644937067|0|0|GET|/user/215
1593644937078|1593644937079|0|0|GET|/user/216
1593644937089|1593644937089|0|0|GET|/user/217
1593644937099|1593644937099|0|0|GET|/user/218
1593644937111|1593644937112|0|0|GET|/user/219
1593644937122|1593644937122|0|0|GET|/user/220
1593644937132|1593644937133|0|0|GET|/user/221
1593644937144|1593644937144|0|0|GET|/user/222
1593644937154|1593644937155|0|0|GET|/user/223
1593644937165|1593644937165|0|0|GET|/user/224
1593644937176|1593644937176|0|0|GET|/user/225
1593644937188|1593644937188|0|0|GET|/user/226
1593644937199|1593644937199|0|0|GET|/user/227
1593644937211|1593644937211|0|0|GET|/user/228
1593644937223|1593644937223|0|0|GET|/user/229
1593644937235|1593644937235|0|0|GET|/user/230
1593644937245|1593644937245|0|0|GET|/user/231
1593644937256|1593644937256|0|0|GET|/user/232
1593644937266|1593644937266|0|0|GET|/user/233
1593644937278|1593644937279|0|0|GET|/user/234
1593644937289|1593644937289|0|0|GET|/user/235
1593644937299|1593644937300|0|0|GET|/user/236
1593644937310|1593644937310|0|0|GET|/user/237
1593644937321|1593644937321|0|0|GET|/user/238
1593644937332|1593644937332|0|0|GET|/user/239
1593644937343|1593644937343|0|0|GET|/user/240
1593644937354|1593644937354|0|0|GET|/user/241
1593644937365|1593644937365|0|0|GET|/user/242
1593644937375|1593644937375|0|0|GET|/user/243
1593644937385|1593644937385|0|0|GET|/user/244
1593644937397|1593644937397|0|0|GET|/user/245
1593644937407|1593644937407|0|0|GET|/user/246
1593644937417|1593644937417|0|0|GET|/user/247
1593644937430|1593644937430|0|0|GET|/user/248
1593644937441|1593644937441|0|0|GET|/user/249
1593644937451|1593644937451|0|0|GET|/user/250
1593644937462|1593644937462|0|0|GET|/user/251
1593644937472|1593644937473|0|0|GET|/user/252
1593644937483|1593644937483|0|0|GET|/user/253
1593644937494|1593644937494|0|0|GET|/user/254
1593644937504|1593644937504|0|0|GET|/user/255
1593644937515|1593644937515|0|0|GET|/user/256
1593644937526|1593644937526|0|0|GET|/user/257
1593644937536|1593644937536|0|0|GET|/user/258
1593644937547|1593644937547|0|0|GET|/user/259
1593644937557|1593644937558|0|0|GET|/user/260
1593644937568|1593644937568|0|0|GET|/user/261
1593644937579|1593644937579|0|0|GET|/user/262
1593644937590|1593644937590|0|0|GET|/user/263
1593644937600|1593644937600|0|0|GET|/user/264
1593644937612|1593644937612|0|0|GET|/user/265
1593644937622|1593644937622|0|0|GET|/user/266
1593644937633|1593644937633|0|0|GET|/user/267
1593644937646|1593644937647|0|0|GET|/user/268
1593644937658|1593644937658|0|0|GET|/user/269
1593644937669|1593644937669|0|0|GET|/user/270
1593644937680|1593644937680|0|0|GET|/user/271
1593644937690|1593644937690|0|0|GET|/user/272
1593644937701|1593644937701|0|0|GET|/user/273
1593644937711|1593644937712|0|0|GET|/user/274
1593644937722|1593644937722|0|0|GET|/user/275
1593644937733|1593644937733|0|0|GET|/user/276
1593644937744|1593644937744|0|0|GET|/user/277
1593644937755|1593644937755|0|0|GET|/user/278
1593644937765|1593644937766|0|0|GET|/user/279
1593644937776|1593644937777|0|0|GET|/user/280
1593644937787|1593644937787|0|0|GET|/user/281
1593644937799|1593644937799|0|0|GET|/user/282
1593644937810|1593644937810|0|0|GET|/user/283
1593644937821|1593644937822|0|0|GET|/user/284
1593644937836|1593644937836|0|0|GET|/user/285
1593644937847|1593644937847|0|0|GET|/user/286
1593644937858|1593644937858|0|0|GET|/user/287
1593644937868|1593644937868|0|0|GET|/user/288
1593644937879|1593644937879|0|0|GET|/user/289
1593644937895|1593644937895|0|0|GET|/user/290
1593644937906|1593644937906|0|0|GET|/user/291
1593644937916|1593644937917|0|0|GET|/user/292
1593644937927|1593644937928|0|0|GET|/user/293
1593644937938|1593644937939|0|0|GET|/user/294
1593644937949|1593644937949|0|0|GET|/user/295
1593644937960|1593644937960|0|0|GET|/user/296
1593644937971|1593644937971|0|0|GET|/user/297
1593644937981|1593644937981|0|0|GET|/user/298
1593644937992|1593644937992|0|0|GET|/user/299
1593644938002|1593644938003|0|0|GET|/user/300
1593644938014|1593644938014|0|0|GET|/user/301
1593644938025|1593644938025|0|0|GET|/user/302
1593644938035|1593644938035|0|0|GET|/user/303
1593644938046|1593644938046|0|0|GET|/user/304
1593644938063|1593644938063|0|0|GET|/user/305
1593644938073|1593644938074|0|0|GET|/user/306
1593644938084|1593644938084|0|0|GET|/user/307
1593644938094|1593644938095|0|0|GET|/user/308
1593644938105|1593644938106|0|0|GET|/user/309
1593644938116|1593644938116|0|0|GET|/user/310
1593644938127|1593644938127|0|0|GET|/user/311
1593644938137|1593644938137|0|0|GET|/user/312
1593644938149|1593644938149|0|0|GET|/user/313
1593644938164|1593644938164|0|0|GET|/user/314
1593644938174|1593644938175|0|0|GET|/user/315
1593644938185|1593644938185|0|0|GET|/user/316
1593644938195|1593644938196|0|0|GET|/user/317
1593644938206|1593644938206|0|0|GET|/user/318
1593644938217|1593644938217|0|0|GET|/user/319
1593644938228|1593644938228|0|0|GET|/user/320
1593644938239|1593644938239|0|0|GET|/user/321
1593644938250|1593644938250|0|0|GET|/user/322
1593644938261|1593644938261|0|0|GET|/user/323
1593644938271|1593644938271|0|0|GET|/user/324
1593644938283|1593644938283|0|0|GET|/user/325
1593644938293|1593644938293|0|0|GET|/user/326
1593644938304|1593644938305|0|0|GET|/user/327
1593644938315|1593644938316|0|0|GET|/user/328
1593644938326|1593644938327|0|0|GET|/user/329
1593644938337|1593644938338|0|0|GET|/user/330
1593644938348|1593644938349|0|0|GET|/user/331
1593644938358|1593644938359|0|0|GET|/user/332
1593644938369|1593644938369|0|0|GET|/user/333
1593644938380|1593644938380|0|0|GET|/user/334
1593644938390|1593644938390|0|0|GET|/user/335
1593644938401|1593644938401|0|0|GET|/user/336
1593644938412|1593644938412|0|0|GET|/user/337
1593644938423|1593644938423|0|0|GET|/user/338
1593644938433|1593644938433|0|0|GET|/user/339
1593644938444|1593644938445|0|0|GET|/user/340
1593644938455|1593644938456|0|0|GET|/user/341
1593644938466|1593644938466|0|0|GET|/user/342
1593644938477|1593644938477|0|0|GET|/user/343
1593644938493|1593644938493|0|0|GET|/user/344
1593644938504|1593644938504|0|0|GET|/user/345
1593644938515|1593644938515|0|0|GET|/user/346
1593644938527|1593644938527|0|0|GET|/user/347
1593644938537|1593644938537|0|0|GET|/user/348
1593644938548|1593644938548|0|0|GET|/user/349
1593644938559|1593644938559|0|0|GET|/user/350
1593644938569|1593644938569|0|0|GET|/user/351
1593644938581|1593644938582|0|0|GET|/user/352
1593644938592|1593644938592|0|0|GET|/user/353
1593644938603|1593644938603|0|0|GET|/user/354
1593644938615|1593644938615|0|0|GET|/user/355
1593644938626|1593644938626|0|0|GET|/user/356
1593644938636|1593644938636|0|0|GET|/user/357
1593644938648|1593644938648|0|0|GET|/user/358
1593644938658|1593644938659|0|0|GET|/user/359
1593644938668|1593644938669|0|0|GET|/user/360
1593644938679|1593644938679|0|0|GET|/user/361
1593644938689|1593644938690|0|0|GET|/user/362
1593644938700|1593644938700|0|0|GET|/user/363
1593644938711|1593644938712|0|0|GET|/user/364
1593644938722|1593644938722|0|0|GET|/user/365
1593644938732|1593644938733|0|0|GET|/user/366
1593644938743|1593644938744|0|0|GET|/user/367
1593644938755|1593644938755|0|0|GET|/user/368
1593644938765|1593644938765|0|0|GET|/user/369
1593644938776|1593644938776|0|0|GET|/user/370
1593644938786|1593644938786|0|0|GET|/user/371
1593644938799|1593644938799|0|0|GET|/user/372
1593644938809|1593644938810|0|0|GET|/user/373
1593644938821|1593644938821|0|0|GET|/user/374
1593644938832|1593644938832|0|0|GET|/user/375
1593644938843|1593644938843|0|0|GET|/user/376
1593644938853|1593644938853|0|0|GET|/user/377
1593644938864|1593644938864|0|0|GET|/user/378
1593644938875|1593644938875|0|0|GET|/user/379
1593644938886|1593644938886|0|0|GET|/user/380
1593644938896|1593644938897|0|0|GET|/user/381
1593644938907|1593644938907|0|0|GET|/user/382
1593644938918|1593644938918|0|0|GET|/user/383
1593644938928|1593644938929|0|0|GET|/user/384
1593644938939|1593644938939|0|0|GET|/user/385
1593644938949|1593644938949|0|0|GET|/user/386
1593644938960|1593644938960|0|0|GET|/user/387
1593644938970|1593644938971|0|0|GET|/user/388
1593644938982|1593644938982|0|0|GET|/user/389
1593644938993|1593644938994|0|0|GET|/user/390
1593644939004|1593644939004|0|0|GET|/user/391
1593644939016|1593644939016|0|0|GET|/user/392
1593644939027|1593644939027|0|0|GET|/user/393
1593644939039|1593644939039|0|0|GET|/user/394
1593644939049|1593644939050|0|0|GET|/user/395
1593644939061|1593644939061|0|0|GET|/user/396
1593644939071|1593644939071|0|0|GET|/user/397
1593644939082|1593644939082|0|0|GET|/user/398
1593644939093|1593644939093|0|0|GET|/user/399
1593644939104|1593644939104|0|0|GET|/user/400
1593644939114|1593644939114|0|0|GET|/user/401
1593644939125|1593644939126|0|0|GET|/user/402
1593644939136|1593644939136|0|0|GET|/user/403
1593644939147|1593644939147|0|0|GET|/user/404
1593644939158|1593644939158|0|0|GET|/user/405
1593644939168|1593644939168|0|0|GET|/user/406
1593644939179|1593644939179|0|0|GET|/user/407
1593644939190|1593644939190|0|0|GET|/user/408
1593644939200|1593644939200|0|0|GET|/user/409
1593644939212|1593644939212|0|0|GET|/user/410
1593644939223|1593644939227|0|0|GET|/user/411
1593644939237|1593644939237|0|0|GET|/user/412
1593644939248|1593644939248|0|0|GET|/user/413
1593644939259|1593644939260|0|0|GET|/user/414
1593644939270|1593644939271|0|0|GET|/user/415
1593644939282|1593644939282|0|0|GET|/user/416
1593644939292|1593644939293|0|0|GET|/user/417
1593644939303|1593644939303|0|0|GET|/user/418
1593644939314|1593644939314|0|0|GET|/user/419
1593644939324|1593644939325|0|0|GET|/user/420
1593644939335|1593644939335|0|0|GET|/user/421
1593644939346|1593644939346|0|0|GET|/user/422
1593644939357|1593644939357|0|0|GET|/user/423
1593644939368|1593644939368|0|0|GET|/user/424
1593644939378|1593644939378|0|0|GET|/user/425
1593644939389|1593644939389|0|0|GET|/user/426
1593644939400|1593644939400|0|0|GET|/user/427
1593644939411|1593644939412|0|0|GET|/user/428
1593644939422|1593644939422|0|0|GET|/user/429
1593644939432|1593644939432|0|0|GET|/user/430
1593644939443|1593644939443|0|0|GET|/user/431
1593644939453|1593644939453|0|0|GET|/user/432
1593644939464|1593644939464|0|0|GET|/user/433
1593644939475|1593644939475|0|0|GET|/user/434
1593644939486|1593644939486|0|0|GET|/user/435
1593644939496|1593644939497|0|0|GET|/user/436
1593644939507|1593644939508|0|0|GET|/user/437
1593644939518|1593644939518|0|0|GET|/user/438
1593644939529|1593644939529|0|0|GET|/user/439
1593644939540|1593644939540|0|0|GET|/user/440
1593644939550|1593644939550|0|0|GET|/user/441
1593644939561|1593644939561|0|0|GET|/user/442
1593644939572|1593644939572|0|0|GET|/user/443
1593644939582|1593644939583|0|0|GET|/user/444
1593644939593|1593644939593|0|0|GET|/user/445
1593644939603|1593644939604|0|0|GET|/user/446
1593644939615|1593644939615|0|0|GET|/user/447
1593644939626|1593644939626|0|0|GET|/user/448
1593644939636|1593644939636|0|0|GET|/user/449
1593644939647|1593644939647|0|0|GET|/user/450
1593644939659|1593644939659|0|0|GET|/user/451
1593644939669|1593644939669|0|0|GET|/user/452
1593644939681|1593644939681|0|0|GET|/user/453
1593644939692|1593644939692|0|0|GET|/user/454
1593644939702|1593644939702|0|0|GET|/user/455
1593644939713|1593644939713|0|0|GET|/user/456
1593644939723|1593644939723|0|0|GET|/user/457
1593644939733|1593644939734|0|0|GET|/user/458
1593644939746|1593644939746|0|0|GET|/user/459
1593644939757|1593644939757|0|0|GET|/user/460
1593644939767|1593644939767|0|0|GET|/user/461
1593644939779|1593644939779|0|0|GET|/user/462
1593644939790|1593644939790|0|0|GET|/user/463
1593644939800|1593644939800|0|0|GET|/user/464
1593644939812|1593644939812|0|0|GET|/user/465
1593644939823|1593644939823|0|0|GET|/user/466
1593644939834|1593644939834|0|0|GET|/user/467
1593644939845|1593644939845|0|0|GET|/user/468
1593644939855|1593644939855|0|0|GET|/user/469
1593644939866|1593644939866|0|0|GET|/user/470
1593644939879|1593644939879|0|0|GET|/user/471
1593644939890|1593644939890|0|0|GET|/user/472
1593644939901|1593644939901|0|0|GET|/user/473
1593644939912|1593644939913|0|0|GET|/user/474
1593644939923|1593644939923|0|0|GET|/user/475
1593644939933|1593644939933|0|0|GET|/user/476
1593644939944|1593644939944|0|0|GET|/user/477
1593644939954|1593644939955|0|0|GET|/user/478
1593644939965|1593644939965|0|0|GET|/user/479
1593644939975|1593644939975|0|0|GET|/user/480
1593644939986|1593644939986|0|0|GET|/user/481
1593644939998|1593644939998|0|0|GET|/user/482
1593644940008|1593644940008|0|0|GET|/user/483
1593644940018|1593644940019|0|0|GET|/user/484
1593644940030|1593644940030|0|0|GET|/user/485
1593644940040|1593644940041|0|0|GET|/user/486
1593644940051|1593644940051|0|0|GET|/user/487
1593644940062|1593644940062|0|0|GET|/user/488
1593644940073|1593644940073|0|0|GET|/user/489
1593644940083|1593644940083|0|0|GET|/user/490
1593644940094|1593644940094|0|0|GET|/user/491
1593644940104|1593644940105|0|0|GET|/user/492
1593644940116|1593644940116|0|0|GET|/user/493
1593644940126|1593644940126|0|0|GET|/user/494
1593644940137|1593644940137|0|0|GET|/user/495
1593644940149|1593644940149|0|0|GET|/user/496
1593644940160|1593644940160|0|0|GET|/user/497
1593644940178|1593644940179|0|0|GET|/user/498
1593644940189|1593644940189|0|0|GET|/user/499
