1593685066768|1593685066790|22|GET|/user
1593685066834|1593685066835|1|GET|/user/1
1593685066845|1593685066845|0|GET|/user/9999
1593685066856|1593685066856|0|GET|/user/
1593685066866|1593685066962|96|POST|/user
1593685066972|1593685066972|0|GET|/usr

1593685069144|1593685069161|17|GET|/user
1593685069200|1593685069200|0|GET|/user/1
1593685069210|1593685069211|1|GET|/user/9999
1593685069222|1593685069222|0|GET|/user/
1593685069240|1593685069321|81|POST|/user
1593685069333|1593685069333|0|GET|/usr

1593685069928|1593685069945|17|GET|/user
1593685070001|1593685070002|1|GET|/user/1
1593685070012|1593685070013|1|GET|/user/9999
1593685070026|1593685070026|0|GET|/user/
1593685070038|1593685070104|66|POST|/user
1593685070114|1593685070114|0|GET|/usr

1593685070640|1593685070658|18|GET|/user
1593685070752|1593685070752|0|GET|/user/1
1593685070762|1593685070762|0|GET|/user/9999
1593685070773|1593685070773|0|GET|/user/
1593685070784|1593685070851|67|POST|/user
1593685070861|1593685070861|0|GET|/usr

1593685071272|1593685071288|16|GET|/user
1593685071350|1593685071351|1|GET|/user/1
1593685071362|1593685071363|1|GET|/user/9999
1593685071373|1593685071373|0|GET|/user/
1593685071384|1593685071476|92|POST|/user
1593685071486|1593685071486|0|GET|/usr

1593685108033|1593685108115|82|POST|/user
1593685108127|1593685108215|88|POST|/user
1593685108227|1593685108315|88|POST|/user
1593685108329|1593685108432|103|POST|/user
1593685108448|1593685108532|84|POST|/user
1593685108542|1593685108611|69|POST|/user
1593685108622|1593685108694|72|POST|/user
1593685108705|1593685108794|89|POST|/user
1593685108806|1593685108874|68|POST|/user
1593685108884|1593685108974|90|POST|/user
1593685108984|1593685109070|86|POST|/user
1593685109080|1593685109153|73|POST|/user
1593685109164|1593685109336|172|POST|/user
1593685109348|1593685109436|88|POST|/user
1593685109447|1593685109567|120|POST|/user
1593685109577|1593685109641|64|POST|/user
1593685109652|1593685109749|97|POST|/user
1593685109760|1593685109853|93|POST|/user
1593685109865|1593685109953|88|POST|/user
1593685109965|1593685110053|88|POST|/user
1593685110064|1593685110166|102|POST|/user
1593685110179|1593685110295|116|POST|/user
1593685110306|1593685110395|89|POST|/user
1593685110408|1593685110495|87|POST|/user
1593685110505|1593685110595|90|POST|/user
1593685110605|1593685110678|73|POST|/user
1593685110690|1593685110787|97|POST|/user
1593685110797|1593685110887|90|POST|/user
1593685110899|1593685110970|71|POST|/user
1593685110981|1593685111070|89|POST|/user
1593685111081|1593685111229|148|POST|/user
1593685111240|1593685111320|80|POST|/user
1593685111331|1593685111467|136|POST|/user
1593685111478|1593685111566|88|POST|/user
1593685111579|1593685111654|75|POST|/user
1593685111664|1593685111737|73|POST|/user
1593685111748|1593685111821|73|POST|/user
1593685111831|1593685111913|82|POST|/user
1593685111924|1593685111979|55|POST|/user
1593685111989|1593685112087|98|POST|/user
1593685112099|1593685112221|122|POST|/user
1593685112233|1593685112329|96|POST|/user
1593685112340|1593685112413|73|POST|/user
1593685112423|1593685112496|73|POST|/user
1593685112507|1593685112563|56|POST|/user
1593685112573|1593685112696|123|POST|/user
1593685112707|1593685112779|72|POST|/user
1593685112790|1593685112863|73|POST|/user
1593685112873|1593685112954|81|POST|/user
1593685112966|1593685113038|72|POST|/user
1593685113050|1593685113121|71|POST|/user
1593685113132|1593685113205|73|POST|/user
1593685113215|1593685113424|209|POST|/user
1593685113434|1593685113505|71|POST|/user
1593685113515|1593685113617|102|POST|/user
1593685113636|1593685113696|60|POST|/user
1593685113709|1593685113788|79|POST|/user
1593685113798|1593685113921|123|POST|/user
1593685113932|1593685114059|127|POST|/user
1593685114069|1593685114155|86|POST|/user
1593685114166|1593685114222|56|POST|/user
1593685114232|1593685114288|56|POST|/user
1593685114299|1593685114355|56|POST|/user
1593685114365|1593685114430|65|POST|/user
1593685114441|1593685114505|64|POST|/user
1593685114516|1593685114630|114|POST|/user
1593685114640|1593685114730|90|POST|/user
1593685114741|1593685114830|89|POST|/user
1593685114840|1593685114914|74|POST|/user
1593685114924|1593685114997|73|POST|/user
1593685115007|1593685115089|82|POST|/user
1593685115099|1593685115197|98|POST|/user
1593685115208|1593685115289|81|POST|/user
1593685115300|1593685115405|105|POST|/user
1593685115416|1593685115505|89|POST|/user
1593685115517|1593685115672|155|POST|/user
1593685115683|1593685115739|56|POST|/user
1593685115751|1593685115839|88|POST|/user
1593685115851|1593685115939|88|POST|/user
1593685115949|1593685116014|65|POST|/user
1593685116024|1593685116106|82|POST|/user
1593685116116|1593685116206|90|POST|/user
1593685116216|1593685116297|81|POST|/user
1593685116309|1593685116414|105|POST|/user
1593685116426|1593685116507|81|POST|/user
1593685116517|1593685116585|68|POST|/user
1593685116597|1593685116731|134|POST|/user
1593685116742|1593685116852|110|POST|/user
1593685116863|1593685116931|68|POST|/user
1593685116941|1593685117027|86|POST|/user
1593685117038|1593685117130|92|POST|/user
1593685117140|1593685117214|74|POST|/user
1593685117227|1593685117336|109|POST|/user
1593685117348|1593685117494|146|POST|/user
1593685117505|1593685117619|114|POST|/user
1593685117629|1593685117752|123|POST|/user
1593685117765|1593685117894|129|POST|/user
1593685117906|1593685118019|113|POST|/user
1593685118030|1593685118147|117|POST|/user
1593685118157|1593685118250|93|POST|/user
1593685118260|1593685118357|97|POST|/user
1593685118368|1593685118482|114|POST|/user
1593685118492|1593685118582|90|POST|/user
1593685118592|1593685118711|119|POST|/user
1593685118722|1593685118836|114|POST|/user
1593685118847|1593685118915|68|POST|/user
1593685118926|1593685119028|102|POST|/user
1593685119038|1593685119149|111|POST|/user
1593685119159|1593685119249|90|POST|/user
1593685119260|1593685119379|119|POST|/user
1593685119390|1593685119474|84|POST|/user
1593685119485|1593685119603|118|POST|/user
1593685119615|1593685119686|71|POST|/user
1593685119697|1593685119782|85|POST|/user
1593685119794|1593685119866|72|POST|/user
1593685119876|1593685119982|106|POST|/user
1593685119993|1593685120103|110|POST|/user
1593685120114|1593685120224|110|POST|/user
1593685120236|1593685120291|55|POST|/user
1593685120303|1593685120445|142|POST|/user
1593685120455|1593685120553|98|POST|/user
1593685120564|1593685120645|81|POST|/user
1593685120655|1593685120737|82|POST|/user
1593685120747|1593685120812|65|POST|/user
1593685120822|1593685120899|77|POST|/user
1593685120911|1593685121001|90|POST|/user
1593685121012|1593685121104|92|POST|/user
1593685121115|1593685121191|76|POST|/user
1593685121201|1593685121303|102|POST|/user
1593685121314|1593685121379|65|POST|/user
1593685121389|1593685121483|94|POST|/user
1593685121493|1593685121616|123|POST|/user
1593685121627|1593685121700|73|POST|/user
1593685121711|1593685121783|72|POST|/user
1593685121794|1593685121887|93|POST|/user
1593685121898|1593685121958|60|POST|/user
1593685121969|1593685122066|97|POST|/user
1593685122077|1593685122175|98|POST|/user
1593685122185|1593685122267|82|POST|/user
1593685122277|1593685122433|156|POST|/user
1593685122452|1593685122525|73|POST|/user
1593685122539|1593685122608|69|POST|/user
1593685122619|1593685122700|81|POST|/user
1593685122710|1593685122767|57|POST|/user
1593685122777|1593685122850|73|POST|/user
1593685122860|1593685122933|73|POST|/user
1593685122944|1593685123017|73|POST|/user
1593685123027|1593685123135|108|POST|/user
1593685123145|1593685123267|122|POST|/user
1593685123278|1593685123371|93|POST|/user
1593685123383|1593685123488|105|POST|/user
1593685123498|1593685123550|52|POST|/user
1593685123562|1593685123621|59|POST|/user
1593685123633|1593685123788|155|POST|/user
1593685123800|1593685123871|71|POST|/user
1593685123882|1593685124005|123|POST|/user
1593685124016|1593685124088|72|POST|/user
1593685124098|1593685124172|74|POST|/user
1593685124182|1593685124263|81|POST|/user
1593685124275|1593685124402|127|POST|/user
1593685124415|1593685124622|207|POST|/user
1593685124633|1593685124705|72|POST|/user
1593685124716|1593685124805|89|POST|/user
1593685124815|1593685124922|107|POST|/user
1593685124933|1593685125047|114|POST|/user
1593685125057|1593685125139|82|POST|/user
1593685125150|1593685125276|126|POST|/user
1593685125287|1593685125364|77|POST|/user
1593685125374|1593685125505|131|POST|/user
1593685125516|1593685125605|89|POST|/user
1593685125616|1593685125705|89|POST|/user
1593685125716|1593685125839|123|POST|/user
1593685125849|1593685125981|132|POST|/user
1593685125992|1593685126072|80|POST|/user
1593685126083|1593685126206|123|POST|/user
1593685126217|1593685126322|105|POST|/user
1593685126333|1593685126448|115|POST|/user
1593685126458|1593685126589|131|POST|/user
1593685126601|1593685126732|131|POST|/user
1593685126743|1593685126798|55|POST|/user
1593685126809|1593685126956|147|POST|/user
1593685126967|1593685127023|56|POST|/user
1593685127033|1593685127153|120|POST|/user
1593685127165|1593685127239|74|POST|/user
1593685127253|1593685127356|103|POST|/user
1593685127366|1593685127483|117|POST|/user
1593685127494|1593685127573|79|POST|/user
1593685127583|1593685127665|82|POST|/user
1593685127675|1593685127785|110|POST|/user
1593685127796|1593685127890|94|POST|/user
1593685127901|1593685128042|141|POST|/user
1593685128053|1593685128123|70|POST|/user
1593685128134|1593685128252|118|POST|/user
1593685128264|1593685128348|84|POST|/user
1593685128359|1593685128474|115|POST|/user
1593685128485|1593685128573|88|POST|/user
1593685128584|1593685128690|106|POST|/user
1593685128700|1593685128811|111|POST|/user
1593685128821|1593685128932|111|POST|/user
1593685128944|1593685129065|121|POST|/user
1593685129076|1593685129190|114|POST|/user
1593685129202|1593685129257|55|POST|/user
1593685129267|1593685129365|98|POST|/user
1593685129375|1593685129486|111|POST|/user
1593685129497|1593685129632|135|POST|/user
1593685129642|1593685129740|98|POST|/user
1593685129752|1593685129824|72|POST|/user
1593685129835|1593685129949|114|POST|/user
1593685129959|1593685130028|69|POST|/user
1593685130039|1593685130107|68|POST|/user
1593685130118|1593685130216|98|POST|/user
1593685130228|1593685130328|100|POST|/user
1593685130339|1593685130613|274|POST|/user
1593685130623|1593685130770|147|POST|/user
1593685130782|1593685130866|84|POST|/user
1593685130877|1593685131012|135|POST|/user
1593685131022|1593685131099|77|POST|/user
1593685131110|1593685131166|56|POST|/user
1593685131176|1593685131266|90|POST|/user
1593685131276|1593685131387|111|POST|/user
1593685131398|1593685131470|72|POST|/user
1593685131482|1593685131574|92|POST|/user
1593685131586|1593685131675|89|POST|/user
1593685131687|1593685131817|130|POST|/user
1593685131829|1593685131891|62|POST|/user
1593685131903|1593685131983|80|POST|/user
1593685131998|1593685132050|52|POST|/user
1593685132063|1593685132187|124|POST|/user
1593685132201|1593685132258|57|POST|/user
1593685132269|1593685132337|68|POST|/user
1593685132348|1593685132437|89|POST|/user
1593685132449|1593685132554|105|POST|/user
1593685132566|1593685132708|142|POST|/user
1593685132719|1593685132787|68|POST|/user
1593685132798|1593685132900|102|POST|/user
1593685132912|1593685132992|80|POST|/user
1593685133002|1593685133129|127|POST|/user
1593685133141|1593685133254|113|POST|/user
1593685133265|1593685133325|60|POST|/user
1593685133336|1593685133425|89|POST|/user
1593685133436|1593685133584|148|POST|/user
1593685133594|1593685133713|119|POST|/user
1593685133723|1593685133816|93|POST|/user
1593685133826|1593685133940|114|POST|/user
1593685133952|1593685134150|198|POST|/user
1593685134161|1593685134230|69|POST|/user
1593685134242|1593685134330|88|POST|/user
1593685134341|1593685134413|72|POST|/user
1593685134423|1593685134534|111|POST|/user
1593685134544|1593685134642|98|POST|/user
1593685134654|1593685134739|85|POST|/user
1593685134750|1593685134821|71|POST|/user
1593685134833|1593685134955|122|POST|/user
1593685134966|1593685135038|72|POST|/user
1593685135048|1593685135172|124|POST|/user
1593685135182|1593685135255|73|POST|/user
1593685135265|1593685135338|73|POST|/user
1593685135349|1593685135418|69|POST|/user
1593685135429|1593685135543|114|POST|/user
1593685135553|1593685135609|56|POST|/user
1593685135620|1593685135723|103|POST|/user
1593685135734|1593685135815|81|POST|/user
1593685135827|1593685135934|107|POST|/user
1593685135945|1593685136026|81|POST|/user
1593685136037|1593685136118|81|POST|/user
1593685136129|1593685136201|72|POST|/user
1593685136212|1593685136326|114|POST|/user
1593685136338|1593685136393|55|POST|/user
1593685136403|1593685136502|99|POST|/user
1593685136513|1593685136568|55|POST|/user
1593685136578|1593685136676|98|POST|/user
1593685136687|1593685136785|98|POST|/user
1593685136796|1593685136906|110|POST|/user
1593685136917|1593685136968|51|POST|/user
1593685136978|1593685137068|90|POST|/user
1593685137079|1593685137152|73|POST|/user
1593685137162|1593685137235|73|POST|/user
1593685137245|1593685137358|113|POST|/user
1593685137369|1593685137435|66|POST|/user
1593685137446|1593685137502|56|POST|/user
1593685137512|1593685137630|118|POST|/user
1593685137641|1593685137725|84|POST|/user
1593685137736|1593685138023|287|POST|/user
1593685138033|1593685138098|65|POST|/user
1593685138109|1593685138210|101|POST|/user
1593685138221|1593685138290|69|POST|/user
1593685138300|1593685138381|81|POST|/user
1593685138392|1593685138498|106|POST|/user
1593685138508|1593685138637|129|POST|/user
1593685138648|1593685138719|71|POST|/user
1593685138729|1593685138798|69|POST|/user
1593685138808|1593685138877|69|POST|/user
1593685138888|1593685138977|89|POST|/user
1593685138988|1593685139052|64|POST|/user
1593685139063|1593685139132|69|POST|/user
1593685139142|1593685139282|140|POST|/user
1593685139292|1593685139400|108|POST|/user
1593685139411|1593685139465|54|POST|/user
1593685139477|1593685139636|159|POST|/user
1593685139647|1593685139720|73|POST|/user
1593685139731|1593685139799|68|POST|/user
1593685139809|1593685139894|85|POST|/user
1593685139905|1593685139978|73|POST|/user
1593685139989|1593685140065|76|POST|/user
1593685140075|1593685140228|153|POST|/user
1593685140240|1593685140361|121|POST|/user
1593685140372|1593685140486|114|POST|/user
1593685140498|1593685140604|106|POST|/user
1593685140614|1593685140695|81|POST|/user
1593685140705|1593685140820|115|POST|/user
1593685140830|1593685140961|131|POST|/user
1593685140972|1593685141082|110|POST|/user
1593685141093|1593685141149|56|POST|/user
1593685141159|1593685141216|57|POST|/user
1593685141226|1593685141312|86|POST|/user
1593685141323|1593685141382|59|POST|/user
1593685141393|1593685141512|119|POST|/user
1593685141522|1593685141600|78|POST|/user
1593685141611|1593685141752|141|POST|/user
1593685141764|1593685141846|82|POST|/user
1593685141857|1593685141945|88|POST|/user
1593685141955|1593685142024|69|POST|/user
1593685142035|1593685142104|69|POST|/user
1593685142114|1593685142170|56|POST|/user
1593685142181|1593685142267|86|POST|/user
1593685142278|1593685142350|72|POST|/user
1593685142360|1593685142483|123|POST|/user
1593685142495|1593685142566|71|POST|/user
1593685142577|1593685142645|68|POST|/user
1593685142656|1593685142741|85|POST|/user
1593685142753|1593685142804|51|POST|/user
1593685142814|1593685142916|102|POST|/user
1593685142927|1593685143021|94|POST|/user
1593685143031|1593685143108|77|POST|/user
1593685143119|1593685143208|89|POST|/user
1593685143219|1593685143300|81|POST|/user
1593685143310|1593685143362|52|POST|/user
1593685143374|1593685143475|101|POST|/user
1593685143487|1593685143587|100|POST|/user
1593685143597|1593685143679|82|POST|/user
1593685143690|1593685143796|106|POST|/user
1593685143807|1593685143888|81|POST|/user
1593685143899|1593685143971|72|POST|/user
1593685143981|1593685144067|86|POST|/user
1593685144077|1593685144167|90|POST|/user
1593685144177|1593685144250|73|POST|/user
1593685144262|1593685144431|169|POST|/user
1593685144442|1593685144500|58|POST|/user
1593685144511|1593685144600|89|POST|/user
1593685144611|1593685144698|87|POST|/user
1593685144708|1593685144784|76|POST|/user
1593685144794|1593685144892|98|POST|/user
1593685144904|1593685145017|113|POST|/user
1593685145028|1593685145096|68|POST|/user
1593685145107|1593685145201|94|POST|/user
1593685145212|1593685145301|89|POST|/user
1593685145312|1593685145457|145|POST|/user
1593685145467|1593685145542|75|POST|/user
1593685145553|1593685145647|94|POST|/user
1593685145657|1593685145735|78|POST|/user
1593685145745|1593685145855|110|POST|/user
1593685145865|1593685145997|132|POST|/user
1593685146008|1593685146080|72|POST|/user
1593685146091|1593685146163|72|POST|/user
1593685146174|1593685146247|73|POST|/user
1593685146259|1593685146330|71|POST|/user
1593685146340|1593685146497|157|POST|/user
1593685146508|1593685146614|106|POST|/user
1593685146624|1593685146730|106|POST|/user
1593685146741|1593685146855|114|POST|/user
1593685146866|1593685146935|69|POST|/user
1593685146945|1593685147022|77|POST|/user
1593685147033|1593685147160|127|POST|/user
1593685147171|1593685147256|85|POST|/user
1593685147266|1593685147379|113|POST|/user
1593685147391|1593685147464|73|POST|/user
1593685147476|1593685147568|92|POST|/user
1593685147580|1593685147689|109|POST|/user
1593685147699|1593685147768|69|POST|/user
1593685147779|1593685147877|98|POST|/user
1593685147887|1593685147960|73|POST|/user
1593685147971|1593685148169|198|POST|/user
1593685148179|1593685148244|65|POST|/user
1593685148254|1593685148348|94|POST|/user
1593685148358|1593685148427|69|POST|/user
1593685148438|1593685148544|106|POST|/user
1593685148555|1593685148644|89|POST|/user
1593685148655|1593685148706|51|POST|/user
1593685148717|1593685148819|102|POST|/user
1593685148829|1593685148935|106|POST|/user
1593685148946|1593685148998|52|POST|/user
1593685149009|1593685149104|95|POST|/user
1593685149115|1593685149240|125|POST|/user
1593685149251|1593685149411|160|POST|/user
1593685149421|1593685149571|150|POST|/user
1593685149583|1593685149673|90|POST|/user
1593685149684|1593685149769|85|POST|/user
1593685149780|1593685149890|110|POST|/user
1593685149901|1593685149986|85|POST|/user
1593685149996|1593685150065|69|POST|/user
1593685150075|1593685150136|61|POST|/user
1593685150147|1593685150198|51|POST|/user
1593685150208|1593685150273|65|POST|/user
1593685150284|1593685150353|69|POST|/user
1593685150363|1593685150444|81|POST|/user
1593685150456|1593685150523|67|POST|/user
1593685150534|1593685150628|94|POST|/user
1593685150638|1593685150728|90|POST|/user
1593685150740|1593685150836|96|POST|/user
1593685150848|1593685150948|100|POST|/user
1593685150959|1593685151020|61|POST|/user
1593685151030|1593685151120|90|POST|/user
1593685151130|1593685151224|94|POST|/user
1593685151235|1593685151353|118|POST|/user
1593685151364|1593685151436|72|POST|/user
1593685151447|1593685151520|73|POST|/user
1593685151531|1593685151645|114|POST|/user
1593685151657|1593685151753|96|POST|/user
1593685151764|1593685151866|102|POST|/user
1593685151876|1593685151937|61|POST|/user
1593685151949|1593685152028|79|POST|/user
1593685152039|1593685152095|56|POST|/user
1593685152107|1593685152187|80|POST|/user
1593685152197|1593685152303|106|POST|/user
1593685152315|1593685152429|114|POST|/user
1593685152439|1593685152541|102|POST|/user
1593685152551|1593685152604|53|POST|/user
1593685152614|1593685152720|106|POST|/user
1593685152731|1593685152837|106|POST|/user
1593685152847|1593685152950|103|POST|/user
1593685152960|1593685153062|102|POST|/user
1593685153073|1593685153221|148|POST|/user
1593685153231|1593685153351|120|POST|/user
1593685153362|1593685153429|67|POST|/user
1593685153439|1593685153554|115|POST|/user
1593685153564|1593685153731|167|POST|/user
1593685153741|1593685153904|163|POST|/user
1593685153916|1593685154021|105|POST|/user
1593685154032|1593685154116|84|POST|/user
1593685154133|1593685154188|55|POST|/user
1593685154199|1593685154329|130|POST|/user
1593685154341|1593685154413|72|POST|/user
1593685154424|1593685154496|72|POST|/user
1593685154507|1593685154571|64|POST|/user
1593685154582|1593685154729|147|POST|/user
1593685154741|1593685154850|109|POST|/user
1593685154861|1593685154913|52|POST|/user
1593685154923|1593685155030|107|POST|/user
1593685155040|1593685155138|98|POST|/user
1593685155150|1593685155205|55|POST|/user
1593685155215|1593685155321|106|POST|/user
1593685155333|1593685155475|142|POST|/user
1593685155485|1593685155588|103|POST|/user
1593685155601|1593685155701|100|POST|/user
1593685155711|1593685155809|98|POST|/user
1593685155821|1593685155897|76|POST|/user
1593685155907|1593685155988|81|POST|/user
1593685155998|1593685156101|103|POST|/user
1593685156112|1593685156180|68|POST|/user
1593685156190|1593685156280|90|POST|/user
1593685156290|1593685156397|107|POST|/user
1593685156407|1593685156509|102|POST|/user
1593685156520|1593685156615|95|POST|/user
1593685156627|1593685156697|70|POST|/user
1593685156708|1593685156814|106|POST|/user
1593685156824|1593685156909|85|POST|/user
1593685156920|1593685156989|69|POST|/user
1593685156999|1593685157105|106|POST|/user
1593685157117|1593685157197|80|POST|/user
1593685157208|1593685157326|118|POST|/user
1593685157334|1593685157473|139|POST|/user
1593685157485|1593685157547|62|POST|/user
1593685157558|1593685157647|89|POST|/user
1593685157658|1593685157714|56|POST|/user
1593685157724|1593685157814|90|POST|/user
1593685157824|1593685157931|107|POST|/user
1593685157941|1593685158047|106|POST|/user
1593685158059|1593685158142|83|POST|/user
1593685158153|1593685158214|61|POST|/user
1593685158227|1593685158331|104|POST|/user
1593685158341|1593685158398|57|POST|/user
1593685158409|1593685158498|89|POST|/user
1593685158508|1593685158598|90|POST|/user
1593685158609|1593685158719|110|POST|/user
1593685158731|1593685158864|133|POST|/user
1593685158875|1593685158994|119|POST|/user
1593685159004|1593685159073|69|POST|/user
1593685159085|1593685159190|105|POST|/user
1593685159201|1593685159331|130|POST|/user
1593685159342|1593685159480|138|POST|/user
1593685159491|1593685159581|90|POST|/user
1593685159592|1593685159690|98|POST|/user
1593685159700|1593685159773|73|POST|/user
1593685159784|1593685159915|131|POST|/user
1593685159925|1593685160032|107|POST|/user
1593685160044|1593685160136|92|POST|/user
1593685160146|1593685160215|69|POST|/user
1593685160226|1593685160323|97|POST|/user
1593685160334|1593685160407|73|POST|/user
1593685160417|1593685160474|57|POST|/user
1593685160484|1593685160485|1|GET|/user/0
1593685160496|1593685160496|0|GET|/user/1
1593685160506|1593685160507|1|GET|/user/2
1593685160519|1593685160520|1|GET|/user/3
1593685160533|1593685160533|0|GET|/user/4
1593685160545|1593685160545|0|GET|/user/5
1593685160556|1593685160556|0|GET|/user/6
1593685160567|1593685160567|0|GET|/user/7
1593685160578|1593685160578|0|GET|/user/8
1593685160589|1593685160589|0|GET|/user/9
1593685160599|1593685160599|0|GET|/user/10
1593685160609|1593685160610|1|GET|/user/11
1593685160620|1593685160620|0|GET|/user/12
1593685160632|1593685160632|0|GET|/user/13
1593685160643|1593685160643|0|GET|/user/14
1593685160654|1593685160654|0|GET|/user/15
1593685160665|1593685160666|1|GET|/user/16
1593685160676|1593685160676|0|GET|/user/17
1593685160686|1593685160687|1|GET|/user/18
1593685160700|1593685160700|0|GET|/user/19
1593685160711|1593685160711|0|GET|/user/20
1593685160722|1593685160723|1|GET|/user/21
1593685160733|1593685160733|0|GET|/user/22
1593685160743|1593685160743|0|GET|/user/23
1593685160757|1593685160757|0|GET|/user/24
1593685160770|1593685160770|0|GET|/user/25
1593685160783|1593685160783|0|GET|/user/26
1593685160793|1593685160793|0|GET|/user/27
1593685160805|1593685160806|1|GET|/user/28
1593685160816|1593685160816|0|GET|/user/29
1593685160827|1593685160827|0|GET|/user/30
1593685160839|1593685160840|1|GET|/user/31
1593685160850|1593685160850|0|GET|/user/32
1593685160861|1593685160861|0|GET|/user/33
1593685160872|1593685160872|0|GET|/user/34
1593685160883|1593685160884|1|GET|/user/35
1593685160894|1593685160894|0|GET|/user/36
1593685160908|1593685160908|0|GET|/user/37
1593685160927|1593685160927|0|GET|/user/38
1593685160938|1593685160939|1|GET|/user/39
1593685160955|1593685160956|1|GET|/user/40
1593685160974|1593685160974|0|GET|/user/41
1593685160986|1593685160986|0|GET|/user/42
1593685160997|1593685160997|0|GET|/user/43
1593685161007|1593685161007|0|GET|/user/44
1593685161019|1593685161019|0|GET|/user/45
1593685161029|1593685161030|1|GET|/user/46
1593685161040|1593685161040|0|GET|/user/47
1593685161052|1593685161052|0|GET|/user/48
1593685161068|1593685161068|0|GET|/user/49
1593685161079|1593685161079|0|GET|/user/50
1593685161091|1593685161091|0|GET|/user/51
1593685161102|1593685161102|0|GET|/user/52
1593685161113|1593685161114|1|GET|/user/53
1593685161124|1593685161124|0|GET|/user/54
1593685161138|1593685161138|0|GET|/user/55
1593685161149|1593685161149|0|GET|/user/56
1593685161159|1593685161160|1|GET|/user/57
1593685161171|1593685161171|0|GET|/user/58
1593685161181|1593685161181|0|GET|/user/59
1593685161192|1593685161192|0|GET|/user/60
1593685161202|1593685161203|1|GET|/user/61
1593685161213|1593685161213|0|GET|/user/62
1593685161233|1593685161233|0|GET|/user/63
1593685161244|1593685161244|0|GET|/user/64
1593685161256|1593685161256|0|GET|/user/65
1593685161268|1593685161269|1|GET|/user/66
1593685161279|1593685161279|0|GET|/user/67
1593685161291|1593685161291|0|GET|/user/68
1593685161302|1593685161303|1|GET|/user/69
1593685161314|1593685161314|0|GET|/user/70
1593685161325|1593685161325|0|GET|/user/71
1593685161336|1593685161337|1|GET|/user/72
1593685161347|1593685161348|1|GET|/user/73
1593685161358|1593685161358|0|GET|/user/74
1593685161369|1593685161369|0|GET|/user/75
1593685161380|1593685161381|1|GET|/user/76
1593685161391|1593685161391|0|GET|/user/77
1593685161404|1593685161404|0|GET|/user/78
1593685161417|1593685161417|0|GET|/user/79
1593685161428|1593685161428|0|GET|/user/80
1593685161440|1593685161440|0|GET|/user/81
1593685161452|1593685161452|0|GET|/user/82
1593685161462|1593685161462|0|GET|/user/83
1593685161474|1593685161474|0|GET|/user/84
1593685161485|1593685161486|1|GET|/user/85
1593685161497|1593685161497|0|GET|/user/86
1593685161508|1593685161508|0|GET|/user/87
1593685161519|1593685161519|0|GET|/user/88
1593685161533|1593685161533|0|GET|/user/89
1593685161544|1593685161544|0|GET|/user/90
1593685161556|1593685161557|1|GET|/user/91
1593685161567|1593685161567|0|GET|/user/92
1593685161578|1593685161578|0|GET|/user/93
1593685161589|1593685161589|0|GET|/user/94
1593685161602|1593685161602|0|GET|/user/95
1593685161622|1593685161622|0|GET|/user/96
1593685161632|1593685161633|1|GET|/user/97
1593685161642|1593685161643|1|GET|/user/98
1593685161653|1593685161654|1|GET|/user/99
1593685161664|1593685161664|0|GET|/user/100
1593685161676|1593685161676|0|GET|/user/101
1593685161688|1593685161688|0|GET|/user/102
1593685161698|1593685161698|0|GET|/user/103
1593685161710|1593685161710|0|GET|/user/104
1593685161721|1593685161721|0|GET|/user/105
1593685161732|1593685161732|0|GET|/user/106
1593685161742|1593685161742|0|GET|/user/107
1593685161754|1593685161754|0|GET|/user/108
1593685161765|1593685161765|0|GET|/user/109
1593685161776|1593685161776|0|GET|/user/110
1593685161789|1593685161789|0|GET|/user/111
1593685161801|1593685161801|0|GET|/user/112
1593685161813|1593685161813|0|GET|/user/113
1593685161824|1593685161824|0|GET|/user/114
1593685161835|1593685161835|0|GET|/user/115
1593685161846|1593685161847|1|GET|/user/116
1593685161858|1593685161858|0|GET|/user/117
1593685161869|1593685161869|0|GET|/user/118
1593685161880|1593685161880|0|GET|/user/119
1593685161891|1593685161892|1|GET|/user/120
1593685161903|1593685161903|0|GET|/user/121
1593685161913|1593685161914|1|GET|/user/122
1593685161924|1593685161924|0|GET|/user/123
1593685161936|1593685161936|0|GET|/user/124
1593685161946|1593685161947|1|GET|/user/125
1593685161958|1593685161958|0|GET|/user/126
1593685161968|1593685161969|1|GET|/user/127
1593685161980|1593685161980|0|GET|/user/128
1593685161991|1593685161991|0|GET|/user/129
1593685162003|1593685162003|0|GET|/user/130
1593685162014|1593685162014|0|GET|/user/131
1593685162024|1593685162024|0|GET|/user/132
1593685162035|1593685162035|0|GET|/user/133
1593685162046|1593685162046|0|GET|/user/134
1593685162057|1593685162057|0|GET|/user/135
1593685162070|1593685162070|0|GET|/user/136
1593685162082|1593685162082|0|GET|/user/137
1593685162093|1593685162093|0|GET|/user/138
1593685162104|1593685162104|0|GET|/user/139
1593685162115|1593685162115|0|GET|/user/140
1593685162126|1593685162127|1|GET|/user/141
1593685162137|1593685162137|0|GET|/user/142
1593685162148|1593685162148|0|GET|/user/143
1593685162159|1593685162159|0|GET|/user/144
1593685162170|1593685162170|0|GET|/user/145
1593685162181|1593685162181|0|GET|/user/146
1593685162191|1593685162191|0|GET|/user/147
1593685162203|1593685162204|1|GET|/user/148
1593685162215|1593685162215|0|GET|/user/149
1593685162225|1593685162225|0|GET|/user/150
1593685162236|1593685162236|0|GET|/user/151
1593685162248|1593685162248|0|GET|/user/152
1593685162259|1593685162259|0|GET|/user/153
1593685162271|1593685162271|0|GET|/user/154
1593685162282|1593685162283|1|GET|/user/155
1593685162293|1593685162294|1|GET|/user/156
1593685162304|1593685162305|1|GET|/user/157
1593685162317|1593685162317|0|GET|/user/158
1593685162328|1593685162328|0|GET|/user/159
1593685162340|1593685162341|1|GET|/user/160
1593685162352|1593685162353|1|GET|/user/161
1593685162363|1593685162364|1|GET|/user/162
1593685162374|1593685162374|0|GET|/user/163
1593685162386|1593685162386|0|GET|/user/164
1593685162396|1593685162397|1|GET|/user/165
1593685162407|1593685162408|1|GET|/user/166
1593685162420|1593685162420|0|GET|/user/167
1593685162430|1593685162430|0|GET|/user/168
1593685162441|1593685162441|0|GET|/user/169
1593685162454|1593685162455|1|GET|/user/170
1593685162465|1593685162465|0|GET|/user/171
1593685162477|1593685162477|0|GET|/user/172
1593685162489|1593685162490|1|GET|/user/173
1593685162500|1593685162500|0|GET|/user/174
1593685162511|1593685162511|0|GET|/user/175
1593685162523|1593685162523|0|GET|/user/176
1593685162535|1593685162535|0|GET|/user/177
1593685162546|1593685162546|0|GET|/user/178
1593685162556|1593685162556|0|GET|/user/179
1593685162567|1593685162567|0|GET|/user/180
1593685162578|1593685162578|0|GET|/user/181
1593685162590|1593685162590|0|GET|/user/182
1593685162600|1593685162600|0|GET|/user/183
1593685162611|1593685162611|0|GET|/user/184
1593685162622|1593685162622|0|GET|/user/185
1593685162633|1593685162633|0|GET|/user/186
1593685162643|1593685162643|0|GET|/user/187
1593685162657|1593685162657|0|GET|/user/188
1593685162670|1593685162670|0|GET|/user/189
1593685162682|1593685162682|0|GET|/user/190
1593685162694|1593685162694|0|GET|/user/191
1593685162706|1593685162706|0|GET|/user/192
1593685162718|1593685162718|0|GET|/user/193
1593685162729|1593685162729|0|GET|/user/194
1593685162741|1593685162742|1|GET|/user/195
1593685162752|1593685162752|0|GET|/user/196
1593685162762|1593685162762|0|GET|/user/197
1593685162773|1593685162774|1|GET|/user/198
1593685162785|1593685162786|1|GET|/user/199
1593685162797|1593685162797|0|GET|/user/200
1593685162808|1593685162808|0|GET|/user/201
1593685162819|1593685162819|0|GET|/user/202
1593685162830|1593685162831|1|GET|/user/203
1593685162841|1593685162841|0|GET|/user/204
1593685162853|1593685162853|0|GET|/user/205
1593685162867|1593685162867|0|GET|/user/206
1593685162878|1593685162878|0|GET|/user/207
1593685162889|1593685162889|0|GET|/user/208
1593685162903|1593685162903|0|GET|/user/209
1593685162914|1593685162914|0|GET|/user/210
1593685162925|1593685162925|0|GET|/user/211
1593685162938|1593685162938|0|GET|/user/212
1593685162950|1593685162950|0|GET|/user/213
1593685162961|1593685162961|0|GET|/user/214
1593685162972|1593685162972|0|GET|/user/215
1593685162984|1593685162984|0|GET|/user/216
1593685162994|1593685162994|0|GET|/user/217
1593685163005|1593685163005|0|GET|/user/218
1593685163017|1593685163017|0|GET|/user/219
1593685163028|1593685163029|1|GET|/user/220
1593685163040|1593685163040|0|GET|/user/221
1593685163051|1593685163051|0|GET|/user/222
1593685163063|1593685163063|0|GET|/user/223
1593685163074|1593685163074|0|GET|/user/224
1593685163086|1593685163086|0|GET|/user/225
1593685163097|1593685163097|0|GET|/user/226
1593685163108|1593685163109|1|GET|/user/227
1593685163121|1593685163121|0|GET|/user/228
1593685163132|1593685163132|0|GET|/user/229
1593685163142|1593685163142|0|GET|/user/230
1593685163155|1593685163155|0|GET|/user/231
1593685163166|1593685163166|0|GET|/user/232
1593685163177|1593685163177|0|GET|/user/233
1593685163189|1593685163189|0|GET|/user/234
1593685163200|1593685163200|0|GET|/user/235
1593685163211|1593685163211|0|GET|/user/236
1593685163223|1593685163223|0|GET|/user/237
1593685163237|1593685163237|0|GET|/user/238
1593685163249|1593685163249|0|GET|/user/239
1593685163260|1593685163260|0|GET|/user/240
1593685163270|1593685163271|1|GET|/user/241
1593685163282|1593685163282|0|GET|/user/242
1593685163292|1593685163292|0|GET|/user/243
1593685163303|1593685163303|0|GET|/user/244
1593685163313|1593685163314|1|GET|/user/245
1593685163324|1593685163324|0|GET|/user/246
1593685163335|1593685163336|1|GET|/user/247
1593685163346|1593685163346|0|GET|/user/248
1593685163357|1593685163357|0|GET|/user/249
1593685163368|1593685163369|1|GET|/user/250
1593685163379|1593685163379|0|GET|/user/251
1593685163390|1593685163390|0|GET|/user/252
1593685163401|1593685163401|0|GET|/user/253
1593685163412|1593685163412|0|GET|/user/254
1593685163423|1593685163423|0|GET|/user/255
1593685163434|1593685163434|0|GET|/user/256
1593685163444|1593685163444|0|GET|/user/257
1593685163456|1593685163456|0|GET|/user/258
1593685163467|1593685163468|1|GET|/user/259
1593685163488|1593685163488|0|GET|/user/260
1593685163499|1593685163500|1|GET|/user/261
1593685163514|1593685163514|0|GET|/user/262
1593685163525|1593685163525|0|GET|/user/263
1593685163536|1593685163537|1|GET|/user/264
1593685163547|1593685163547|0|GET|/user/265
1593685163558|1593685163558|0|GET|/user/266
1593685163569|1593685163569|0|GET|/user/267
1593685163580|1593685163580|0|GET|/user/268
1593685163591|1593685163591|0|GET|/user/269
1593685163602|1593685163602|0|GET|/user/270
1593685163612|1593685163612|0|GET|/user/271
1593685163623|1593685163623|0|GET|/user/272
1593685163636|1593685163636|0|GET|/user/273
1593685163647|1593685163647|0|GET|/user/274
1593685163657|1593685163657|0|GET|/user/275
1593685163669|1593685163669|0|GET|/user/276
1593685163679|1593685163680|1|GET|/user/277
1593685163691|1593685163691|0|GET|/user/278
1593685163702|1593685163702|0|GET|/user/279
1593685163712|1593685163712|0|GET|/user/280
1593685163723|1593685163723|0|GET|/user/281
1593685163735|1593685163735|0|GET|/user/282
1593685163746|1593685163746|0|GET|/user/283
1593685163757|1593685163757|0|GET|/user/284
1593685163769|1593685163769|0|GET|/user/285
1593685163781|1593685163782|1|GET|/user/286
1593685163792|1593685163792|0|GET|/user/287
1593685163802|1593685163803|1|GET|/user/288
1593685163813|1593685163813|0|GET|/user/289
1593685163824|1593685163824|0|GET|/user/290
1593685163836|1593685163836|0|GET|/user/291
1593685163847|1593685163847|0|GET|/user/292
1593685163858|1593685163858|0|GET|/user/293
1593685163871|1593685163871|0|GET|/user/294
1593685163882|1593685163882|0|GET|/user/295
1593685163894|1593685163894|0|GET|/user/296
1593685163906|1593685163906|0|GET|/user/297
1593685163917|1593685163917|0|GET|/user/298
1593685163928|1593685163928|0|GET|/user/299
1593685163941|1593685163941|0|GET|/user/300
1593685163953|1593685163953|0|GET|/user/301
1593685163964|1593685163964|0|GET|/user/302
1593685163975|1593685163975|0|GET|/user/303
1593685163986|1593685163986|0|GET|/user/304
1593685163997|1593685163997|0|GET|/user/305
1593685164008|1593685164008|0|GET|/user/306
1593685164020|1593685164020|0|GET|/user/307
1593685164033|1593685164033|0|GET|/user/308
1593685164043|1593685164044|1|GET|/user/309
1593685164058|1593685164058|0|GET|/user/310
1593685164071|1593685164072|1|GET|/user/311
1593685164082|1593685164082|0|GET|/user/312
1593685164093|1593685164093|0|GET|/user/313
1593685164105|1593685164105|0|GET|/user/314
1593685164117|1593685164117|0|GET|/user/315
1593685164128|1593685164128|0|GET|/user/316
1593685164140|1593685164140|0|GET|/user/317
1593685164151|1593685164151|0|GET|/user/318
1593685164162|1593685164162|0|GET|/user/319
1593685164173|1593685164173|0|GET|/user/320
1593685164184|1593685164184|0|GET|/user/321
1593685164195|1593685164195|0|GET|/user/322
1593685164206|1593685164206|0|GET|/user/323
1593685164221|1593685164221|0|GET|/user/324
1593685164240|1593685164240|0|GET|/user/325
1593685164251|1593685164252|1|GET|/user/326
1593685164262|1593685164262|0|GET|/user/327
1593685164273|1593685164273|0|GET|/user/328
1593685164283|1593685164284|1|GET|/user/329
1593685164294|1593685164294|0|GET|/user/330
1593685164305|1593685164306|1|GET|/user/331
1593685164317|1593685164317|0|GET|/user/332
1593685164329|1593685164329|0|GET|/user/333
1593685164340|1593685164340|0|GET|/user/334
1593685164352|1593685164352|0|GET|/user/335
1593685164362|1593685164362|0|GET|/user/336
1593685164374|1593685164374|0|GET|/user/337
1593685164388|1593685164388|0|GET|/user/338
1593685164399|1593685164400|1|GET|/user/339
1593685164412|1593685164412|0|GET|/user/340
1593685164423|1593685164424|1|GET|/user/341
1593685164435|1593685164435|0|GET|/user/342
1593685164446|1593685164446|0|GET|/user/343
1593685164457|1593685164458|1|GET|/user/344
1593685164468|1593685164469|1|GET|/user/345
1593685164480|1593685164480|0|GET|/user/346
1593685164491|1593685164491|0|GET|/user/347
1593685164502|1593685164502|0|GET|/user/348
1593685164520|1593685164520|0|GET|/user/349
1593685164530|1593685164530|0|GET|/user/350
1593685164541|1593685164541|0|GET|/user/351
1593685164553|1593685164554|1|GET|/user/352
1593685164564|1593685164564|0|GET|/user/353
1593685164575|1593685164575|0|GET|/user/354
1593685164586|1593685164586|0|GET|/user/355
1593685164598|1593685164599|1|GET|/user/356
1593685164609|1593685164610|1|GET|/user/357
1593685164622|1593685164623|1|GET|/user/358
1593685164635|1593685164635|0|GET|/user/359
1593685164645|1593685164646|1|GET|/user/360
1593685164656|1593685164656|0|GET|/user/361
1593685164668|1593685164668|0|GET|/user/362
1593685164678|1593685164678|0|GET|/user/363
1593685164690|1593685164690|0|GET|/user/364
1593685164701|1593685164701|0|GET|/user/365
1593685164711|1593685164712|1|GET|/user/366
1593685164724|1593685164724|0|GET|/user/367
1593685164737|1593685164737|0|GET|/user/368
1593685164750|1593685164750|0|GET|/user/369
1593685164761|1593685164761|0|GET|/user/370
1593685164773|1593685164773|0|GET|/user/371
1593685164784|1593685164785|1|GET|/user/372
1593685164796|1593685164796|0|GET|/user/373
1593685164807|1593685164808|1|GET|/user/374
1593685164819|1593685164819|0|GET|/user/375
1593685164829|1593685164829|0|GET|/user/376
1593685164840|1593685164840|0|GET|/user/377
1593685164852|1593685164852|0|GET|/user/378
1593685164863|1593685164864|1|GET|/user/379
1593685164874|1593685164874|0|GET|/user/380
1593685164886|1593685164886|0|GET|/user/381
1593685164897|1593685164898|1|GET|/user/382
1593685164909|1593685164909|0|GET|/user/383
1593685164921|1593685164921|0|GET|/user/384
1593685164935|1593685164936|1|GET|/user/385
1593685164948|1593685164948|0|GET|/user/386
1593685164960|1593685164961|1|GET|/user/387
1593685164977|1593685164977|0|GET|/user/388
1593685164989|1593685164989|0|GET|/user/389
1593685165002|1593685165002|0|GET|/user/390
1593685165012|1593685165012|0|GET|/user/391
1593685165025|1593685165025|0|GET|/user/392
1593685165038|1593685165039|1|GET|/user/393
1593685165049|1593685165049|0|GET|/user/394
1593685165062|1593685165062|0|GET|/user/395
1593685165073|1593685165073|0|GET|/user/396
1593685165084|1593685165085|1|GET|/user/397
1593685165095|1593685165096|1|GET|/user/398
1593685165107|1593685165107|0|GET|/user/399
1593685165118|1593685165119|1|GET|/user/400
1593685165129|1593685165130|1|GET|/user/401
1593685165140|1593685165140|0|GET|/user/402
1593685165151|1593685165151|0|GET|/user/403
1593685165162|1593685165162|0|GET|/user/404
1593685165173|1593685165174|1|GET|/user/405
1593685165185|1593685165185|0|GET|/user/406
1593685165195|1593685165196|1|GET|/user/407
1593685165207|1593685165207|0|GET|/user/408
1593685165223|1593685165224|1|GET|/user/409
1593685165241|1593685165241|0|GET|/user/410
1593685165254|1593685165254|0|GET|/user/411
1593685165264|1593685165265|1|GET|/user/412
1593685165275|1593685165275|0|GET|/user/413
1593685165287|1593685165287|0|GET|/user/414
1593685165300|1593685165300|0|GET|/user/415
1593685165311|1593685165311|0|GET|/user/416
1593685165323|1593685165323|0|GET|/user/417
1593685165335|1593685165336|1|GET|/user/418
1593685165346|1593685165347|1|GET|/user/419
1593685165357|1593685165359|2|GET|/user/420
1593685165372|1593685165372|0|GET|/user/421
1593685165384|1593685165384|0|GET|/user/422
1593685165396|1593685165396|0|GET|/user/423
1593685165406|1593685165406|0|GET|/user/424
1593685165419|1593685165419|0|GET|/user/425
1593685165431|1593685165431|0|GET|/user/426
1593685165448|1593685165449|1|GET|/user/427
1593685165459|1593685165460|1|GET|/user/428
1593685165471|1593685165471|0|GET|/user/429
1593685165482|1593685165482|0|GET|/user/430
1593685165493|1593685165493|0|GET|/user/431
1593685165503|1593685165503|0|GET|/user/432
1593685165514|1593685165514|0|GET|/user/433
1593685165526|1593685165526|0|GET|/user/434
1593685165536|1593685165536|0|GET|/user/435
1593685165548|1593685165548|0|GET|/user/436
1593685165567|1593685165567|0|GET|/user/437
1593685165578|1593685165578|0|GET|/user/438
1593685165589|1593685165589|0|GET|/user/439
1593685165601|1593685165601|0|GET|/user/440
1593685165612|1593685165612|0|GET|/user/441
1593685165623|1593685165623|0|GET|/user/442
1593685165634|1593685165635|1|GET|/user/443
1593685165647|1593685165648|1|GET|/user/444
1593685165658|1593685165658|0|GET|/user/445
1593685165669|1593685165670|1|GET|/user/446
1593685165681|1593685165681|0|GET|/user/447
1593685165693|1593685165693|0|GET|/user/448
1593685165706|1593685165706|0|GET|/user/449
1593685165717|1593685165718|1|GET|/user/450
1593685165728|1593685165728|0|GET|/user/451
1593685165741|1593685165741|0|GET|/user/452
1593685165752|1593685165752|0|GET|/user/453
1593685165763|1593685165763|0|GET|/user/454
1593685165773|1593685165774|1|GET|/user/455
1593685165785|1593685165785|0|GET|/user/456
1593685165796|1593685165796|0|GET|/user/457
1593685165808|1593685165808|0|GET|/user/458
1593685165823|1593685165823|0|GET|/user/459
1593685165834|1593685165834|0|GET|/user/460
1593685165845|1593685165845|0|GET|/user/461
1593685165857|1593685165858|1|GET|/user/462
1593685165869|1593685165870|1|GET|/user/463
1593685165880|1593685165880|0|GET|/user/464
1593685165894|1593685165894|0|GET|/user/465
1593685165907|1593685165907|0|GET|/user/466
1593685165919|1593685165919|0|GET|/user/467
1593685165930|1593685165931|1|GET|/user/468
1593685165941|1593685165941|0|GET|/user/469
1593685165954|1593685165954|0|GET|/user/470
1593685165964|1593685165965|1|GET|/user/471
1593685165976|1593685165976|0|GET|/user/472
1593685165987|1593685165988|1|GET|/user/473
1593685165998|1593685165998|0|GET|/user/474
1593685166009|1593685166009|0|GET|/user/475
1593685166020|1593685166020|0|GET|/user/476
1593685166031|1593685166031|0|GET|/user/477
1593685166042|1593685166042|0|GET|/user/478
1593685166053|1593685166053|0|GET|/user/479
1593685166065|1593685166065|0|GET|/user/480
1593685166076|1593685166076|0|GET|/user/481
1593685166088|1593685166088|0|GET|/user/482
1593685166100|1593685166101|1|GET|/user/483
1593685166120|1593685166120|0|GET|/user/484
1593685166130|1593685166131|1|GET|/user/485
1593685166141|1593685166142|1|GET|/user/486
1593685166153|1593685166153|0|GET|/user/487
1593685166164|1593685166164|0|GET|/user/488
1593685166175|1593685166176|1|GET|/user/489
1593685166186|1593685166186|0|GET|/user/490
1593685166197|1593685166198|1|GET|/user/491
1593685166208|1593685166208|0|GET|/user/492
1593685166219|1593685166219|0|GET|/user/493
1593685166234|1593685166234|0|GET|/user/494
1593685166246|1593685166246|0|GET|/user/495
1593685166259|1593685166259|0|GET|/user/496
1593685166272|1593685166272|0|GET|/user/497
1593685166283|1593685166283|0|GET|/user/498
1593685166294|1593685166294|0|GET|/user/499
