1594421975406|1594421975466|60|POST|/user
1594421975480|1594421975480|0|GET|/user
1594421975495|1594421975495|0|GET|/user/1
1594421975510|1594421975510|0|GET|/user/9999
1594421975525|1594421975525|0|GET|/user/
1594421975540|1594421975540|0|GET|/usr
1594422147688|1594422147789|101|POST|/user
1594422147826|1594422147827|1|GET|/user
1594422147849|1594422147849|0|GET|/user/1
1594422147865|1594422147865|0|GET|/user/9999
1594422147878|1594422147879|1|GET|/user/
1594422147893|1594422147893|0|GET|/usr
1594422154242|1594422154325|83|POST|/user
1594422154354|1594422154355|1|GET|/user
1594422154384|1594422154384|0|GET|/user/1
1594422154406|1594422154406|0|GET|/user/9999
1594422154421|1594422154421|0|GET|/user/
1594422154435|1594422154436|1|GET|/usr
1594422155417|1594422155483|66|POST|/user
1594422155496|1594422155496|0|GET|/user
1594422155509|1594422155510|1|GET|/user/1
1594422155523|1594422155523|0|GET|/user/9999
1594422155540|1594422155540|0|GET|/user/
1594422155552|1594422155553|1|GET|/usr
1595333678778|1595333678848|70|POST|/user
1595415088371|1595415088434|63|POST|/user
1595415088454|1595415088455|1|GET|/user
1595415088474|1595415088475|1|GET|/user/1
1595415088492|1595415088492|0|GET|/user/9999
1595415088510|1595415088510|0|GET|/user/
1595415088524|1595415088524|0|GET|/usr
1595415094906|1595415094986|80|POST|/user
1595415095013|1595415095014|1|GET|/user
1595415095029|1595415095030|1|GET|/user/1
1595415095046|1595415095047|1|GET|/user/9999
1595415095063|1595415095063|0|GET|/user/
1595415095078|1595415095078|0|GET|/usr
1595415096611|1595415096687|76|POST|/user
1595415096714|1595415096715|1|GET|/user
1595415096730|1595415096731|1|GET|/user/1
1595415096746|1595415096746|0|GET|/user/9999
1595415096761|1595415096761|0|GET|/user/
1595415096778|1595415096778|0|GET|/usr
1595415547584|1595415547589|5|GET|/user/1
1595985174723|1595985178961|4238|GET|/user/1
1595985246178|1595985247385|1207|GET|/user/1
1595985297087|1595985297763|676|GET|/user/1
1595985313629|1595985313631|2|GET|/user/1
1595985315872|1595985315874|2|GET|/user/1
1595985316975|1595985316977|2|GET|/user/1
1595985318150|1595985318153|3|GET|/user/1
1595985367073|1595985367155|82|POST|/user
1595985367277|1595985367378|101|GET|/user
1595985367464|1595985367479|15|GET|/user/1
1595985367685|1595985367686|1|GET|/user/9999
1595985367890|1595985367891|1|GET|/user/
1595985368197|1595985368197|0|GET|/usr
1595985561426|1595985561537|111|POST|/user
1595985561631|1595985561633|2|GET|/user
1595985561729|1595985561732|3|GET|/user/1
1595985561830|1595985561834|4|GET|/user/9999
1595985561929|1595985561936|7|GET|/user/
1595985562110|1595985562110|0|GET|/usr
1595985848764|1595985848865|101|POST|/user
1595985848969|1595985848972|3|GET|/user
1595985849009|1595985849011|2|GET|/user/1
1595985849059|1595985849061|2|GET|/user/9999
1595985849173|1595985849176|3|GET|/user/
1595985849277|1595985849279|2|GET|/usr
1595987167169|1595987167345|176|POST|/user
1595987167477|1595987167577|100|GET|/user
1595987167782|1595987167783|1|GET|/user/1
1595987168908|1595987168908|0|GET|/user/9999
1595987169055|1595987169056|1|GET|/user/
1595987169114|1595987169116|2|GET|/usr
1597716386646|1597716386718|72|POST|/user
1597716386746|1597716386746|0|GET|/user
1597716386763|1597716386763|0|GET|/user/1
1597716386777|1597716386777|0|GET|/user/9999
1597716386796|1597716386796|0|GET|/user/
1597716386810|1597716386810|0|GET|/usr
1597716386822|1597716387822|1000|GET|/sleep/1
1597716387852|1597716389853|2001|GET|/sleep/2
1597716389883|1597716392884|3001|GET|/sleep/3
1597716392917|1597716392917|0|GET|/for/1
1597716392937|1597716392937|0|GET|/for/2
1597716392950|1597716392950|0|GET|/for/3
1597716392967|1597716392967|0|GET|/run
1597716820142|1597716820224|82|POST|/user
1597716820241|1597716820241|0|GET|/user
1597716820254|1597716820255|1|GET|/user/1
1597716820274|1597716820274|0|GET|/user/9999
1597716820287|1597716820288|1|GET|/user/
1597716820301|1597716820301|0|GET|/usr
1597716820315|1597716821316|1001|GET|/sleep/1
1597716821348|1597716823348|2000|GET|/sleep/2
1597716823383|1597716826383|3000|GET|/sleep/3
1597716826417|1597716826417|0|GET|/for/1
1597716826434|1597716826434|0|GET|/for/2
1597716826450|1597716826450|0|GET|/for/3
1597716826464|1597716826464|0|GET|/run
1597716900904|1597716900988|84|POST|/user
1597716901010|1597716901012|2|GET|/user
1597716901051|1597716901052|1|GET|/user/1
1597716901093|1597716901093|0|GET|/user/9999
1597716901118|1597716901118|0|GET|/user/
1597716901134|1597716901134|0|GET|/usr
1597716901152|1597716902152|1000|GET|/sleep/1
1597716902167|1597716904168|2001|GET|/sleep/2
1597716904189|1597716907190|3001|GET|/sleep/3
1597716907224|1597716907225|1|GET|/for/1
1597716907243|1597716907243|0|GET|/for/2
1597716907256|1597716907256|0|GET|/for/3
1597716907269|1597716907269|0|GET|/run
1597717260617|1597717261017|400|POST|/user
1597717261035|1597717261036|1|GET|/user
1597717261052|1597717261053|1|GET|/user/1
1597717261067|1597717261067|0|GET|/user/9999
1597717261080|1597717261081|1|GET|/user/
1597717261094|1597717261094|0|GET|/usr
1597717261108|1597717262109|1001|GET|/sleep/1
1597717262125|1597717264125|2000|GET|/sleep/2
1597717264137|1597717267138|3001|GET|/sleep/3
1597717267169|1597717267169|0|GET|/for/1
1597717267183|1597717267183|0|GET|/for/2
1597717267198|1597717267198|0|GET|/for/3
1597717267211|1597717267211|0|GET|/run
1597717415406|1597717415484|78|POST|/user
1597717415503|1597717415504|1|GET|/user
1597717415517|1597717415518|1|GET|/user/1
1597717415535|1597717415535|0|GET|/user/9999
1597717415565|1597717415565|0|GET|/user/
1597717415581|1597717415581|0|GET|/usr
1597717415595|1597717416595|1000|GET|/sleep/1
1597717416609|1597717418609|2000|GET|/sleep/2
1597717418637|1597717421637|3000|GET|/sleep/3
1597717421669|1597717421669|0|GET|/for/1
1597717421685|1597717421685|0|GET|/for/2
1597717421699|1597717421699|0|GET|/for/3
1597717421712|1597717421712|0|GET|/run
1597717438520|1597717438524|4|GET|/run
1597717463213|1597717463213|0|GET|/run
1597717463925|1597717463925|0|GET|/run
1597717464434|1597717464434|0|GET|/run
1597717624649|1597717624731|82|POST|/user
1597717624754|1597717624755|1|GET|/user
1597717624777|1597717624778|1|GET|/user/1
1597717624804|1597717624804|0|GET|/user/9999
1597717624823|1597717624823|0|GET|/user/
1597717624843|1597717624843|0|GET|/usr
1597717624862|1597717625862|1000|GET|/sleep/1
1597717625875|1597717627876|2001|GET|/sleep/2
1597717627907|1597717630908|3001|GET|/sleep/3
1597717630945|1597717630945|0|GET|/for/1
1597717630962|1597717630962|0|GET|/for/2
1597717630977|1597717630977|0|GET|/for/3
1597717630990|1597717630990|0|GET|/run
1597717848609|1597717848666|57|POST|/user
1597717848709|1597717848711|2|GET|/user
1597717848753|1597717848754|1|GET|/user/1
1597717848797|1597717848798|1|GET|/user/9999
1597717848822|1597717848822|0|GET|/user/
1597717848842|1597717848842|0|GET|/usr
1597717848857|1597717849857|1000|GET|/sleep/1
1597717849874|1597717851874|2000|GET|/sleep/2
1597717851910|1597717854910|3000|GET|/sleep/3
1597717854933|1597717854933|0|GET|/for/1
1597717854953|1597717854953|0|GET|/for/2
1597717854969|1597717854969|0|GET|/for/3
1597717854981|1597717854981|0|GET|/run
1597717861070|1597717861070|0|GET|/array
1597717884612|1597717884612|0|GET|/array
1597718433552|1597718433552|0|GET|/run
1597718434827|1597718434827|0|GET|/run
1597718435306|1597718435306|0|GET|/run
1597718435589|1597718435589|0|GET|/run
1597718435864|1597718435864|0|GET|/run
1597718436141|1597718436141|0|GET|/run
1597718436437|1597718436437|0|GET|/run
1597718436733|1597718436733|0|GET|/run
1597718437005|1597718437005|0|GET|/run
1597718437285|1597718437285|0|GET|/run
1597718437574|1597718437574|0|GET|/run
1597718437829|1597718437829|0|GET|/run
1597718438117|1597718438117|0|GET|/run
1597718438397|1597718438397|0|GET|/run
1597718438693|1597718438693|0|GET|/run
1597718438965|1597718438965|0|GET|/run
1597718439237|1597718439237|0|GET|/run
1597718439517|1597718439517|0|GET|/run
1597718439789|1597718439789|0|GET|/run
1597718440037|1597718440037|0|GET|/run
1597792845041|1597792845309|268|GET|/sort
1597792978159|1597792978430|271|GET|/sort
1597792981093|1597792981364|271|GET|/sort
1597792982012|1597792982279|267|GET|/sort
1597792982849|1597792983118|269|GET|/sort
1597792983634|1597792983903|269|GET|/sort
1597792984405|1597792984676|271|GET|/sort
1597792985159|1597792985427|268|GET|/sort
1597793063583|1597793065945|2362|GET|/sort
1597793072260|1597793074623|2363|GET|/sort
1597793213500|1597793215857|2357|GET|/sort
1597800989773|1597800989781|8|GET|/run
1597800994106|1597800994115|9|GET|/run
1597801066106|1597801066528|422|GET|/run
1597801068349|1597801068789|440|GET|/run
1597801151895|1597801156052|4157|GET|/run
1597801205454|1597801205454|0|GET|/sleep1
1597801206302|1597801206302|0|GET|/sleep1
1597801206820|1597801206820|0|GET|/sleep1
1597801341274|1597801341274|0|GET|/array
1597801343470|1597801343470|0|GET|/array
1597801344251|1597801344251|0|GET|/array
1597801344765|1597801344766|1|GET|/array
1597801345235|1597801345235|0|GET|/array
1597801345681|1597801345682|1|GET|/array
1597801346135|1597801346135|0|GET|/array
1597801346832|1597801346832|0|GET|/array
1597801347282|1597801347282|0|GET|/array
1597801629540|1597801629541|1|GET|/array
1597801630708|1597801630708|0|GET|/array
1597801631292|1597801631292|0|GET|/array
1597801632650|1597801632650|0|GET|/array
1597801727089|1597801727089|0|GET|/array
1597801727913|1597801727913|0|GET|/array
1597801728248|1597801728248|0|GET|/array
1597801728511|1597801728511|0|GET|/array
1597801728785|1597801728785|0|GET|/array
1597801929147|1597801929223|76|POST|/user
1597801929235|1597801929236|1|GET|/user
1597801929248|1597801929248|0|GET|/user/1
1597801929264|1597801929264|0|GET|/user/9999
1597801929279|1597801929279|0|GET|/user/
1597801929295|1597801929295|0|GET|/usr
1597801929308|1597801930308|1000|GET|/sleep/1
1597801930331|1597801932332|2001|GET|/sleep/2
1597801932362|1597801935363|3001|GET|/sleep/3
1597801935399|1597801935399|0|GET|/for/1
1597801935416|1597801935416|0|GET|/for/2
1597801935431|1597801935431|0|GET|/for/3
1597801935444|1597801939588|4144|GET|/run
1597801939601|1597801941945|2344|GET|/sort
1597801941957|1597801941957|0|GET|/array
1597801947834|1597801948005|171|POST|/user
1597801948049|1597801948051|2|GET|/user
1597801948093|1597801948094|1|GET|/user/1
1597801948143|1597801948144|1|GET|/user/9999
1597801948166|1597801948167|1|GET|/user/
1597801948191|1597801948191|0|GET|/usr
1597801948215|1597801949215|1000|GET|/sleep/1
1597801949252|1597801951253|2001|GET|/sleep/2
1597801951288|1597801954288|3000|GET|/sleep/3
1597801954311|1597801954311|0|GET|/for/1
1597801954333|1597801954333|0|GET|/for/2
1597801954350|1597801954350|0|GET|/for/3
1597801954364|1597801958505|4141|GET|/run
1597801958517|1597801960860|2343|GET|/sort
1597801960874|1597801960874|0|GET|/array
1600255839598|1600255839598|0|GET|/user
1600255858526|1600255859377|851|GET|/createuser/100
1600255864412|1600255865277|865|GET|/createuser/10
1600255866313|1600255867165|852|GET|/createuser/10
1600255870190|1600255871172|982|GET|/createuser/1
1600255886512|1600255886513|1|GET|/user
1600255902859|1600255903784|925|GET|/createuser/100
1600255906231|1600255906232|1|GET|/user
1600255939305|1600255939305|0|GET|/user
1600255950420|1600255951592|1172|GET|/createuser/100
1600255955822|1600255955823|1|GET|/user
1600287150687|1600287151616|929|GET|/createuser/100
1600287151653|1600287152606|953|GET|/createuser/100
1600287152619|1600287153717|1098|GET|/createuser/100
1600287153754|1600287154767|1013|GET|/createuser/100
1600287154781|1600287155818|1037|GET|/createuser/100
1600287155830|1600287156761|931|GET|/createuser/100
1600287156790|1600287157802|1012|GET|/createuser/100
1600287157821|1600287158885|1064|GET|/createuser/100
1600287158903|1600287159861|958|GET|/createuser/100
1600287159889|1600287161437|1548|GET|/createuser/100
1600287161458|1600287162387|929|GET|/createuser/100
1600287162412|1600287163600|1188|GET|/createuser/100
1600287163618|1600287164738|1120|GET|/createuser/100
1600287164751|1600287166015|1264|GET|/createuser/100
1600287166030|1600287167089|1059|GET|/createuser/100
1600287167145|1600287168407|1262|GET|/createuser/100
1600287168419|1600287169816|1397|GET|/createuser/100
1600287169854|1600287170945|1091|GET|/createuser/100
1600287170957|1600287172045|1088|GET|/createuser/100
1600287172059|1600287173059|1000|GET|/createuser/100
1600287173071|1600287174123|1052|GET|/createuser/100
1600287174139|1600287175201|1062|GET|/createuser/100
1600287175217|1600287176244|1027|GET|/createuser/100
1600287176278|1600287177465|1187|GET|/createuser/100
1600287177501|1600287178782|1281|GET|/createuser/100
1600287178820|1600287179904|1084|GET|/createuser/100
1600287179920|1600287180954|1034|GET|/createuser/100
1600287180991|1600287182222|1231|GET|/createuser/100
1600287182259|1600287183430|1171|GET|/createuser/100
1600287183468|1600287184631|1163|GET|/createuser/100
1600287184669|1600287185881|1212|GET|/createuser/100
1600287185919|1600287187036|1117|GET|/createuser/100
1600287187073|1600287188200|1127|GET|/createuser/100
1600287188214|1600287189341|1127|GET|/createuser/100
1600287189379|1600287190550|1171|GET|/createuser/100
1600287190584|1600287191659|1075|GET|/createuser/100
1600287191694|1600287193047|1353|GET|/createuser/100
1600287193084|1600287194197|1113|GET|/createuser/100
1600287194235|1600287195414|1179|GET|/createuser/100
1600287195451|1600287196619|1168|GET|/createuser/100
1600287196657|1600287197903|1246|GET|/createuser/100
1600287197941|1600287199337|1396|GET|/createuser/100
1600287199374|1600287200558|1184|GET|/createuser/100
1600287200595|1600287201909|1314|GET|/createuser/100
1600287201926|1600287203214|1288|GET|/createuser/100
1600287203252|1600287204506|1254|GET|/createuser/100
1600287204544|1600287205719|1175|GET|/createuser/100
1600287205756|1600287206899|1143|GET|/createuser/100
1600287206936|1600287208147|1211|GET|/createuser/100
1600287208185|1600287209375|1190|GET|/createuser/100
1600737122395|1600737123379|984|GET|/createuser/10
1600737126391|1600737127330|939|GET|/createuser/10
1600737128325|1600737129297|972|GET|/createuser/10
1600737132489|1600737137482|4993|GET|/createuser/50
1600737139635|1600737145634|5999|GET|/createuser/50
1600737151430|1600737151487|57|GET|/user
