The system is: Linux - 5.3.0-51-generic - x86_64
Compiling the C compiler identification source file "CMakeCCompilerId.c" succeeded.
Compiler: /usr/bin/cc 
Build flags: 
Id flags:  

The output was:
0


Compilation of the C compiler identification source "CMakeCCompilerId.c" produced "a.out"

The C compiler identification is GNU, found in "/home/alan/Escritorio/tesis/pin/source/tools/pinjection/ejecutables/tiny-web-server/json-c-build/CMakeFiles/3.10.2/CompilerIdC/a.out"

Determining if the C compiler works passed with the following output:
Change Dir: /home/alan/Escritorio/tesis/pin/source/tools/pinjection/ejecutables/tiny-web-server/json-c-build/CMakeFiles/CMakeTmp

Run Build Command:"/usr/bin/make" "cmTC_c7c1e/fast"
/usr/bin/make -f CMakeFiles/cmTC_c7c1e.dir/build.make CMakeFiles/cmTC_c7c1e.dir/build
make[1]: se entra en el directorio '/home/alan/Escritorio/tesis/pin/source/tools/pinjection/ejecutables/tiny-web-server/json-c-build/CMakeFiles/CMakeTmp'
Building C object CMakeFiles/cmTC_c7c1e.dir/testCCompiler.c.o
/usr/bin/cc    -o CMakeFiles/cmTC_c7c1e.dir/testCCompiler.c.o   -c /home/alan/Escritorio/tesis/pin/source/tools/pinjection/ejecutables/tiny-web-server/json-c-build/CMakeFiles/CMakeTmp/testCCompiler.c
Linking C executable cmTC_c7c1e
/usr/bin/cmake -E cmake_link_script CMakeFiles/cmTC_c7c1e.dir/link.txt --verbose=1
/usr/bin/cc      -rdynamic CMakeFiles/cmTC_c7c1e.dir/testCCompiler.c.o  -o cmTC_c7c1e 
make[1]: se sale del directorio '/home/alan/Escritorio/tesis/pin/source/tools/pinjection/ejecutables/tiny-web-server/json-c-build/CMakeFiles/CMakeTmp'


Detecting C compiler ABI info compiled with the following output:
Change Dir: /home/alan/Escritorio/tesis/pin/source/tools/pinjection/ejecutables/tiny-web-server/json-c-build/CMakeFiles/CMakeTmp

Run Build Command:"/usr/bin/make" "cmTC_889b3/fast"
/usr/bin/make -f CMakeFiles/cmTC_889b3.dir/build.make CMakeFiles/cmTC_889b3.dir/build
make[1]: se entra en el directorio '/home/alan/Escritorio/tesis/pin/source/tools/pinjection/ejecutables/tiny-web-server/json-c-build/CMakeFiles/CMakeTmp'
Building C object CMakeFiles/cmTC_889b3.dir/CMakeCCompilerABI.c.o
/usr/bin/cc    -o CMakeFiles/cmTC_889b3.dir/CMakeCCompilerABI.c.o   -c /usr/share/cmake-3.10/Modules/CMakeCCompilerABI.c
Linking C executable cmTC_889b3
/usr/bin/cmake -E cmake_link_script CMakeFiles/cmTC_889b3.dir/link.txt --verbose=1
/usr/bin/cc     -v -rdynamic CMakeFiles/cmTC_889b3.dir/CMakeCCompilerABI.c.o  -o cmTC_889b3 
Using built-in specs.
COLLECT_GCC=/usr/bin/cc
COLLECT_LTO_WRAPPER=/usr/lib/gcc/x86_64-linux-gnu/7/lto-wrapper
OFFLOAD_TARGET_NAMES=nvptx-none
OFFLOAD_TARGET_DEFAULT=1
Target: x86_64-linux-gnu
Configured with: ../src/configure -v --with-pkgversion='Ubuntu 7.5.0-3ubuntu1~18.04' --with-bugurl=file:///usr/share/doc/gcc-7/README.Bugs --enable-languages=c,ada,c++,go,brig,d,fortran,objc,obj-c++ --prefix=/usr --with-gcc-major-version-only --program-suffix=-7 --program-prefix=x86_64-linux-gnu- --enable-shared --enable-linker-build-id --libexecdir=/usr/lib --without-included-gettext --enable-threads=posix --libdir=/usr/lib --enable-nls --enable-bootstrap --enable-clocale=gnu --enable-libstdcxx-debug --enable-libstdcxx-time=yes --with-default-libstdcxx-abi=new --enable-gnu-unique-object --disable-vtable-verify --enable-libmpx --enable-plugin --enable-default-pie --with-system-zlib --with-target-system-zlib --enable-objc-gc=auto --enable-multiarch --disable-werror --with-arch-32=i686 --with-abi=m64 --with-multilib-list=m32,m64,mx32 --enable-multilib --with-tune=generic --enable-offload-targets=nvptx-none --without-cuda-driver --enable-checking=release --build=x86_64-linux-gnu --host=x86_64-linux-gnu --target=x86_64-linux-gnu
Thread model: posix
gcc version 7.5.0 (Ubuntu 7.5.0-3ubuntu1~18.04) 
COMPILER_PATH=/usr/lib/gcc/x86_64-linux-gnu/7/:/usr/lib/gcc/x86_64-linux-gnu/7/:/usr/lib/gcc/x86_64-linux-gnu/:/usr/lib/gcc/x86_64-linux-gnu/7/:/usr/lib/gcc/x86_64-linux-gnu/
LIBRARY_PATH=/usr/lib/gcc/x86_64-linux-gnu/7/:/usr/lib/gcc/x86_64-linux-gnu/7/../../../x86_64-linux-gnu/:/usr/lib/gcc/x86_64-linux-gnu/7/../../../../lib/:/lib/x86_64-linux-gnu/:/lib/../lib/:/usr/lib/x86_64-linux-gnu/:/usr/lib/../lib/:/usr/lib/gcc/x86_64-linux-gnu/7/../../../:/lib/:/usr/lib/
COLLECT_GCC_OPTIONS='-v' '-rdynamic' '-o' 'cmTC_889b3' '-mtune=generic' '-march=x86-64'
 /usr/lib/gcc/x86_64-linux-gnu/7/collect2 -plugin /usr/lib/gcc/x86_64-linux-gnu/7/liblto_plugin.so -plugin-opt=/usr/lib/gcc/x86_64-linux-gnu/7/lto-wrapper -plugin-opt=-fresolution=/tmp/ccNBtosW.res -plugin-opt=-pass-through=-lgcc -plugin-opt=-pass-through=-lgcc_s -plugin-opt=-pass-through=-lc -plugin-opt=-pass-through=-lgcc -plugin-opt=-pass-through=-lgcc_s --build-id --eh-frame-hdr -m elf_x86_64 --hash-style=gnu --as-needed -export-dynamic -dynamic-linker /lib64/ld-linux-x86-64.so.2 -pie -z now -z relro -o cmTC_889b3 /usr/lib/gcc/x86_64-linux-gnu/7/../../../x86_64-linux-gnu/Scrt1.o /usr/lib/gcc/x86_64-linux-gnu/7/../../../x86_64-linux-gnu/crti.o /usr/lib/gcc/x86_64-linux-gnu/7/crtbeginS.o -L/usr/lib/gcc/x86_64-linux-gnu/7 -L/usr/lib/gcc/x86_64-linux-gnu/7/../../../x86_64-linux-gnu -L/usr/lib/gcc/x86_64-linux-gnu/7/../../../../lib -L/lib/x86_64-linux-gnu -L/lib/../lib -L/usr/lib/x86_64-linux-gnu -L/usr/lib/../lib -L/usr/lib/gcc/x86_64-linux-gnu/7/../../.. CMakeFiles/cmTC_889b3.dir/CMakeCCompilerABI.c.o -lgcc --push-state --as-needed -lgcc_s --pop-state -lc -lgcc --push-state --as-needed -lgcc_s --pop-state /usr/lib/gcc/x86_64-linux-gnu/7/crtendS.o /usr/lib/gcc/x86_64-linux-gnu/7/../../../x86_64-linux-gnu/crtn.o
COLLECT_GCC_OPTIONS='-v' '-rdynamic' '-o' 'cmTC_889b3' '-mtune=generic' '-march=x86-64'
make[1]: se sale del directorio '/home/alan/Escritorio/tesis/pin/source/tools/pinjection/ejecutables/tiny-web-server/json-c-build/CMakeFiles/CMakeTmp'


Parsed C implicit link information from above output:
  link line regex: [^( *|.*[/\])(ld|CMAKE_LINK_STARTFILE-NOTFOUND|([^/\]+-)?ld|collect2)[^/\]*( |$)]
  ignore line: [Change Dir: /home/alan/Escritorio/tesis/pin/source/tools/pinjection/ejecutables/tiny-web-server/json-c-build/CMakeFiles/CMakeTmp]
  ignore line: []
  ignore line: [Run Build Command:"/usr/bin/make" "cmTC_889b3/fast"]
  ignore line: [/usr/bin/make -f CMakeFiles/cmTC_889b3.dir/build.make CMakeFiles/cmTC_889b3.dir/build]
  ignore line: [make[1]: se entra en el directorio '/home/alan/Escritorio/tesis/pin/source/tools/pinjection/ejecutables/tiny-web-server/json-c-build/CMakeFiles/CMakeTmp']
  ignore line: [Building C object CMakeFiles/cmTC_889b3.dir/CMakeCCompilerABI.c.o]
  ignore line: [/usr/bin/cc    -o CMakeFiles/cmTC_889b3.dir/CMakeCCompilerABI.c.o   -c /usr/share/cmake-3.10/Modules/CMakeCCompilerABI.c]
  ignore line: [Linking C executable cmTC_889b3]
  ignore line: [/usr/bin/cmake -E cmake_link_script CMakeFiles/cmTC_889b3.dir/link.txt --verbose=1]
  ignore line: [/usr/bin/cc     -v -rdynamic CMakeFiles/cmTC_889b3.dir/CMakeCCompilerABI.c.o  -o cmTC_889b3 ]
  ignore line: [Using built-in specs.]
  ignore line: [COLLECT_GCC=/usr/bin/cc]
  ignore line: [COLLECT_LTO_WRAPPER=/usr/lib/gcc/x86_64-linux-gnu/7/lto-wrapper]
  ignore line: [OFFLOAD_TARGET_NAMES=nvptx-none]
  ignore line: [OFFLOAD_TARGET_DEFAULT=1]
  ignore line: [Target: x86_64-linux-gnu]
  ignore line: [Configured with: ../src/configure -v --with-pkgversion='Ubuntu 7.5.0-3ubuntu1~18.04' --with-bugurl=file:///usr/share/doc/gcc-7/README.Bugs --enable-languages=c,ada,c++,go,brig,d,fortran,objc,obj-c++ --prefix=/usr --with-gcc-major-version-only --program-suffix=-7 --program-prefix=x86_64-linux-gnu- --enable-shared --enable-linker-build-id --libexecdir=/usr/lib --without-included-gettext --enable-threads=posix --libdir=/usr/lib --enable-nls --enable-bootstrap --enable-clocale=gnu --enable-libstdcxx-debug --enable-libstdcxx-time=yes --with-default-libstdcxx-abi=new --enable-gnu-unique-object --disable-vtable-verify --enable-libmpx --enable-plugin --enable-default-pie --with-system-zlib --with-target-system-zlib --enable-objc-gc=auto --enable-multiarch --disable-werror --with-arch-32=i686 --with-abi=m64 --with-multilib-list=m32,m64,mx32 --enable-multilib --with-tune=generic --enable-offload-targets=nvptx-none --without-cuda-driver --enable-checking=release --build=x86_64-linux-gnu --host=x86_64-linux-gnu --target=x86_64-linux-gnu]
  ignore line: [Thread model: posix]
  ignore line: [gcc version 7.5.0 (Ubuntu 7.5.0-3ubuntu1~18.04) ]
  ignore line: [COMPILER_PATH=/usr/lib/gcc/x86_64-linux-gnu/7/:/usr/lib/gcc/x86_64-linux-gnu/7/:/usr/lib/gcc/x86_64-linux-gnu/:/usr/lib/gcc/x86_64-linux-gnu/7/:/usr/lib/gcc/x86_64-linux-gnu/]
  ignore line: [LIBRARY_PATH=/usr/lib/gcc/x86_64-linux-gnu/7/:/usr/lib/gcc/x86_64-linux-gnu/7/../../../x86_64-linux-gnu/:/usr/lib/gcc/x86_64-linux-gnu/7/../../../../lib/:/lib/x86_64-linux-gnu/:/lib/../lib/:/usr/lib/x86_64-linux-gnu/:/usr/lib/../lib/:/usr/lib/gcc/x86_64-linux-gnu/7/../../../:/lib/:/usr/lib/]
  ignore line: [COLLECT_GCC_OPTIONS='-v' '-rdynamic' '-o' 'cmTC_889b3' '-mtune=generic' '-march=x86-64']
  link line: [ /usr/lib/gcc/x86_64-linux-gnu/7/collect2 -plugin /usr/lib/gcc/x86_64-linux-gnu/7/liblto_plugin.so -plugin-opt=/usr/lib/gcc/x86_64-linux-gnu/7/lto-wrapper -plugin-opt=-fresolution=/tmp/ccNBtosW.res -plugin-opt=-pass-through=-lgcc -plugin-opt=-pass-through=-lgcc_s -plugin-opt=-pass-through=-lc -plugin-opt=-pass-through=-lgcc -plugin-opt=-pass-through=-lgcc_s --build-id --eh-frame-hdr -m elf_x86_64 --hash-style=gnu --as-needed -export-dynamic -dynamic-linker /lib64/ld-linux-x86-64.so.2 -pie -z now -z relro -o cmTC_889b3 /usr/lib/gcc/x86_64-linux-gnu/7/../../../x86_64-linux-gnu/Scrt1.o /usr/lib/gcc/x86_64-linux-gnu/7/../../../x86_64-linux-gnu/crti.o /usr/lib/gcc/x86_64-linux-gnu/7/crtbeginS.o -L/usr/lib/gcc/x86_64-linux-gnu/7 -L/usr/lib/gcc/x86_64-linux-gnu/7/../../../x86_64-linux-gnu -L/usr/lib/gcc/x86_64-linux-gnu/7/../../../../lib -L/lib/x86_64-linux-gnu -L/lib/../lib -L/usr/lib/x86_64-linux-gnu -L/usr/lib/../lib -L/usr/lib/gcc/x86_64-linux-gnu/7/../../.. CMakeFiles/cmTC_889b3.dir/CMakeCCompilerABI.c.o -lgcc --push-state --as-needed -lgcc_s --pop-state -lc -lgcc --push-state --as-needed -lgcc_s --pop-state /usr/lib/gcc/x86_64-linux-gnu/7/crtendS.o /usr/lib/gcc/x86_64-linux-gnu/7/../../../x86_64-linux-gnu/crtn.o]
    arg [/usr/lib/gcc/x86_64-linux-gnu/7/collect2] ==> ignore
    arg [-plugin] ==> ignore
    arg [/usr/lib/gcc/x86_64-linux-gnu/7/liblto_plugin.so] ==> ignore
    arg [-plugin-opt=/usr/lib/gcc/x86_64-linux-gnu/7/lto-wrapper] ==> ignore
    arg [-plugin-opt=-fresolution=/tmp/ccNBtosW.res] ==> ignore
    arg [-plugin-opt=-pass-through=-lgcc] ==> ignore
    arg [-plugin-opt=-pass-through=-lgcc_s] ==> ignore
    arg [-plugin-opt=-pass-through=-lc] ==> ignore
    arg [-plugin-opt=-pass-through=-lgcc] ==> ignore
    arg [-plugin-opt=-pass-through=-lgcc_s] ==> ignore
    arg [--build-id] ==> ignore
    arg [--eh-frame-hdr] ==> ignore
    arg [-m] ==> ignore
    arg [elf_x86_64] ==> ignore
    arg [--hash-style=gnu] ==> ignore
    arg [--as-needed] ==> ignore
    arg [-export-dynamic] ==> ignore
    arg [-dynamic-linker] ==> ignore
    arg [/lib64/ld-linux-x86-64.so.2] ==> ignore
    arg [-pie] ==> ignore
    arg [-znow] ==> ignore
    arg [-zrelro] ==> ignore
    arg [-o] ==> ignore
    arg [cmTC_889b3] ==> ignore
    arg [/usr/lib/gcc/x86_64-linux-gnu/7/../../../x86_64-linux-gnu/Scrt1.o] ==> ignore
    arg [/usr/lib/gcc/x86_64-linux-gnu/7/../../../x86_64-linux-gnu/crti.o] ==> ignore
    arg [/usr/lib/gcc/x86_64-linux-gnu/7/crtbeginS.o] ==> ignore
    arg [-L/usr/lib/gcc/x86_64-linux-gnu/7] ==> dir [/usr/lib/gcc/x86_64-linux-gnu/7]
    arg [-L/usr/lib/gcc/x86_64-linux-gnu/7/../../../x86_64-linux-gnu] ==> dir [/usr/lib/gcc/x86_64-linux-gnu/7/../../../x86_64-linux-gnu]
    arg [-L/usr/lib/gcc/x86_64-linux-gnu/7/../../../../lib] ==> dir [/usr/lib/gcc/x86_64-linux-gnu/7/../../../../lib]
    arg [-L/lib/x86_64-linux-gnu] ==> dir [/lib/x86_64-linux-gnu]
    arg [-L/lib/../lib] ==> dir [/lib/../lib]
    arg [-L/usr/lib/x86_64-linux-gnu] ==> dir [/usr/lib/x86_64-linux-gnu]
    arg [-L/usr/lib/../lib] ==> dir [/usr/lib/../lib]
    arg [-L/usr/lib/gcc/x86_64-linux-gnu/7/../../..] ==> dir [/usr/lib/gcc/x86_64-linux-gnu/7/../../..]
    arg [CMakeFiles/cmTC_889b3.dir/CMakeCCompilerABI.c.o] ==> ignore
    arg [-lgcc] ==> lib [gcc]
    arg [--push-state] ==> ignore
    arg [--as-needed] ==> ignore
    arg [-lgcc_s] ==> lib [gcc_s]
    arg [--pop-state] ==> ignore
    arg [-lc] ==> lib [c]
    arg [-lgcc] ==> lib [gcc]
    arg [--push-state] ==> ignore
    arg [--as-needed] ==> ignore
    arg [-lgcc_s] ==> lib [gcc_s]
    arg [--pop-state] ==> ignore
    arg [/usr/lib/gcc/x86_64-linux-gnu/7/crtendS.o] ==> ignore
    arg [/usr/lib/gcc/x86_64-linux-gnu/7/../../../x86_64-linux-gnu/crtn.o] ==> ignore
  collapse library dir [/usr/lib/gcc/x86_64-linux-gnu/7] ==> [/usr/lib/gcc/x86_64-linux-gnu/7]
  collapse library dir [/usr/lib/gcc/x86_64-linux-gnu/7/../../../x86_64-linux-gnu] ==> [/usr/lib/x86_64-linux-gnu]
  collapse library dir [/usr/lib/gcc/x86_64-linux-gnu/7/../../../../lib] ==> [/usr/lib]
  collapse library dir [/lib/x86_64-linux-gnu] ==> [/lib/x86_64-linux-gnu]
  collapse library dir [/lib/../lib] ==> [/lib]
  collapse library dir [/usr/lib/x86_64-linux-gnu] ==> [/usr/lib/x86_64-linux-gnu]
  collapse library dir [/usr/lib/../lib] ==> [/usr/lib]
  collapse library dir [/usr/lib/gcc/x86_64-linux-gnu/7/../../..] ==> [/usr/lib]
  implicit libs: [gcc;gcc_s;c;gcc;gcc_s]
  implicit dirs: [/usr/lib/gcc/x86_64-linux-gnu/7;/usr/lib/x86_64-linux-gnu;/usr/lib;/lib/x86_64-linux-gnu;/lib]
  implicit fwks: []




Detecting C [-std=c11] compiler features compiled with the following output:
Change Dir: /home/alan/Escritorio/tesis/pin/source/tools/pinjection/ejecutables/tiny-web-server/json-c-build/CMakeFiles/CMakeTmp

Run Build Command:"/usr/bin/make" "cmTC_6640e/fast"
/usr/bin/make -f CMakeFiles/cmTC_6640e.dir/build.make CMakeFiles/cmTC_6640e.dir/build
make[1]: se entra en el directorio '/home/alan/Escritorio/tesis/pin/source/tools/pinjection/ejecutables/tiny-web-server/json-c-build/CMakeFiles/CMakeTmp'
Building C object CMakeFiles/cmTC_6640e.dir/feature_tests.c.o
/usr/bin/cc   -std=c11 -o CMakeFiles/cmTC_6640e.dir/feature_tests.c.o   -c /home/alan/Escritorio/tesis/pin/source/tools/pinjection/ejecutables/tiny-web-server/json-c-build/CMakeFiles/feature_tests.c
Linking C executable cmTC_6640e
/usr/bin/cmake -E cmake_link_script CMakeFiles/cmTC_6640e.dir/link.txt --verbose=1
/usr/bin/cc      -rdynamic CMakeFiles/cmTC_6640e.dir/feature_tests.c.o  -o cmTC_6640e 
make[1]: se sale del directorio '/home/alan/Escritorio/tesis/pin/source/tools/pinjection/ejecutables/tiny-web-server/json-c-build/CMakeFiles/CMakeTmp'


    Feature record: C_FEATURE:1c_function_prototypes
    Feature record: C_FEATURE:1c_restrict
    Feature record: C_FEATURE:1c_static_assert
    Feature record: C_FEATURE:1c_variadic_macros


Detecting C [-std=c99] compiler features compiled with the following output:
Change Dir: /home/alan/Escritorio/tesis/pin/source/tools/pinjection/ejecutables/tiny-web-server/json-c-build/CMakeFiles/CMakeTmp

Run Build Command:"/usr/bin/make" "cmTC_b1ddb/fast"
/usr/bin/make -f CMakeFiles/cmTC_b1ddb.dir/build.make CMakeFiles/cmTC_b1ddb.dir/build
make[1]: se entra en el directorio '/home/alan/Escritorio/tesis/pin/source/tools/pinjection/ejecutables/tiny-web-server/json-c-build/CMakeFiles/CMakeTmp'
Building C object CMakeFiles/cmTC_b1ddb.dir/feature_tests.c.o
/usr/bin/cc   -std=c99 -o CMakeFiles/cmTC_b1ddb.dir/feature_tests.c.o   -c /home/alan/Escritorio/tesis/pin/source/tools/pinjection/ejecutables/tiny-web-server/json-c-build/CMakeFiles/feature_tests.c
Linking C executable cmTC_b1ddb
/usr/bin/cmake -E cmake_link_script CMakeFiles/cmTC_b1ddb.dir/link.txt --verbose=1
/usr/bin/cc      -rdynamic CMakeFiles/cmTC_b1ddb.dir/feature_tests.c.o  -o cmTC_b1ddb 
make[1]: se sale del directorio '/home/alan/Escritorio/tesis/pin/source/tools/pinjection/ejecutables/tiny-web-server/json-c-build/CMakeFiles/CMakeTmp'


    Feature record: C_FEATURE:1c_function_prototypes
    Feature record: C_FEATURE:1c_restrict
    Feature record: C_FEATURE:0c_static_assert
    Feature record: C_FEATURE:1c_variadic_macros


Detecting C [-std=c90] compiler features compiled with the following output:
Change Dir: /home/alan/Escritorio/tesis/pin/source/tools/pinjection/ejecutables/tiny-web-server/json-c-build/CMakeFiles/CMakeTmp

Run Build Command:"/usr/bin/make" "cmTC_6d76c/fast"
/usr/bin/make -f CMakeFiles/cmTC_6d76c.dir/build.make CMakeFiles/cmTC_6d76c.dir/build
make[1]: se entra en el directorio '/home/alan/Escritorio/tesis/pin/source/tools/pinjection/ejecutables/tiny-web-server/json-c-build/CMakeFiles/CMakeTmp'
Building C object CMakeFiles/cmTC_6d76c.dir/feature_tests.c.o
/usr/bin/cc   -std=c90 -o CMakeFiles/cmTC_6d76c.dir/feature_tests.c.o   -c /home/alan/Escritorio/tesis/pin/source/tools/pinjection/ejecutables/tiny-web-server/json-c-build/CMakeFiles/feature_tests.c
Linking C executable cmTC_6d76c
/usr/bin/cmake -E cmake_link_script CMakeFiles/cmTC_6d76c.dir/link.txt --verbose=1
/usr/bin/cc      -rdynamic CMakeFiles/cmTC_6d76c.dir/feature_tests.c.o  -o cmTC_6d76c 
make[1]: se sale del directorio '/home/alan/Escritorio/tesis/pin/source/tools/pinjection/ejecutables/tiny-web-server/json-c-build/CMakeFiles/CMakeTmp'


    Feature record: C_FEATURE:1c_function_prototypes
    Feature record: C_FEATURE:0c_restrict
    Feature record: C_FEATURE:0c_static_assert
    Feature record: C_FEATURE:0c_variadic_macros
Determining if the include file sys/resource.h exists passed with the following output:
Change Dir: /home/alan/Escritorio/tesis/pin/source/tools/pinjection/ejecutables/tiny-web-server/json-c-build/CMakeFiles/CMakeTmp

Run Build Command:"/usr/bin/make" "cmTC_168e3/fast"
/usr/bin/make -f CMakeFiles/cmTC_168e3.dir/build.make CMakeFiles/cmTC_168e3.dir/build
make[1]: se entra en el directorio '/home/alan/Escritorio/tesis/pin/source/tools/pinjection/ejecutables/tiny-web-server/json-c-build/CMakeFiles/CMakeTmp'
Building C object CMakeFiles/cmTC_168e3.dir/CheckIncludeFile.c.o
/usr/bin/cc    -o CMakeFiles/cmTC_168e3.dir/CheckIncludeFile.c.o   -c /home/alan/Escritorio/tesis/pin/source/tools/pinjection/ejecutables/tiny-web-server/json-c-build/CMakeFiles/CMakeTmp/CheckIncludeFile.c
Linking C executable cmTC_168e3
/usr/bin/cmake -E cmake_link_script CMakeFiles/cmTC_168e3.dir/link.txt --verbose=1
/usr/bin/cc      -rdynamic CMakeFiles/cmTC_168e3.dir/CheckIncludeFile.c.o  -o cmTC_168e3 
make[1]: se sale del directorio '/home/alan/Escritorio/tesis/pin/source/tools/pinjection/ejecutables/tiny-web-server/json-c-build/CMakeFiles/CMakeTmp'


Determining if the getrusage exist passed with the following output:
Change Dir: /home/alan/Escritorio/tesis/pin/source/tools/pinjection/ejecutables/tiny-web-server/json-c-build/CMakeFiles/CMakeTmp

Run Build Command:"/usr/bin/make" "cmTC_3984c/fast"
/usr/bin/make -f CMakeFiles/cmTC_3984c.dir/build.make CMakeFiles/cmTC_3984c.dir/build
make[1]: se entra en el directorio '/home/alan/Escritorio/tesis/pin/source/tools/pinjection/ejecutables/tiny-web-server/json-c-build/CMakeFiles/CMakeTmp'
Building C object CMakeFiles/cmTC_3984c.dir/CheckSymbolExists.c.o
/usr/bin/cc    -o CMakeFiles/cmTC_3984c.dir/CheckSymbolExists.c.o   -c /home/alan/Escritorio/tesis/pin/source/tools/pinjection/ejecutables/tiny-web-server/json-c-build/CMakeFiles/CMakeTmp/CheckSymbolExists.c
Linking C executable cmTC_3984c
/usr/bin/cmake -E cmake_link_script CMakeFiles/cmTC_3984c.dir/link.txt --verbose=1
/usr/bin/cc      -rdynamic CMakeFiles/cmTC_3984c.dir/CheckSymbolExists.c.o  -o cmTC_3984c 
make[1]: se sale del directorio '/home/alan/Escritorio/tesis/pin/source/tools/pinjection/ejecutables/tiny-web-server/json-c-build/CMakeFiles/CMakeTmp'

File /home/alan/Escritorio/tesis/pin/source/tools/pinjection/ejecutables/tiny-web-server/json-c-build/CMakeFiles/CMakeTmp/CheckSymbolExists.c:
/* */
#include <sys/resource.h>

int main(int argc, char** argv)
{
  (void)argv;
#ifndef getrusage
  return ((int*)(&getrusage))[argc];
#else
  (void)argc;
  return 0;
#endif
}

Determining if the include file fcntl.h exists passed with the following output:
Change Dir: /home/alan/Escritorio/tesis/pin/source/tools/pinjection/ejecutables/tiny-web-server/json-c-build/CMakeFiles/CMakeTmp

Run Build Command:"/usr/bin/make" "cmTC_6177a/fast"
/usr/bin/make -f CMakeFiles/cmTC_6177a.dir/build.make CMakeFiles/cmTC_6177a.dir/build
make[1]: se entra en el directorio '/home/alan/Escritorio/tesis/pin/source/tools/pinjection/ejecutables/tiny-web-server/json-c-build/CMakeFiles/CMakeTmp'
Building C object CMakeFiles/cmTC_6177a.dir/CheckIncludeFile.c.o
/usr/bin/cc -D_GNU_SOURCE   -o CMakeFiles/cmTC_6177a.dir/CheckIncludeFile.c.o   -c /home/alan/Escritorio/tesis/pin/source/tools/pinjection/ejecutables/tiny-web-server/json-c-build/CMakeFiles/CMakeTmp/CheckIncludeFile.c
Linking C executable cmTC_6177a
/usr/bin/cmake -E cmake_link_script CMakeFiles/cmTC_6177a.dir/link.txt --verbose=1
/usr/bin/cc      -rdynamic CMakeFiles/cmTC_6177a.dir/CheckIncludeFile.c.o  -o cmTC_6177a 
make[1]: se sale del directorio '/home/alan/Escritorio/tesis/pin/source/tools/pinjection/ejecutables/tiny-web-server/json-c-build/CMakeFiles/CMakeTmp'


Determining if the include file inttypes.h exists passed with the following output:
Change Dir: /home/alan/Escritorio/tesis/pin/source/tools/pinjection/ejecutables/tiny-web-server/json-c-build/CMakeFiles/CMakeTmp

Run Build Command:"/usr/bin/make" "cmTC_52aba/fast"
/usr/bin/make -f CMakeFiles/cmTC_52aba.dir/build.make CMakeFiles/cmTC_52aba.dir/build
make[1]: se entra en el directorio '/home/alan/Escritorio/tesis/pin/source/tools/pinjection/ejecutables/tiny-web-server/json-c-build/CMakeFiles/CMakeTmp'
Building C object CMakeFiles/cmTC_52aba.dir/CheckIncludeFile.c.o
/usr/bin/cc -D_GNU_SOURCE   -o CMakeFiles/cmTC_52aba.dir/CheckIncludeFile.c.o   -c /home/alan/Escritorio/tesis/pin/source/tools/pinjection/ejecutables/tiny-web-server/json-c-build/CMakeFiles/CMakeTmp/CheckIncludeFile.c
Linking C executable cmTC_52aba
/usr/bin/cmake -E cmake_link_script CMakeFiles/cmTC_52aba.dir/link.txt --verbose=1
/usr/bin/cc      -rdynamic CMakeFiles/cmTC_52aba.dir/CheckIncludeFile.c.o  -o cmTC_52aba 
make[1]: se sale del directorio '/home/alan/Escritorio/tesis/pin/source/tools/pinjection/ejecutables/tiny-web-server/json-c-build/CMakeFiles/CMakeTmp'


Determining if the include file stdarg.h exists passed with the following output:
Change Dir: /home/alan/Escritorio/tesis/pin/source/tools/pinjection/ejecutables/tiny-web-server/json-c-build/CMakeFiles/CMakeTmp

Run Build Command:"/usr/bin/make" "cmTC_02a13/fast"
/usr/bin/make -f CMakeFiles/cmTC_02a13.dir/build.make CMakeFiles/cmTC_02a13.dir/build
make[1]: se entra en el directorio '/home/alan/Escritorio/tesis/pin/source/tools/pinjection/ejecutables/tiny-web-server/json-c-build/CMakeFiles/CMakeTmp'
Building C object CMakeFiles/cmTC_02a13.dir/CheckIncludeFile.c.o
/usr/bin/cc -D_GNU_SOURCE   -o CMakeFiles/cmTC_02a13.dir/CheckIncludeFile.c.o   -c /home/alan/Escritorio/tesis/pin/source/tools/pinjection/ejecutables/tiny-web-server/json-c-build/CMakeFiles/CMakeTmp/CheckIncludeFile.c
Linking C executable cmTC_02a13
/usr/bin/cmake -E cmake_link_script CMakeFiles/cmTC_02a13.dir/link.txt --verbose=1
/usr/bin/cc      -rdynamic CMakeFiles/cmTC_02a13.dir/CheckIncludeFile.c.o  -o cmTC_02a13 
make[1]: se sale del directorio '/home/alan/Escritorio/tesis/pin/source/tools/pinjection/ejecutables/tiny-web-server/json-c-build/CMakeFiles/CMakeTmp'


Determining if the include file strings.h exists passed with the following output:
Change Dir: /home/alan/Escritorio/tesis/pin/source/tools/pinjection/ejecutables/tiny-web-server/json-c-build/CMakeFiles/CMakeTmp

Run Build Command:"/usr/bin/make" "cmTC_7eb53/fast"
/usr/bin/make -f CMakeFiles/cmTC_7eb53.dir/build.make CMakeFiles/cmTC_7eb53.dir/build
make[1]: se entra en el directorio '/home/alan/Escritorio/tesis/pin/source/tools/pinjection/ejecutables/tiny-web-server/json-c-build/CMakeFiles/CMakeTmp'
Building C object CMakeFiles/cmTC_7eb53.dir/CheckIncludeFile.c.o
/usr/bin/cc -D_GNU_SOURCE   -o CMakeFiles/cmTC_7eb53.dir/CheckIncludeFile.c.o   -c /home/alan/Escritorio/tesis/pin/source/tools/pinjection/ejecutables/tiny-web-server/json-c-build/CMakeFiles/CMakeTmp/CheckIncludeFile.c
Linking C executable cmTC_7eb53
/usr/bin/cmake -E cmake_link_script CMakeFiles/cmTC_7eb53.dir/link.txt --verbose=1
/usr/bin/cc      -rdynamic CMakeFiles/cmTC_7eb53.dir/CheckIncludeFile.c.o  -o cmTC_7eb53 
make[1]: se sale del directorio '/home/alan/Escritorio/tesis/pin/source/tools/pinjection/ejecutables/tiny-web-server/json-c-build/CMakeFiles/CMakeTmp'


Determining if the include file string.h exists passed with the following output:
Change Dir: /home/alan/Escritorio/tesis/pin/source/tools/pinjection/ejecutables/tiny-web-server/json-c-build/CMakeFiles/CMakeTmp

Run Build Command:"/usr/bin/make" "cmTC_f87a3/fast"
/usr/bin/make -f CMakeFiles/cmTC_f87a3.dir/build.make CMakeFiles/cmTC_f87a3.dir/build
make[1]: se entra en el directorio '/home/alan/Escritorio/tesis/pin/source/tools/pinjection/ejecutables/tiny-web-server/json-c-build/CMakeFiles/CMakeTmp'
Building C object CMakeFiles/cmTC_f87a3.dir/CheckIncludeFile.c.o
/usr/bin/cc -D_GNU_SOURCE   -o CMakeFiles/cmTC_f87a3.dir/CheckIncludeFile.c.o   -c /home/alan/Escritorio/tesis/pin/source/tools/pinjection/ejecutables/tiny-web-server/json-c-build/CMakeFiles/CMakeTmp/CheckIncludeFile.c
Linking C executable cmTC_f87a3
/usr/bin/cmake -E cmake_link_script CMakeFiles/cmTC_f87a3.dir/link.txt --verbose=1
/usr/bin/cc      -rdynamic CMakeFiles/cmTC_f87a3.dir/CheckIncludeFile.c.o  -o cmTC_f87a3 
make[1]: se sale del directorio '/home/alan/Escritorio/tesis/pin/source/tools/pinjection/ejecutables/tiny-web-server/json-c-build/CMakeFiles/CMakeTmp'


Determining if the include file syslog.h exists passed with the following output:
Change Dir: /home/alan/Escritorio/tesis/pin/source/tools/pinjection/ejecutables/tiny-web-server/json-c-build/CMakeFiles/CMakeTmp

Run Build Command:"/usr/bin/make" "cmTC_f5563/fast"
/usr/bin/make -f CMakeFiles/cmTC_f5563.dir/build.make CMakeFiles/cmTC_f5563.dir/build
make[1]: se entra en el directorio '/home/alan/Escritorio/tesis/pin/source/tools/pinjection/ejecutables/tiny-web-server/json-c-build/CMakeFiles/CMakeTmp'
Building C object CMakeFiles/cmTC_f5563.dir/CheckIncludeFile.c.o
/usr/bin/cc -D_GNU_SOURCE   -o CMakeFiles/cmTC_f5563.dir/CheckIncludeFile.c.o   -c /home/alan/Escritorio/tesis/pin/source/tools/pinjection/ejecutables/tiny-web-server/json-c-build/CMakeFiles/CMakeTmp/CheckIncludeFile.c
Linking C executable cmTC_f5563
/usr/bin/cmake -E cmake_link_script CMakeFiles/cmTC_f5563.dir/link.txt --verbose=1
/usr/bin/cc      -rdynamic CMakeFiles/cmTC_f5563.dir/CheckIncludeFile.c.o  -o cmTC_f5563 
make[1]: se sale del directorio '/home/alan/Escritorio/tesis/pin/source/tools/pinjection/ejecutables/tiny-web-server/json-c-build/CMakeFiles/CMakeTmp'


Determining if files stdlib.h;stdarg.h;string.h;float.h exist passed with the following output:
Change Dir: /home/alan/Escritorio/tesis/pin/source/tools/pinjection/ejecutables/tiny-web-server/json-c-build/CMakeFiles/CMakeTmp

Run Build Command:"/usr/bin/make" "cmTC_d2a0c/fast"
/usr/bin/make -f CMakeFiles/cmTC_d2a0c.dir/build.make CMakeFiles/cmTC_d2a0c.dir/build
make[1]: se entra en el directorio '/home/alan/Escritorio/tesis/pin/source/tools/pinjection/ejecutables/tiny-web-server/json-c-build/CMakeFiles/CMakeTmp'
Building C object CMakeFiles/cmTC_d2a0c.dir/CheckIncludeFiles.c.o
/usr/bin/cc -D_GNU_SOURCE   -o CMakeFiles/cmTC_d2a0c.dir/CheckIncludeFiles.c.o   -c /home/alan/Escritorio/tesis/pin/source/tools/pinjection/ejecutables/tiny-web-server/json-c-build/CMakeFiles/CMakeTmp/CheckIncludeFiles.c
Linking C executable cmTC_d2a0c
/usr/bin/cmake -E cmake_link_script CMakeFiles/cmTC_d2a0c.dir/link.txt --verbose=1
/usr/bin/cc      -rdynamic CMakeFiles/cmTC_d2a0c.dir/CheckIncludeFiles.c.o  -o cmTC_d2a0c 
make[1]: se sale del directorio '/home/alan/Escritorio/tesis/pin/source/tools/pinjection/ejecutables/tiny-web-server/json-c-build/CMakeFiles/CMakeTmp'


Determining if the include file unistd.h exists passed with the following output:
Change Dir: /home/alan/Escritorio/tesis/pin/source/tools/pinjection/ejecutables/tiny-web-server/json-c-build/CMakeFiles/CMakeTmp

Run Build Command:"/usr/bin/make" "cmTC_c8caf/fast"
/usr/bin/make -f CMakeFiles/cmTC_c8caf.dir/build.make CMakeFiles/cmTC_c8caf.dir/build
make[1]: se entra en el directorio '/home/alan/Escritorio/tesis/pin/source/tools/pinjection/ejecutables/tiny-web-server/json-c-build/CMakeFiles/CMakeTmp'
Building C object CMakeFiles/cmTC_c8caf.dir/CheckIncludeFile.c.o
/usr/bin/cc -D_GNU_SOURCE   -o CMakeFiles/cmTC_c8caf.dir/CheckIncludeFile.c.o   -c /home/alan/Escritorio/tesis/pin/source/tools/pinjection/ejecutables/tiny-web-server/json-c-build/CMakeFiles/CMakeTmp/CheckIncludeFile.c
Linking C executable cmTC_c8caf
/usr/bin/cmake -E cmake_link_script CMakeFiles/cmTC_c8caf.dir/link.txt --verbose=1
/usr/bin/cc      -rdynamic CMakeFiles/cmTC_c8caf.dir/CheckIncludeFile.c.o  -o cmTC_c8caf 
make[1]: se sale del directorio '/home/alan/Escritorio/tesis/pin/source/tools/pinjection/ejecutables/tiny-web-server/json-c-build/CMakeFiles/CMakeTmp'


Determining if the include file sys/types.h exists passed with the following output:
Change Dir: /home/alan/Escritorio/tesis/pin/source/tools/pinjection/ejecutables/tiny-web-server/json-c-build/CMakeFiles/CMakeTmp

Run Build Command:"/usr/bin/make" "cmTC_82893/fast"
/usr/bin/make -f CMakeFiles/cmTC_82893.dir/build.make CMakeFiles/cmTC_82893.dir/build
make[1]: se entra en el directorio '/home/alan/Escritorio/tesis/pin/source/tools/pinjection/ejecutables/tiny-web-server/json-c-build/CMakeFiles/CMakeTmp'
Building C object CMakeFiles/cmTC_82893.dir/CheckIncludeFile.c.o
/usr/bin/cc -D_GNU_SOURCE   -o CMakeFiles/cmTC_82893.dir/CheckIncludeFile.c.o   -c /home/alan/Escritorio/tesis/pin/source/tools/pinjection/ejecutables/tiny-web-server/json-c-build/CMakeFiles/CMakeTmp/CheckIncludeFile.c
Linking C executable cmTC_82893
/usr/bin/cmake -E cmake_link_script CMakeFiles/cmTC_82893.dir/link.txt --verbose=1
/usr/bin/cc      -rdynamic CMakeFiles/cmTC_82893.dir/CheckIncludeFile.c.o  -o cmTC_82893 
make[1]: se sale del directorio '/home/alan/Escritorio/tesis/pin/source/tools/pinjection/ejecutables/tiny-web-server/json-c-build/CMakeFiles/CMakeTmp'


Determining if the include file dlfcn.h exists passed with the following output:
Change Dir: /home/alan/Escritorio/tesis/pin/source/tools/pinjection/ejecutables/tiny-web-server/json-c-build/CMakeFiles/CMakeTmp

Run Build Command:"/usr/bin/make" "cmTC_c309f/fast"
/usr/bin/make -f CMakeFiles/cmTC_c309f.dir/build.make CMakeFiles/cmTC_c309f.dir/build
make[1]: se entra en el directorio '/home/alan/Escritorio/tesis/pin/source/tools/pinjection/ejecutables/tiny-web-server/json-c-build/CMakeFiles/CMakeTmp'
Building C object CMakeFiles/cmTC_c309f.dir/CheckIncludeFile.c.o
/usr/bin/cc -D_GNU_SOURCE   -o CMakeFiles/cmTC_c309f.dir/CheckIncludeFile.c.o   -c /home/alan/Escritorio/tesis/pin/source/tools/pinjection/ejecutables/tiny-web-server/json-c-build/CMakeFiles/CMakeTmp/CheckIncludeFile.c
Linking C executable cmTC_c309f
/usr/bin/cmake -E cmake_link_script CMakeFiles/cmTC_c309f.dir/link.txt --verbose=1
/usr/bin/cc      -rdynamic CMakeFiles/cmTC_c309f.dir/CheckIncludeFile.c.o  -o cmTC_c309f 
make[1]: se sale del directorio '/home/alan/Escritorio/tesis/pin/source/tools/pinjection/ejecutables/tiny-web-server/json-c-build/CMakeFiles/CMakeTmp'


Determining if the include file endian.h exists passed with the following output:
Change Dir: /home/alan/Escritorio/tesis/pin/source/tools/pinjection/ejecutables/tiny-web-server/json-c-build/CMakeFiles/CMakeTmp

Run Build Command:"/usr/bin/make" "cmTC_5ca2a/fast"
/usr/bin/make -f CMakeFiles/cmTC_5ca2a.dir/build.make CMakeFiles/cmTC_5ca2a.dir/build
make[1]: se entra en el directorio '/home/alan/Escritorio/tesis/pin/source/tools/pinjection/ejecutables/tiny-web-server/json-c-build/CMakeFiles/CMakeTmp'
Building C object CMakeFiles/cmTC_5ca2a.dir/CheckIncludeFile.c.o
/usr/bin/cc -D_GNU_SOURCE   -o CMakeFiles/cmTC_5ca2a.dir/CheckIncludeFile.c.o   -c /home/alan/Escritorio/tesis/pin/source/tools/pinjection/ejecutables/tiny-web-server/json-c-build/CMakeFiles/CMakeTmp/CheckIncludeFile.c
Linking C executable cmTC_5ca2a
/usr/bin/cmake -E cmake_link_script CMakeFiles/cmTC_5ca2a.dir/link.txt --verbose=1
/usr/bin/cc      -rdynamic CMakeFiles/cmTC_5ca2a.dir/CheckIncludeFile.c.o  -o cmTC_5ca2a 
make[1]: se sale del directorio '/home/alan/Escritorio/tesis/pin/source/tools/pinjection/ejecutables/tiny-web-server/json-c-build/CMakeFiles/CMakeTmp'


Determining if the include file limits.h exists passed with the following output:
Change Dir: /home/alan/Escritorio/tesis/pin/source/tools/pinjection/ejecutables/tiny-web-server/json-c-build/CMakeFiles/CMakeTmp

Run Build Command:"/usr/bin/make" "cmTC_24dfe/fast"
/usr/bin/make -f CMakeFiles/cmTC_24dfe.dir/build.make CMakeFiles/cmTC_24dfe.dir/build
make[1]: se entra en el directorio '/home/alan/Escritorio/tesis/pin/source/tools/pinjection/ejecutables/tiny-web-server/json-c-build/CMakeFiles/CMakeTmp'
Building C object CMakeFiles/cmTC_24dfe.dir/CheckIncludeFile.c.o
/usr/bin/cc -D_GNU_SOURCE   -o CMakeFiles/cmTC_24dfe.dir/CheckIncludeFile.c.o   -c /home/alan/Escritorio/tesis/pin/source/tools/pinjection/ejecutables/tiny-web-server/json-c-build/CMakeFiles/CMakeTmp/CheckIncludeFile.c
Linking C executable cmTC_24dfe
/usr/bin/cmake -E cmake_link_script CMakeFiles/cmTC_24dfe.dir/link.txt --verbose=1
/usr/bin/cc      -rdynamic CMakeFiles/cmTC_24dfe.dir/CheckIncludeFile.c.o  -o cmTC_24dfe 
make[1]: se sale del directorio '/home/alan/Escritorio/tesis/pin/source/tools/pinjection/ejecutables/tiny-web-server/json-c-build/CMakeFiles/CMakeTmp'


Determining if the include file locale.h exists passed with the following output:
Change Dir: /home/alan/Escritorio/tesis/pin/source/tools/pinjection/ejecutables/tiny-web-server/json-c-build/CMakeFiles/CMakeTmp

Run Build Command:"/usr/bin/make" "cmTC_6c4d3/fast"
/usr/bin/make -f CMakeFiles/cmTC_6c4d3.dir/build.make CMakeFiles/cmTC_6c4d3.dir/build
make[1]: se entra en el directorio '/home/alan/Escritorio/tesis/pin/source/tools/pinjection/ejecutables/tiny-web-server/json-c-build/CMakeFiles/CMakeTmp'
Building C object CMakeFiles/cmTC_6c4d3.dir/CheckIncludeFile.c.o
/usr/bin/cc -D_GNU_SOURCE   -o CMakeFiles/cmTC_6c4d3.dir/CheckIncludeFile.c.o   -c /home/alan/Escritorio/tesis/pin/source/tools/pinjection/ejecutables/tiny-web-server/json-c-build/CMakeFiles/CMakeTmp/CheckIncludeFile.c
Linking C executable cmTC_6c4d3
/usr/bin/cmake -E cmake_link_script CMakeFiles/cmTC_6c4d3.dir/link.txt --verbose=1
/usr/bin/cc      -rdynamic CMakeFiles/cmTC_6c4d3.dir/CheckIncludeFile.c.o  -o cmTC_6c4d3 
make[1]: se sale del directorio '/home/alan/Escritorio/tesis/pin/source/tools/pinjection/ejecutables/tiny-web-server/json-c-build/CMakeFiles/CMakeTmp'


Determining if the include file memory.h exists passed with the following output:
Change Dir: /home/alan/Escritorio/tesis/pin/source/tools/pinjection/ejecutables/tiny-web-server/json-c-build/CMakeFiles/CMakeTmp

Run Build Command:"/usr/bin/make" "cmTC_f8b5b/fast"
/usr/bin/make -f CMakeFiles/cmTC_f8b5b.dir/build.make CMakeFiles/cmTC_f8b5b.dir/build
make[1]: se entra en el directorio '/home/alan/Escritorio/tesis/pin/source/tools/pinjection/ejecutables/tiny-web-server/json-c-build/CMakeFiles/CMakeTmp'
Building C object CMakeFiles/cmTC_f8b5b.dir/CheckIncludeFile.c.o
/usr/bin/cc -D_GNU_SOURCE   -o CMakeFiles/cmTC_f8b5b.dir/CheckIncludeFile.c.o   -c /home/alan/Escritorio/tesis/pin/source/tools/pinjection/ejecutables/tiny-web-server/json-c-build/CMakeFiles/CMakeTmp/CheckIncludeFile.c
Linking C executable cmTC_f8b5b
/usr/bin/cmake -E cmake_link_script CMakeFiles/cmTC_f8b5b.dir/link.txt --verbose=1
/usr/bin/cc      -rdynamic CMakeFiles/cmTC_f8b5b.dir/CheckIncludeFile.c.o  -o cmTC_f8b5b 
make[1]: se sale del directorio '/home/alan/Escritorio/tesis/pin/source/tools/pinjection/ejecutables/tiny-web-server/json-c-build/CMakeFiles/CMakeTmp'


Determining if the include file stdint.h exists passed with the following output:
Change Dir: /home/alan/Escritorio/tesis/pin/source/tools/pinjection/ejecutables/tiny-web-server/json-c-build/CMakeFiles/CMakeTmp

Run Build Command:"/usr/bin/make" "cmTC_f4e82/fast"
/usr/bin/make -f CMakeFiles/cmTC_f4e82.dir/build.make CMakeFiles/cmTC_f4e82.dir/build
make[1]: se entra en el directorio '/home/alan/Escritorio/tesis/pin/source/tools/pinjection/ejecutables/tiny-web-server/json-c-build/CMakeFiles/CMakeTmp'
Building C object CMakeFiles/cmTC_f4e82.dir/CheckIncludeFile.c.o
/usr/bin/cc -D_GNU_SOURCE   -o CMakeFiles/cmTC_f4e82.dir/CheckIncludeFile.c.o   -c /home/alan/Escritorio/tesis/pin/source/tools/pinjection/ejecutables/tiny-web-server/json-c-build/CMakeFiles/CMakeTmp/CheckIncludeFile.c
Linking C executable cmTC_f4e82
/usr/bin/cmake -E cmake_link_script CMakeFiles/cmTC_f4e82.dir/link.txt --verbose=1
/usr/bin/cc      -rdynamic CMakeFiles/cmTC_f4e82.dir/CheckIncludeFile.c.o  -o cmTC_f4e82 
make[1]: se sale del directorio '/home/alan/Escritorio/tesis/pin/source/tools/pinjection/ejecutables/tiny-web-server/json-c-build/CMakeFiles/CMakeTmp'


Determining if the include file stdlib.h exists passed with the following output:
Change Dir: /home/alan/Escritorio/tesis/pin/source/tools/pinjection/ejecutables/tiny-web-server/json-c-build/CMakeFiles/CMakeTmp

Run Build Command:"/usr/bin/make" "cmTC_ac276/fast"
/usr/bin/make -f CMakeFiles/cmTC_ac276.dir/build.make CMakeFiles/cmTC_ac276.dir/build
make[1]: se entra en el directorio '/home/alan/Escritorio/tesis/pin/source/tools/pinjection/ejecutables/tiny-web-server/json-c-build/CMakeFiles/CMakeTmp'
Building C object CMakeFiles/cmTC_ac276.dir/CheckIncludeFile.c.o
/usr/bin/cc -D_GNU_SOURCE   -o CMakeFiles/cmTC_ac276.dir/CheckIncludeFile.c.o   -c /home/alan/Escritorio/tesis/pin/source/tools/pinjection/ejecutables/tiny-web-server/json-c-build/CMakeFiles/CMakeTmp/CheckIncludeFile.c
Linking C executable cmTC_ac276
/usr/bin/cmake -E cmake_link_script CMakeFiles/cmTC_ac276.dir/link.txt --verbose=1
/usr/bin/cc      -rdynamic CMakeFiles/cmTC_ac276.dir/CheckIncludeFile.c.o  -o cmTC_ac276 
make[1]: se sale del directorio '/home/alan/Escritorio/tesis/pin/source/tools/pinjection/ejecutables/tiny-web-server/json-c-build/CMakeFiles/CMakeTmp'


Determining if the include file sys/cdefs.h exists passed with the following output:
Change Dir: /home/alan/Escritorio/tesis/pin/source/tools/pinjection/ejecutables/tiny-web-server/json-c-build/CMakeFiles/CMakeTmp

Run Build Command:"/usr/bin/make" "cmTC_f1301/fast"
/usr/bin/make -f CMakeFiles/cmTC_f1301.dir/build.make CMakeFiles/cmTC_f1301.dir/build
make[1]: se entra en el directorio '/home/alan/Escritorio/tesis/pin/source/tools/pinjection/ejecutables/tiny-web-server/json-c-build/CMakeFiles/CMakeTmp'
Building C object CMakeFiles/cmTC_f1301.dir/CheckIncludeFile.c.o
/usr/bin/cc -D_GNU_SOURCE   -o CMakeFiles/cmTC_f1301.dir/CheckIncludeFile.c.o   -c /home/alan/Escritorio/tesis/pin/source/tools/pinjection/ejecutables/tiny-web-server/json-c-build/CMakeFiles/CMakeTmp/CheckIncludeFile.c
Linking C executable cmTC_f1301
/usr/bin/cmake -E cmake_link_script CMakeFiles/cmTC_f1301.dir/link.txt --verbose=1
/usr/bin/cc      -rdynamic CMakeFiles/cmTC_f1301.dir/CheckIncludeFile.c.o  -o cmTC_f1301 
make[1]: se sale del directorio '/home/alan/Escritorio/tesis/pin/source/tools/pinjection/ejecutables/tiny-web-server/json-c-build/CMakeFiles/CMakeTmp'


Determining if the include file sys/param.h exists passed with the following output:
Change Dir: /home/alan/Escritorio/tesis/pin/source/tools/pinjection/ejecutables/tiny-web-server/json-c-build/CMakeFiles/CMakeTmp

Run Build Command:"/usr/bin/make" "cmTC_e17b6/fast"
/usr/bin/make -f CMakeFiles/cmTC_e17b6.dir/build.make CMakeFiles/cmTC_e17b6.dir/build
make[1]: se entra en el directorio '/home/alan/Escritorio/tesis/pin/source/tools/pinjection/ejecutables/tiny-web-server/json-c-build/CMakeFiles/CMakeTmp'
Building C object CMakeFiles/cmTC_e17b6.dir/CheckIncludeFile.c.o
/usr/bin/cc -D_GNU_SOURCE   -o CMakeFiles/cmTC_e17b6.dir/CheckIncludeFile.c.o   -c /home/alan/Escritorio/tesis/pin/source/tools/pinjection/ejecutables/tiny-web-server/json-c-build/CMakeFiles/CMakeTmp/CheckIncludeFile.c
Linking C executable cmTC_e17b6
/usr/bin/cmake -E cmake_link_script CMakeFiles/cmTC_e17b6.dir/link.txt --verbose=1
/usr/bin/cc      -rdynamic CMakeFiles/cmTC_e17b6.dir/CheckIncludeFile.c.o  -o cmTC_e17b6 
make[1]: se sale del directorio '/home/alan/Escritorio/tesis/pin/source/tools/pinjection/ejecutables/tiny-web-server/json-c-build/CMakeFiles/CMakeTmp'


Determining if the include file sys/stat.h exists passed with the following output:
Change Dir: /home/alan/Escritorio/tesis/pin/source/tools/pinjection/ejecutables/tiny-web-server/json-c-build/CMakeFiles/CMakeTmp

Run Build Command:"/usr/bin/make" "cmTC_aa6cd/fast"
/usr/bin/make -f CMakeFiles/cmTC_aa6cd.dir/build.make CMakeFiles/cmTC_aa6cd.dir/build
make[1]: se entra en el directorio '/home/alan/Escritorio/tesis/pin/source/tools/pinjection/ejecutables/tiny-web-server/json-c-build/CMakeFiles/CMakeTmp'
Building C object CMakeFiles/cmTC_aa6cd.dir/CheckIncludeFile.c.o
/usr/bin/cc -D_GNU_SOURCE   -o CMakeFiles/cmTC_aa6cd.dir/CheckIncludeFile.c.o   -c /home/alan/Escritorio/tesis/pin/source/tools/pinjection/ejecutables/tiny-web-server/json-c-build/CMakeFiles/CMakeTmp/CheckIncludeFile.c
Linking C executable cmTC_aa6cd
/usr/bin/cmake -E cmake_link_script CMakeFiles/cmTC_aa6cd.dir/link.txt --verbose=1
/usr/bin/cc      -rdynamic CMakeFiles/cmTC_aa6cd.dir/CheckIncludeFile.c.o  -o cmTC_aa6cd 
make[1]: se sale del directorio '/home/alan/Escritorio/tesis/pin/source/tools/pinjection/ejecutables/tiny-web-server/json-c-build/CMakeFiles/CMakeTmp'


Determining if the INFINITY exist passed with the following output:
Change Dir: /home/alan/Escritorio/tesis/pin/source/tools/pinjection/ejecutables/tiny-web-server/json-c-build/CMakeFiles/CMakeTmp

Run Build Command:"/usr/bin/make" "cmTC_3c9bf/fast"
/usr/bin/make -f CMakeFiles/cmTC_3c9bf.dir/build.make CMakeFiles/cmTC_3c9bf.dir/build
make[1]: se entra en el directorio '/home/alan/Escritorio/tesis/pin/source/tools/pinjection/ejecutables/tiny-web-server/json-c-build/CMakeFiles/CMakeTmp'
Building C object CMakeFiles/cmTC_3c9bf.dir/CheckSymbolExists.c.o
/usr/bin/cc -D_GNU_SOURCE   -o CMakeFiles/cmTC_3c9bf.dir/CheckSymbolExists.c.o   -c /home/alan/Escritorio/tesis/pin/source/tools/pinjection/ejecutables/tiny-web-server/json-c-build/CMakeFiles/CMakeTmp/CheckSymbolExists.c
Linking C executable cmTC_3c9bf
/usr/bin/cmake -E cmake_link_script CMakeFiles/cmTC_3c9bf.dir/link.txt --verbose=1
/usr/bin/cc      -rdynamic CMakeFiles/cmTC_3c9bf.dir/CheckSymbolExists.c.o  -o cmTC_3c9bf -lm 
make[1]: se sale del directorio '/home/alan/Escritorio/tesis/pin/source/tools/pinjection/ejecutables/tiny-web-server/json-c-build/CMakeFiles/CMakeTmp'

File /home/alan/Escritorio/tesis/pin/source/tools/pinjection/ejecutables/tiny-web-server/json-c-build/CMakeFiles/CMakeTmp/CheckSymbolExists.c:
/* */
#include <math.h>

int main(int argc, char** argv)
{
  (void)argv;
#ifndef INFINITY
  return ((int*)(&INFINITY))[argc];
#else
  (void)argc;
  return 0;
#endif
}

Determining if the isinf exist passed with the following output:
Change Dir: /home/alan/Escritorio/tesis/pin/source/tools/pinjection/ejecutables/tiny-web-server/json-c-build/CMakeFiles/CMakeTmp

Run Build Command:"/usr/bin/make" "cmTC_bb465/fast"
/usr/bin/make -f CMakeFiles/cmTC_bb465.dir/build.make CMakeFiles/cmTC_bb465.dir/build
make[1]: se entra en el directorio '/home/alan/Escritorio/tesis/pin/source/tools/pinjection/ejecutables/tiny-web-server/json-c-build/CMakeFiles/CMakeTmp'
Building C object CMakeFiles/cmTC_bb465.dir/CheckSymbolExists.c.o
/usr/bin/cc -D_GNU_SOURCE   -o CMakeFiles/cmTC_bb465.dir/CheckSymbolExists.c.o   -c /home/alan/Escritorio/tesis/pin/source/tools/pinjection/ejecutables/tiny-web-server/json-c-build/CMakeFiles/CMakeTmp/CheckSymbolExists.c
Linking C executable cmTC_bb465
/usr/bin/cmake -E cmake_link_script CMakeFiles/cmTC_bb465.dir/link.txt --verbose=1
/usr/bin/cc      -rdynamic CMakeFiles/cmTC_bb465.dir/CheckSymbolExists.c.o  -o cmTC_bb465 -lm 
make[1]: se sale del directorio '/home/alan/Escritorio/tesis/pin/source/tools/pinjection/ejecutables/tiny-web-server/json-c-build/CMakeFiles/CMakeTmp'

File /home/alan/Escritorio/tesis/pin/source/tools/pinjection/ejecutables/tiny-web-server/json-c-build/CMakeFiles/CMakeTmp/CheckSymbolExists.c:
/* */
#include <math.h>

int main(int argc, char** argv)
{
  (void)argv;
#ifndef isinf
  return ((int*)(&isinf))[argc];
#else
  (void)argc;
  return 0;
#endif
}

Determining if the isnan exist passed with the following output:
Change Dir: /home/alan/Escritorio/tesis/pin/source/tools/pinjection/ejecutables/tiny-web-server/json-c-build/CMakeFiles/CMakeTmp

Run Build Command:"/usr/bin/make" "cmTC_a144c/fast"
/usr/bin/make -f CMakeFiles/cmTC_a144c.dir/build.make CMakeFiles/cmTC_a144c.dir/build
make[1]: se entra en el directorio '/home/alan/Escritorio/tesis/pin/source/tools/pinjection/ejecutables/tiny-web-server/json-c-build/CMakeFiles/CMakeTmp'
Building C object CMakeFiles/cmTC_a144c.dir/CheckSymbolExists.c.o
/usr/bin/cc -D_GNU_SOURCE   -o CMakeFiles/cmTC_a144c.dir/CheckSymbolExists.c.o   -c /home/alan/Escritorio/tesis/pin/source/tools/pinjection/ejecutables/tiny-web-server/json-c-build/CMakeFiles/CMakeTmp/CheckSymbolExists.c
Linking C executable cmTC_a144c
/usr/bin/cmake -E cmake_link_script CMakeFiles/cmTC_a144c.dir/link.txt --verbose=1
/usr/bin/cc      -rdynamic CMakeFiles/cmTC_a144c.dir/CheckSymbolExists.c.o  -o cmTC_a144c -lm 
make[1]: se sale del directorio '/home/alan/Escritorio/tesis/pin/source/tools/pinjection/ejecutables/tiny-web-server/json-c-build/CMakeFiles/CMakeTmp'

File /home/alan/Escritorio/tesis/pin/source/tools/pinjection/ejecutables/tiny-web-server/json-c-build/CMakeFiles/CMakeTmp/CheckSymbolExists.c:
/* */
#include <math.h>

int main(int argc, char** argv)
{
  (void)argv;
#ifndef isnan
  return ((int*)(&isnan))[argc];
#else
  (void)argc;
  return 0;
#endif
}

Determining if the nan exist passed with the following output:
Change Dir: /home/alan/Escritorio/tesis/pin/source/tools/pinjection/ejecutables/tiny-web-server/json-c-build/CMakeFiles/CMakeTmp

Run Build Command:"/usr/bin/make" "cmTC_1a822/fast"
/usr/bin/make -f CMakeFiles/cmTC_1a822.dir/build.make CMakeFiles/cmTC_1a822.dir/build
make[1]: se entra en el directorio '/home/alan/Escritorio/tesis/pin/source/tools/pinjection/ejecutables/tiny-web-server/json-c-build/CMakeFiles/CMakeTmp'
Building C object CMakeFiles/cmTC_1a822.dir/CheckSymbolExists.c.o
/usr/bin/cc -D_GNU_SOURCE   -o CMakeFiles/cmTC_1a822.dir/CheckSymbolExists.c.o   -c /home/alan/Escritorio/tesis/pin/source/tools/pinjection/ejecutables/tiny-web-server/json-c-build/CMakeFiles/CMakeTmp/CheckSymbolExists.c
Linking C executable cmTC_1a822
/usr/bin/cmake -E cmake_link_script CMakeFiles/cmTC_1a822.dir/link.txt --verbose=1
/usr/bin/cc      -rdynamic CMakeFiles/cmTC_1a822.dir/CheckSymbolExists.c.o  -o cmTC_1a822 -lm 
make[1]: se sale del directorio '/home/alan/Escritorio/tesis/pin/source/tools/pinjection/ejecutables/tiny-web-server/json-c-build/CMakeFiles/CMakeTmp'

File /home/alan/Escritorio/tesis/pin/source/tools/pinjection/ejecutables/tiny-web-server/json-c-build/CMakeFiles/CMakeTmp/CheckSymbolExists.c:
/* */
#include <math.h>

int main(int argc, char** argv)
{
  (void)argv;
#ifndef nan
  return ((int*)(&nan))[argc];
#else
  (void)argc;
  return 0;
#endif
}

Determining if the snprintf exist passed with the following output:
Change Dir: /home/alan/Escritorio/tesis/pin/source/tools/pinjection/ejecutables/tiny-web-server/json-c-build/CMakeFiles/CMakeTmp

Run Build Command:"/usr/bin/make" "cmTC_198f1/fast"
/usr/bin/make -f CMakeFiles/cmTC_198f1.dir/build.make CMakeFiles/cmTC_198f1.dir/build
make[1]: se entra en el directorio '/home/alan/Escritorio/tesis/pin/source/tools/pinjection/ejecutables/tiny-web-server/json-c-build/CMakeFiles/CMakeTmp'
Building C object CMakeFiles/cmTC_198f1.dir/CheckSymbolExists.c.o
/usr/bin/cc -D_GNU_SOURCE   -o CMakeFiles/cmTC_198f1.dir/CheckSymbolExists.c.o   -c /home/alan/Escritorio/tesis/pin/source/tools/pinjection/ejecutables/tiny-web-server/json-c-build/CMakeFiles/CMakeTmp/CheckSymbolExists.c
Linking C executable cmTC_198f1
/usr/bin/cmake -E cmake_link_script CMakeFiles/cmTC_198f1.dir/link.txt --verbose=1
/usr/bin/cc      -rdynamic CMakeFiles/cmTC_198f1.dir/CheckSymbolExists.c.o  -o cmTC_198f1 -lm 
make[1]: se sale del directorio '/home/alan/Escritorio/tesis/pin/source/tools/pinjection/ejecutables/tiny-web-server/json-c-build/CMakeFiles/CMakeTmp'

File /home/alan/Escritorio/tesis/pin/source/tools/pinjection/ejecutables/tiny-web-server/json-c-build/CMakeFiles/CMakeTmp/CheckSymbolExists.c:
/* */
#include <stdio.h>

int main(int argc, char** argv)
{
  (void)argv;
#ifndef snprintf
  return ((int*)(&snprintf))[argc];
#else
  (void)argc;
  return 0;
#endif
}

Determining if the vasprintf exist passed with the following output:
Change Dir: /home/alan/Escritorio/tesis/pin/source/tools/pinjection/ejecutables/tiny-web-server/json-c-build/CMakeFiles/CMakeTmp

Run Build Command:"/usr/bin/make" "cmTC_d8559/fast"
/usr/bin/make -f CMakeFiles/cmTC_d8559.dir/build.make CMakeFiles/cmTC_d8559.dir/build
make[1]: se entra en el directorio '/home/alan/Escritorio/tesis/pin/source/tools/pinjection/ejecutables/tiny-web-server/json-c-build/CMakeFiles/CMakeTmp'
Building C object CMakeFiles/cmTC_d8559.dir/CheckSymbolExists.c.o
/usr/bin/cc -D_GNU_SOURCE   -o CMakeFiles/cmTC_d8559.dir/CheckSymbolExists.c.o   -c /home/alan/Escritorio/tesis/pin/source/tools/pinjection/ejecutables/tiny-web-server/json-c-build/CMakeFiles/CMakeTmp/CheckSymbolExists.c
Linking C executable cmTC_d8559
/usr/bin/cmake -E cmake_link_script CMakeFiles/cmTC_d8559.dir/link.txt --verbose=1
/usr/bin/cc      -rdynamic CMakeFiles/cmTC_d8559.dir/CheckSymbolExists.c.o  -o cmTC_d8559 -lm 
make[1]: se sale del directorio '/home/alan/Escritorio/tesis/pin/source/tools/pinjection/ejecutables/tiny-web-server/json-c-build/CMakeFiles/CMakeTmp'

File /home/alan/Escritorio/tesis/pin/source/tools/pinjection/ejecutables/tiny-web-server/json-c-build/CMakeFiles/CMakeTmp/CheckSymbolExists.c:
/* */
#include <stdio.h>

int main(int argc, char** argv)
{
  (void)argv;
#ifndef vasprintf
  return ((int*)(&vasprintf))[argc];
#else
  (void)argc;
  return 0;
#endif
}

Determining if the vsnprintf exist passed with the following output:
Change Dir: /home/alan/Escritorio/tesis/pin/source/tools/pinjection/ejecutables/tiny-web-server/json-c-build/CMakeFiles/CMakeTmp

Run Build Command:"/usr/bin/make" "cmTC_27b47/fast"
/usr/bin/make -f CMakeFiles/cmTC_27b47.dir/build.make CMakeFiles/cmTC_27b47.dir/build
make[1]: se entra en el directorio '/home/alan/Escritorio/tesis/pin/source/tools/pinjection/ejecutables/tiny-web-server/json-c-build/CMakeFiles/CMakeTmp'
Building C object CMakeFiles/cmTC_27b47.dir/CheckSymbolExists.c.o
/usr/bin/cc -D_GNU_SOURCE   -o CMakeFiles/cmTC_27b47.dir/CheckSymbolExists.c.o   -c /home/alan/Escritorio/tesis/pin/source/tools/pinjection/ejecutables/tiny-web-server/json-c-build/CMakeFiles/CMakeTmp/CheckSymbolExists.c
Linking C executable cmTC_27b47
/usr/bin/cmake -E cmake_link_script CMakeFiles/cmTC_27b47.dir/link.txt --verbose=1
/usr/bin/cc      -rdynamic CMakeFiles/cmTC_27b47.dir/CheckSymbolExists.c.o  -o cmTC_27b47 -lm 
make[1]: se sale del directorio '/home/alan/Escritorio/tesis/pin/source/tools/pinjection/ejecutables/tiny-web-server/json-c-build/CMakeFiles/CMakeTmp'

File /home/alan/Escritorio/tesis/pin/source/tools/pinjection/ejecutables/tiny-web-server/json-c-build/CMakeFiles/CMakeTmp/CheckSymbolExists.c:
/* */
#include <stdio.h>

int main(int argc, char** argv)
{
  (void)argv;
#ifndef vsnprintf
  return ((int*)(&vsnprintf))[argc];
#else
  (void)argc;
  return 0;
#endif
}

Determining if the vprintf exist passed with the following output:
Change Dir: /home/alan/Escritorio/tesis/pin/source/tools/pinjection/ejecutables/tiny-web-server/json-c-build/CMakeFiles/CMakeTmp

Run Build Command:"/usr/bin/make" "cmTC_8ee7f/fast"
/usr/bin/make -f CMakeFiles/cmTC_8ee7f.dir/build.make CMakeFiles/cmTC_8ee7f.dir/build
make[1]: se entra en el directorio '/home/alan/Escritorio/tesis/pin/source/tools/pinjection/ejecutables/tiny-web-server/json-c-build/CMakeFiles/CMakeTmp'
Building C object CMakeFiles/cmTC_8ee7f.dir/CheckSymbolExists.c.o
/usr/bin/cc -D_GNU_SOURCE   -o CMakeFiles/cmTC_8ee7f.dir/CheckSymbolExists.c.o   -c /home/alan/Escritorio/tesis/pin/source/tools/pinjection/ejecutables/tiny-web-server/json-c-build/CMakeFiles/CMakeTmp/CheckSymbolExists.c
Linking C executable cmTC_8ee7f
/usr/bin/cmake -E cmake_link_script CMakeFiles/cmTC_8ee7f.dir/link.txt --verbose=1
/usr/bin/cc      -rdynamic CMakeFiles/cmTC_8ee7f.dir/CheckSymbolExists.c.o  -o cmTC_8ee7f -lm 
make[1]: se sale del directorio '/home/alan/Escritorio/tesis/pin/source/tools/pinjection/ejecutables/tiny-web-server/json-c-build/CMakeFiles/CMakeTmp'

File /home/alan/Escritorio/tesis/pin/source/tools/pinjection/ejecutables/tiny-web-server/json-c-build/CMakeFiles/CMakeTmp/CheckSymbolExists.c:
/* */
#include <stdio.h>

int main(int argc, char** argv)
{
  (void)argv;
#ifndef vprintf
  return ((int*)(&vprintf))[argc];
#else
  (void)argc;
  return 0;
#endif
}

Determining if the open exist passed with the following output:
Change Dir: /home/alan/Escritorio/tesis/pin/source/tools/pinjection/ejecutables/tiny-web-server/json-c-build/CMakeFiles/CMakeTmp

Run Build Command:"/usr/bin/make" "cmTC_62785/fast"
/usr/bin/make -f CMakeFiles/cmTC_62785.dir/build.make CMakeFiles/cmTC_62785.dir/build
make[1]: se entra en el directorio '/home/alan/Escritorio/tesis/pin/source/tools/pinjection/ejecutables/tiny-web-server/json-c-build/CMakeFiles/CMakeTmp'
Building C object CMakeFiles/cmTC_62785.dir/CheckSymbolExists.c.o
/usr/bin/cc -D_GNU_SOURCE   -o CMakeFiles/cmTC_62785.dir/CheckSymbolExists.c.o   -c /home/alan/Escritorio/tesis/pin/source/tools/pinjection/ejecutables/tiny-web-server/json-c-build/CMakeFiles/CMakeTmp/CheckSymbolExists.c
Linking C executable cmTC_62785
/usr/bin/cmake -E cmake_link_script CMakeFiles/cmTC_62785.dir/link.txt --verbose=1
/usr/bin/cc      -rdynamic CMakeFiles/cmTC_62785.dir/CheckSymbolExists.c.o  -o cmTC_62785 -lm 
make[1]: se sale del directorio '/home/alan/Escritorio/tesis/pin/source/tools/pinjection/ejecutables/tiny-web-server/json-c-build/CMakeFiles/CMakeTmp'

File /home/alan/Escritorio/tesis/pin/source/tools/pinjection/ejecutables/tiny-web-server/json-c-build/CMakeFiles/CMakeTmp/CheckSymbolExists.c:
/* */
#include <fcntl.h>

int main(int argc, char** argv)
{
  (void)argv;
#ifndef open
  return ((int*)(&open))[argc];
#else
  (void)argc;
  return 0;
#endif
}

Determining if the realloc exist passed with the following output:
Change Dir: /home/alan/Escritorio/tesis/pin/source/tools/pinjection/ejecutables/tiny-web-server/json-c-build/CMakeFiles/CMakeTmp

Run Build Command:"/usr/bin/make" "cmTC_bdd23/fast"
/usr/bin/make -f CMakeFiles/cmTC_bdd23.dir/build.make CMakeFiles/cmTC_bdd23.dir/build
make[1]: se entra en el directorio '/home/alan/Escritorio/tesis/pin/source/tools/pinjection/ejecutables/tiny-web-server/json-c-build/CMakeFiles/CMakeTmp'
Building C object CMakeFiles/cmTC_bdd23.dir/CheckSymbolExists.c.o
/usr/bin/cc -D_GNU_SOURCE   -o CMakeFiles/cmTC_bdd23.dir/CheckSymbolExists.c.o   -c /home/alan/Escritorio/tesis/pin/source/tools/pinjection/ejecutables/tiny-web-server/json-c-build/CMakeFiles/CMakeTmp/CheckSymbolExists.c
Linking C executable cmTC_bdd23
/usr/bin/cmake -E cmake_link_script CMakeFiles/cmTC_bdd23.dir/link.txt --verbose=1
/usr/bin/cc      -rdynamic CMakeFiles/cmTC_bdd23.dir/CheckSymbolExists.c.o  -o cmTC_bdd23 -lm 
make[1]: se sale del directorio '/home/alan/Escritorio/tesis/pin/source/tools/pinjection/ejecutables/tiny-web-server/json-c-build/CMakeFiles/CMakeTmp'

File /home/alan/Escritorio/tesis/pin/source/tools/pinjection/ejecutables/tiny-web-server/json-c-build/CMakeFiles/CMakeTmp/CheckSymbolExists.c:
/* */
#include <stdlib.h>

int main(int argc, char** argv)
{
  (void)argv;
#ifndef realloc
  return ((int*)(&realloc))[argc];
#else
  (void)argc;
  return 0;
#endif
}

Determining if the setlocale exist passed with the following output:
Change Dir: /home/alan/Escritorio/tesis/pin/source/tools/pinjection/ejecutables/tiny-web-server/json-c-build/CMakeFiles/CMakeTmp

Run Build Command:"/usr/bin/make" "cmTC_7ef1a/fast"
/usr/bin/make -f CMakeFiles/cmTC_7ef1a.dir/build.make CMakeFiles/cmTC_7ef1a.dir/build
make[1]: se entra en el directorio '/home/alan/Escritorio/tesis/pin/source/tools/pinjection/ejecutables/tiny-web-server/json-c-build/CMakeFiles/CMakeTmp'
Building C object CMakeFiles/cmTC_7ef1a.dir/CheckSymbolExists.c.o
/usr/bin/cc -D_GNU_SOURCE   -o CMakeFiles/cmTC_7ef1a.dir/CheckSymbolExists.c.o   -c /home/alan/Escritorio/tesis/pin/source/tools/pinjection/ejecutables/tiny-web-server/json-c-build/CMakeFiles/CMakeTmp/CheckSymbolExists.c
Linking C executable cmTC_7ef1a
/usr/bin/cmake -E cmake_link_script CMakeFiles/cmTC_7ef1a.dir/link.txt --verbose=1
/usr/bin/cc      -rdynamic CMakeFiles/cmTC_7ef1a.dir/CheckSymbolExists.c.o  -o cmTC_7ef1a -lm 
make[1]: se sale del directorio '/home/alan/Escritorio/tesis/pin/source/tools/pinjection/ejecutables/tiny-web-server/json-c-build/CMakeFiles/CMakeTmp'

File /home/alan/Escritorio/tesis/pin/source/tools/pinjection/ejecutables/tiny-web-server/json-c-build/CMakeFiles/CMakeTmp/CheckSymbolExists.c:
/* */
#include <locale.h>

int main(int argc, char** argv)
{
  (void)argv;
#ifndef setlocale
  return ((int*)(&setlocale))[argc];
#else
  (void)argc;
  return 0;
#endif
}

Determining if the uselocale exist passed with the following output:
Change Dir: /home/alan/Escritorio/tesis/pin/source/tools/pinjection/ejecutables/tiny-web-server/json-c-build/CMakeFiles/CMakeTmp

Run Build Command:"/usr/bin/make" "cmTC_8af56/fast"
/usr/bin/make -f CMakeFiles/cmTC_8af56.dir/build.make CMakeFiles/cmTC_8af56.dir/build
make[1]: se entra en el directorio '/home/alan/Escritorio/tesis/pin/source/tools/pinjection/ejecutables/tiny-web-server/json-c-build/CMakeFiles/CMakeTmp'
Building C object CMakeFiles/cmTC_8af56.dir/CheckSymbolExists.c.o
/usr/bin/cc -D_GNU_SOURCE   -o CMakeFiles/cmTC_8af56.dir/CheckSymbolExists.c.o   -c /home/alan/Escritorio/tesis/pin/source/tools/pinjection/ejecutables/tiny-web-server/json-c-build/CMakeFiles/CMakeTmp/CheckSymbolExists.c
Linking C executable cmTC_8af56
/usr/bin/cmake -E cmake_link_script CMakeFiles/cmTC_8af56.dir/link.txt --verbose=1
/usr/bin/cc      -rdynamic CMakeFiles/cmTC_8af56.dir/CheckSymbolExists.c.o  -o cmTC_8af56 -lm 
make[1]: se sale del directorio '/home/alan/Escritorio/tesis/pin/source/tools/pinjection/ejecutables/tiny-web-server/json-c-build/CMakeFiles/CMakeTmp'

File /home/alan/Escritorio/tesis/pin/source/tools/pinjection/ejecutables/tiny-web-server/json-c-build/CMakeFiles/CMakeTmp/CheckSymbolExists.c:
/* */
#include <locale.h>

int main(int argc, char** argv)
{
  (void)argv;
#ifndef uselocale
  return ((int*)(&uselocale))[argc];
#else
  (void)argc;
  return 0;
#endif
}

Determining if the strcasecmp exist passed with the following output:
Change Dir: /home/alan/Escritorio/tesis/pin/source/tools/pinjection/ejecutables/tiny-web-server/json-c-build/CMakeFiles/CMakeTmp

Run Build Command:"/usr/bin/make" "cmTC_129fb/fast"
/usr/bin/make -f CMakeFiles/cmTC_129fb.dir/build.make CMakeFiles/cmTC_129fb.dir/build
make[1]: se entra en el directorio '/home/alan/Escritorio/tesis/pin/source/tools/pinjection/ejecutables/tiny-web-server/json-c-build/CMakeFiles/CMakeTmp'
Building C object CMakeFiles/cmTC_129fb.dir/CheckSymbolExists.c.o
/usr/bin/cc -D_GNU_SOURCE   -o CMakeFiles/cmTC_129fb.dir/CheckSymbolExists.c.o   -c /home/alan/Escritorio/tesis/pin/source/tools/pinjection/ejecutables/tiny-web-server/json-c-build/CMakeFiles/CMakeTmp/CheckSymbolExists.c
Linking C executable cmTC_129fb
/usr/bin/cmake -E cmake_link_script CMakeFiles/cmTC_129fb.dir/link.txt --verbose=1
/usr/bin/cc      -rdynamic CMakeFiles/cmTC_129fb.dir/CheckSymbolExists.c.o  -o cmTC_129fb -lm 
make[1]: se sale del directorio '/home/alan/Escritorio/tesis/pin/source/tools/pinjection/ejecutables/tiny-web-server/json-c-build/CMakeFiles/CMakeTmp'

File /home/alan/Escritorio/tesis/pin/source/tools/pinjection/ejecutables/tiny-web-server/json-c-build/CMakeFiles/CMakeTmp/CheckSymbolExists.c:
/* */
#include <strings.h>

int main(int argc, char** argv)
{
  (void)argv;
#ifndef strcasecmp
  return ((int*)(&strcasecmp))[argc];
#else
  (void)argc;
  return 0;
#endif
}

Determining if the strncasecmp exist passed with the following output:
Change Dir: /home/alan/Escritorio/tesis/pin/source/tools/pinjection/ejecutables/tiny-web-server/json-c-build/CMakeFiles/CMakeTmp

Run Build Command:"/usr/bin/make" "cmTC_f46bb/fast"
/usr/bin/make -f CMakeFiles/cmTC_f46bb.dir/build.make CMakeFiles/cmTC_f46bb.dir/build
make[1]: se entra en el directorio '/home/alan/Escritorio/tesis/pin/source/tools/pinjection/ejecutables/tiny-web-server/json-c-build/CMakeFiles/CMakeTmp'
Building C object CMakeFiles/cmTC_f46bb.dir/CheckSymbolExists.c.o
/usr/bin/cc -D_GNU_SOURCE   -o CMakeFiles/cmTC_f46bb.dir/CheckSymbolExists.c.o   -c /home/alan/Escritorio/tesis/pin/source/tools/pinjection/ejecutables/tiny-web-server/json-c-build/CMakeFiles/CMakeTmp/CheckSymbolExists.c
Linking C executable cmTC_f46bb
/usr/bin/cmake -E cmake_link_script CMakeFiles/cmTC_f46bb.dir/link.txt --verbose=1
/usr/bin/cc      -rdynamic CMakeFiles/cmTC_f46bb.dir/CheckSymbolExists.c.o  -o cmTC_f46bb -lm 
make[1]: se sale del directorio '/home/alan/Escritorio/tesis/pin/source/tools/pinjection/ejecutables/tiny-web-server/json-c-build/CMakeFiles/CMakeTmp'

File /home/alan/Escritorio/tesis/pin/source/tools/pinjection/ejecutables/tiny-web-server/json-c-build/CMakeFiles/CMakeTmp/CheckSymbolExists.c:
/* */
#include <strings.h>

int main(int argc, char** argv)
{
  (void)argv;
#ifndef strncasecmp
  return ((int*)(&strncasecmp))[argc];
#else
  (void)argc;
  return 0;
#endif
}

Determining if the strdup exist passed with the following output:
Change Dir: /home/alan/Escritorio/tesis/pin/source/tools/pinjection/ejecutables/tiny-web-server/json-c-build/CMakeFiles/CMakeTmp

Run Build Command:"/usr/bin/make" "cmTC_cf929/fast"
/usr/bin/make -f CMakeFiles/cmTC_cf929.dir/build.make CMakeFiles/cmTC_cf929.dir/build
make[1]: se entra en el directorio '/home/alan/Escritorio/tesis/pin/source/tools/pinjection/ejecutables/tiny-web-server/json-c-build/CMakeFiles/CMakeTmp'
Building C object CMakeFiles/cmTC_cf929.dir/CheckSymbolExists.c.o
/usr/bin/cc -D_GNU_SOURCE   -o CMakeFiles/cmTC_cf929.dir/CheckSymbolExists.c.o   -c /home/alan/Escritorio/tesis/pin/source/tools/pinjection/ejecutables/tiny-web-server/json-c-build/CMakeFiles/CMakeTmp/CheckSymbolExists.c
Linking C executable cmTC_cf929
/usr/bin/cmake -E cmake_link_script CMakeFiles/cmTC_cf929.dir/link.txt --verbose=1
/usr/bin/cc      -rdynamic CMakeFiles/cmTC_cf929.dir/CheckSymbolExists.c.o  -o cmTC_cf929 -lm 
make[1]: se sale del directorio '/home/alan/Escritorio/tesis/pin/source/tools/pinjection/ejecutables/tiny-web-server/json-c-build/CMakeFiles/CMakeTmp'

File /home/alan/Escritorio/tesis/pin/source/tools/pinjection/ejecutables/tiny-web-server/json-c-build/CMakeFiles/CMakeTmp/CheckSymbolExists.c:
/* */
#include <string.h>

int main(int argc, char** argv)
{
  (void)argv;
#ifndef strdup
  return ((int*)(&strdup))[argc];
#else
  (void)argc;
  return 0;
#endif
}

Determining if the strerror exist passed with the following output:
Change Dir: /home/alan/Escritorio/tesis/pin/source/tools/pinjection/ejecutables/tiny-web-server/json-c-build/CMakeFiles/CMakeTmp

Run Build Command:"/usr/bin/make" "cmTC_4ec71/fast"
/usr/bin/make -f CMakeFiles/cmTC_4ec71.dir/build.make CMakeFiles/cmTC_4ec71.dir/build
make[1]: se entra en el directorio '/home/alan/Escritorio/tesis/pin/source/tools/pinjection/ejecutables/tiny-web-server/json-c-build/CMakeFiles/CMakeTmp'
Building C object CMakeFiles/cmTC_4ec71.dir/CheckSymbolExists.c.o
/usr/bin/cc -D_GNU_SOURCE   -o CMakeFiles/cmTC_4ec71.dir/CheckSymbolExists.c.o   -c /home/alan/Escritorio/tesis/pin/source/tools/pinjection/ejecutables/tiny-web-server/json-c-build/CMakeFiles/CMakeTmp/CheckSymbolExists.c
Linking C executable cmTC_4ec71
/usr/bin/cmake -E cmake_link_script CMakeFiles/cmTC_4ec71.dir/link.txt --verbose=1
/usr/bin/cc      -rdynamic CMakeFiles/cmTC_4ec71.dir/CheckSymbolExists.c.o  -o cmTC_4ec71 -lm 
make[1]: se sale del directorio '/home/alan/Escritorio/tesis/pin/source/tools/pinjection/ejecutables/tiny-web-server/json-c-build/CMakeFiles/CMakeTmp'

File /home/alan/Escritorio/tesis/pin/source/tools/pinjection/ejecutables/tiny-web-server/json-c-build/CMakeFiles/CMakeTmp/CheckSymbolExists.c:
/* */
#include <string.h>

int main(int argc, char** argv)
{
  (void)argv;
#ifndef strerror
  return ((int*)(&strerror))[argc];
#else
  (void)argc;
  return 0;
#endif
}

Determining if the vsyslog exist passed with the following output:
Change Dir: /home/alan/Escritorio/tesis/pin/source/tools/pinjection/ejecutables/tiny-web-server/json-c-build/CMakeFiles/CMakeTmp

Run Build Command:"/usr/bin/make" "cmTC_d16f5/fast"
/usr/bin/make -f CMakeFiles/cmTC_d16f5.dir/build.make CMakeFiles/cmTC_d16f5.dir/build
make[1]: se entra en el directorio '/home/alan/Escritorio/tesis/pin/source/tools/pinjection/ejecutables/tiny-web-server/json-c-build/CMakeFiles/CMakeTmp'
Building C object CMakeFiles/cmTC_d16f5.dir/CheckSymbolExists.c.o
/usr/bin/cc -D_GNU_SOURCE   -o CMakeFiles/cmTC_d16f5.dir/CheckSymbolExists.c.o   -c /home/alan/Escritorio/tesis/pin/source/tools/pinjection/ejecutables/tiny-web-server/json-c-build/CMakeFiles/CMakeTmp/CheckSymbolExists.c
Linking C executable cmTC_d16f5
/usr/bin/cmake -E cmake_link_script CMakeFiles/cmTC_d16f5.dir/link.txt --verbose=1
/usr/bin/cc      -rdynamic CMakeFiles/cmTC_d16f5.dir/CheckSymbolExists.c.o  -o cmTC_d16f5 -lm 
make[1]: se sale del directorio '/home/alan/Escritorio/tesis/pin/source/tools/pinjection/ejecutables/tiny-web-server/json-c-build/CMakeFiles/CMakeTmp'

File /home/alan/Escritorio/tesis/pin/source/tools/pinjection/ejecutables/tiny-web-server/json-c-build/CMakeFiles/CMakeTmp/CheckSymbolExists.c:
/* */
#include <syslog.h>

int main(int argc, char** argv)
{
  (void)argv;
#ifndef vsyslog
  return ((int*)(&vsyslog))[argc];
#else
  (void)argc;
  return 0;
#endif
}

Determining if the strtoll exist passed with the following output:
Change Dir: /home/alan/Escritorio/tesis/pin/source/tools/pinjection/ejecutables/tiny-web-server/json-c-build/CMakeFiles/CMakeTmp

Run Build Command:"/usr/bin/make" "cmTC_e05f0/fast"
/usr/bin/make -f CMakeFiles/cmTC_e05f0.dir/build.make CMakeFiles/cmTC_e05f0.dir/build
make[1]: se entra en el directorio '/home/alan/Escritorio/tesis/pin/source/tools/pinjection/ejecutables/tiny-web-server/json-c-build/CMakeFiles/CMakeTmp'
Building C object CMakeFiles/cmTC_e05f0.dir/CheckSymbolExists.c.o
/usr/bin/cc -D_GNU_SOURCE   -o CMakeFiles/cmTC_e05f0.dir/CheckSymbolExists.c.o   -c /home/alan/Escritorio/tesis/pin/source/tools/pinjection/ejecutables/tiny-web-server/json-c-build/CMakeFiles/CMakeTmp/CheckSymbolExists.c
Linking C executable cmTC_e05f0
/usr/bin/cmake -E cmake_link_script CMakeFiles/cmTC_e05f0.dir/link.txt --verbose=1
/usr/bin/cc      -rdynamic CMakeFiles/cmTC_e05f0.dir/CheckSymbolExists.c.o  -o cmTC_e05f0 -lm 
make[1]: se sale del directorio '/home/alan/Escritorio/tesis/pin/source/tools/pinjection/ejecutables/tiny-web-server/json-c-build/CMakeFiles/CMakeTmp'

File /home/alan/Escritorio/tesis/pin/source/tools/pinjection/ejecutables/tiny-web-server/json-c-build/CMakeFiles/CMakeTmp/CheckSymbolExists.c:
/* */
#include <stdlib.h>

int main(int argc, char** argv)
{
  (void)argv;
#ifndef strtoll
  return ((int*)(&strtoll))[argc];
#else
  (void)argc;
  return 0;
#endif
}

Determining if the strtoull exist passed with the following output:
Change Dir: /home/alan/Escritorio/tesis/pin/source/tools/pinjection/ejecutables/tiny-web-server/json-c-build/CMakeFiles/CMakeTmp

Run Build Command:"/usr/bin/make" "cmTC_9b9b3/fast"
/usr/bin/make -f CMakeFiles/cmTC_9b9b3.dir/build.make CMakeFiles/cmTC_9b9b3.dir/build
make[1]: se entra en el directorio '/home/alan/Escritorio/tesis/pin/source/tools/pinjection/ejecutables/tiny-web-server/json-c-build/CMakeFiles/CMakeTmp'
Building C object CMakeFiles/cmTC_9b9b3.dir/CheckSymbolExists.c.o
/usr/bin/cc -D_GNU_SOURCE   -o CMakeFiles/cmTC_9b9b3.dir/CheckSymbolExists.c.o   -c /home/alan/Escritorio/tesis/pin/source/tools/pinjection/ejecutables/tiny-web-server/json-c-build/CMakeFiles/CMakeTmp/CheckSymbolExists.c
Linking C executable cmTC_9b9b3
/usr/bin/cmake -E cmake_link_script CMakeFiles/cmTC_9b9b3.dir/link.txt --verbose=1
/usr/bin/cc      -rdynamic CMakeFiles/cmTC_9b9b3.dir/CheckSymbolExists.c.o  -o cmTC_9b9b3 -lm 
make[1]: se sale del directorio '/home/alan/Escritorio/tesis/pin/source/tools/pinjection/ejecutables/tiny-web-server/json-c-build/CMakeFiles/CMakeTmp'

File /home/alan/Escritorio/tesis/pin/source/tools/pinjection/ejecutables/tiny-web-server/json-c-build/CMakeFiles/CMakeTmp/CheckSymbolExists.c:
/* */
#include <stdlib.h>

int main(int argc, char** argv)
{
  (void)argv;
#ifndef strtoull
  return ((int*)(&strtoull))[argc];
#else
  (void)argc;
  return 0;
#endif
}

Determining if the include file stddef.h exists passed with the following output:
Change Dir: /home/alan/Escritorio/tesis/pin/source/tools/pinjection/ejecutables/tiny-web-server/json-c-build/CMakeFiles/CMakeTmp

Run Build Command:"/usr/bin/make" "cmTC_fe25b/fast"
/usr/bin/make -f CMakeFiles/cmTC_fe25b.dir/build.make CMakeFiles/cmTC_fe25b.dir/build
make[1]: se entra en el directorio '/home/alan/Escritorio/tesis/pin/source/tools/pinjection/ejecutables/tiny-web-server/json-c-build/CMakeFiles/CMakeTmp'
Building C object CMakeFiles/cmTC_fe25b.dir/CheckIncludeFile.c.o
/usr/bin/cc -D_GNU_SOURCE   -o CMakeFiles/cmTC_fe25b.dir/CheckIncludeFile.c.o   -c /home/alan/Escritorio/tesis/pin/source/tools/pinjection/ejecutables/tiny-web-server/json-c-build/CMakeFiles/CMakeTmp/CheckIncludeFile.c
Linking C executable cmTC_fe25b
/usr/bin/cmake -E cmake_link_script CMakeFiles/cmTC_fe25b.dir/link.txt --verbose=1
/usr/bin/cc      -rdynamic CMakeFiles/cmTC_fe25b.dir/CheckIncludeFile.c.o  -o cmTC_fe25b 
make[1]: se sale del directorio '/home/alan/Escritorio/tesis/pin/source/tools/pinjection/ejecutables/tiny-web-server/json-c-build/CMakeFiles/CMakeTmp'


Determining size of int passed with the following output:
Change Dir: /home/alan/Escritorio/tesis/pin/source/tools/pinjection/ejecutables/tiny-web-server/json-c-build/CMakeFiles/CMakeTmp

Run Build Command:"/usr/bin/make" "cmTC_903e1/fast"
/usr/bin/make -f CMakeFiles/cmTC_903e1.dir/build.make CMakeFiles/cmTC_903e1.dir/build
make[1]: se entra en el directorio '/home/alan/Escritorio/tesis/pin/source/tools/pinjection/ejecutables/tiny-web-server/json-c-build/CMakeFiles/CMakeTmp'
Building C object CMakeFiles/cmTC_903e1.dir/SIZEOF_INT.c.o
/usr/bin/cc -D_GNU_SOURCE   -o CMakeFiles/cmTC_903e1.dir/SIZEOF_INT.c.o   -c /home/alan/Escritorio/tesis/pin/source/tools/pinjection/ejecutables/tiny-web-server/json-c-build/CMakeFiles/CheckTypeSize/SIZEOF_INT.c
Linking C executable cmTC_903e1
/usr/bin/cmake -E cmake_link_script CMakeFiles/cmTC_903e1.dir/link.txt --verbose=1
/usr/bin/cc      -rdynamic CMakeFiles/cmTC_903e1.dir/SIZEOF_INT.c.o  -o cmTC_903e1 -lm 
make[1]: se sale del directorio '/home/alan/Escritorio/tesis/pin/source/tools/pinjection/ejecutables/tiny-web-server/json-c-build/CMakeFiles/CMakeTmp'


Determining size of int64_t passed with the following output:
Change Dir: /home/alan/Escritorio/tesis/pin/source/tools/pinjection/ejecutables/tiny-web-server/json-c-build/CMakeFiles/CMakeTmp

Run Build Command:"/usr/bin/make" "cmTC_4f36c/fast"
/usr/bin/make -f CMakeFiles/cmTC_4f36c.dir/build.make CMakeFiles/cmTC_4f36c.dir/build
make[1]: se entra en el directorio '/home/alan/Escritorio/tesis/pin/source/tools/pinjection/ejecutables/tiny-web-server/json-c-build/CMakeFiles/CMakeTmp'
Building C object CMakeFiles/cmTC_4f36c.dir/SIZEOF_INT64_T.c.o
/usr/bin/cc -D_GNU_SOURCE   -o CMakeFiles/cmTC_4f36c.dir/SIZEOF_INT64_T.c.o   -c /home/alan/Escritorio/tesis/pin/source/tools/pinjection/ejecutables/tiny-web-server/json-c-build/CMakeFiles/CheckTypeSize/SIZEOF_INT64_T.c
Linking C executable cmTC_4f36c
/usr/bin/cmake -E cmake_link_script CMakeFiles/cmTC_4f36c.dir/link.txt --verbose=1
/usr/bin/cc      -rdynamic CMakeFiles/cmTC_4f36c.dir/SIZEOF_INT64_T.c.o  -o cmTC_4f36c -lm 
make[1]: se sale del directorio '/home/alan/Escritorio/tesis/pin/source/tools/pinjection/ejecutables/tiny-web-server/json-c-build/CMakeFiles/CMakeTmp'


Determining size of long passed with the following output:
Change Dir: /home/alan/Escritorio/tesis/pin/source/tools/pinjection/ejecutables/tiny-web-server/json-c-build/CMakeFiles/CMakeTmp

Run Build Command:"/usr/bin/make" "cmTC_f9e51/fast"
/usr/bin/make -f CMakeFiles/cmTC_f9e51.dir/build.make CMakeFiles/cmTC_f9e51.dir/build
make[1]: se entra en el directorio '/home/alan/Escritorio/tesis/pin/source/tools/pinjection/ejecutables/tiny-web-server/json-c-build/CMakeFiles/CMakeTmp'
Building C object CMakeFiles/cmTC_f9e51.dir/SIZEOF_LONG.c.o
/usr/bin/cc -D_GNU_SOURCE   -o CMakeFiles/cmTC_f9e51.dir/SIZEOF_LONG.c.o   -c /home/alan/Escritorio/tesis/pin/source/tools/pinjection/ejecutables/tiny-web-server/json-c-build/CMakeFiles/CheckTypeSize/SIZEOF_LONG.c
Linking C executable cmTC_f9e51
/usr/bin/cmake -E cmake_link_script CMakeFiles/cmTC_f9e51.dir/link.txt --verbose=1
/usr/bin/cc      -rdynamic CMakeFiles/cmTC_f9e51.dir/SIZEOF_LONG.c.o  -o cmTC_f9e51 -lm 
make[1]: se sale del directorio '/home/alan/Escritorio/tesis/pin/source/tools/pinjection/ejecutables/tiny-web-server/json-c-build/CMakeFiles/CMakeTmp'


Determining size of long long passed with the following output:
Change Dir: /home/alan/Escritorio/tesis/pin/source/tools/pinjection/ejecutables/tiny-web-server/json-c-build/CMakeFiles/CMakeTmp

Run Build Command:"/usr/bin/make" "cmTC_08b83/fast"
/usr/bin/make -f CMakeFiles/cmTC_08b83.dir/build.make CMakeFiles/cmTC_08b83.dir/build
make[1]: se entra en el directorio '/home/alan/Escritorio/tesis/pin/source/tools/pinjection/ejecutables/tiny-web-server/json-c-build/CMakeFiles/CMakeTmp'
Building C object CMakeFiles/cmTC_08b83.dir/SIZEOF_LONG_LONG.c.o
/usr/bin/cc -D_GNU_SOURCE   -o CMakeFiles/cmTC_08b83.dir/SIZEOF_LONG_LONG.c.o   -c /home/alan/Escritorio/tesis/pin/source/tools/pinjection/ejecutables/tiny-web-server/json-c-build/CMakeFiles/CheckTypeSize/SIZEOF_LONG_LONG.c
Linking C executable cmTC_08b83
/usr/bin/cmake -E cmake_link_script CMakeFiles/cmTC_08b83.dir/link.txt --verbose=1
/usr/bin/cc      -rdynamic CMakeFiles/cmTC_08b83.dir/SIZEOF_LONG_LONG.c.o  -o cmTC_08b83 -lm 
make[1]: se sale del directorio '/home/alan/Escritorio/tesis/pin/source/tools/pinjection/ejecutables/tiny-web-server/json-c-build/CMakeFiles/CMakeTmp'


Determining size of size_t passed with the following output:
Change Dir: /home/alan/Escritorio/tesis/pin/source/tools/pinjection/ejecutables/tiny-web-server/json-c-build/CMakeFiles/CMakeTmp

Run Build Command:"/usr/bin/make" "cmTC_a9740/fast"
/usr/bin/make -f CMakeFiles/cmTC_a9740.dir/build.make CMakeFiles/cmTC_a9740.dir/build
make[1]: se entra en el directorio '/home/alan/Escritorio/tesis/pin/source/tools/pinjection/ejecutables/tiny-web-server/json-c-build/CMakeFiles/CMakeTmp'
Building C object CMakeFiles/cmTC_a9740.dir/SIZEOF_SIZE_T.c.o
/usr/bin/cc -D_GNU_SOURCE   -o CMakeFiles/cmTC_a9740.dir/SIZEOF_SIZE_T.c.o   -c /home/alan/Escritorio/tesis/pin/source/tools/pinjection/ejecutables/tiny-web-server/json-c-build/CMakeFiles/CheckTypeSize/SIZEOF_SIZE_T.c
Linking C executable cmTC_a9740
/usr/bin/cmake -E cmake_link_script CMakeFiles/cmTC_a9740.dir/link.txt --verbose=1
/usr/bin/cc      -rdynamic CMakeFiles/cmTC_a9740.dir/SIZEOF_SIZE_T.c.o  -o cmTC_a9740 -lm 
make[1]: se sale del directorio '/home/alan/Escritorio/tesis/pin/source/tools/pinjection/ejecutables/tiny-web-server/json-c-build/CMakeFiles/CMakeTmp'


Performing C SOURCE FILE Test HAVE_ATOMIC_BUILTINS succeeded with the following output:
Change Dir: /home/alan/Escritorio/tesis/pin/source/tools/pinjection/ejecutables/tiny-web-server/json-c-build/CMakeFiles/CMakeTmp

Run Build Command:"/usr/bin/make" "cmTC_b8960/fast"
/usr/bin/make -f CMakeFiles/cmTC_b8960.dir/build.make CMakeFiles/cmTC_b8960.dir/build
make[1]: se entra en el directorio '/home/alan/Escritorio/tesis/pin/source/tools/pinjection/ejecutables/tiny-web-server/json-c-build/CMakeFiles/CMakeTmp'
Building C object CMakeFiles/cmTC_b8960.dir/src.c.o
/usr/bin/cc -D_GNU_SOURCE  -DHAVE_ATOMIC_BUILTINS   -o CMakeFiles/cmTC_b8960.dir/src.c.o   -c /home/alan/Escritorio/tesis/pin/source/tools/pinjection/ejecutables/tiny-web-server/json-c-build/CMakeFiles/CMakeTmp/src.c
Linking C executable cmTC_b8960
/usr/bin/cmake -E cmake_link_script CMakeFiles/cmTC_b8960.dir/link.txt --verbose=1
/usr/bin/cc  -DHAVE_ATOMIC_BUILTINS    -rdynamic CMakeFiles/cmTC_b8960.dir/src.c.o  -o cmTC_b8960 -lm 
make[1]: se sale del directorio '/home/alan/Escritorio/tesis/pin/source/tools/pinjection/ejecutables/tiny-web-server/json-c-build/CMakeFiles/CMakeTmp'

Source file was:
int main() { int i, x = 0; i = __sync_add_and_fetch(&x,1); return x; }
Performing C SOURCE FILE Test HAVE___THREAD succeeded with the following output:
Change Dir: /home/alan/Escritorio/tesis/pin/source/tools/pinjection/ejecutables/tiny-web-server/json-c-build/CMakeFiles/CMakeTmp

Run Build Command:"/usr/bin/make" "cmTC_f3308/fast"
/usr/bin/make -f CMakeFiles/cmTC_f3308.dir/build.make CMakeFiles/cmTC_f3308.dir/build
make[1]: se entra en el directorio '/home/alan/Escritorio/tesis/pin/source/tools/pinjection/ejecutables/tiny-web-server/json-c-build/CMakeFiles/CMakeTmp'
Building C object CMakeFiles/cmTC_f3308.dir/src.c.o
/usr/bin/cc -D_GNU_SOURCE  -DHAVE___THREAD   -o CMakeFiles/cmTC_f3308.dir/src.c.o   -c /home/alan/Escritorio/tesis/pin/source/tools/pinjection/ejecutables/tiny-web-server/json-c-build/CMakeFiles/CMakeTmp/src.c
Linking C executable cmTC_f3308
/usr/bin/cmake -E cmake_link_script CMakeFiles/cmTC_f3308.dir/link.txt --verbose=1
/usr/bin/cc  -DHAVE___THREAD    -rdynamic CMakeFiles/cmTC_f3308.dir/src.c.o  -o cmTC_f3308 -lm 
make[1]: se sale del directorio '/home/alan/Escritorio/tesis/pin/source/tools/pinjection/ejecutables/tiny-web-server/json-c-build/CMakeFiles/CMakeTmp'

Source file was:
__thread int x = 0; int main() { return 0; }
Performing C SOURCE FILE Test REENTRANT_WORKS succeeded with the following output:
Change Dir: /home/alan/Escritorio/tesis/pin/source/tools/pinjection/ejecutables/tiny-web-server/json-c-build/CMakeFiles/CMakeTmp

Run Build Command:"/usr/bin/make" "cmTC_40ccc/fast"
/usr/bin/make -f CMakeFiles/cmTC_40ccc.dir/build.make CMakeFiles/cmTC_40ccc.dir/build
make[1]: se entra en el directorio '/home/alan/Escritorio/tesis/pin/source/tools/pinjection/ejecutables/tiny-web-server/json-c-build/CMakeFiles/CMakeTmp'
Building C object CMakeFiles/cmTC_40ccc.dir/src.c.o
/usr/bin/cc -D_GNU_SOURCE  -ffunction-sections -fdata-sections -Werror -Wall -Wcast-qual -Wno-error=deprecated-declarations -Wextra -Wwrite-strings -Wno-unused-parameter -Wstrict-prototypes -DREENTRANT_WORKS   -o CMakeFiles/cmTC_40ccc.dir/src.c.o   -c /home/alan/Escritorio/tesis/pin/source/tools/pinjection/ejecutables/tiny-web-server/json-c-build/CMakeFiles/CMakeTmp/src.c
Linking C executable cmTC_40ccc
/usr/bin/cmake -E cmake_link_script CMakeFiles/cmTC_40ccc.dir/link.txt --verbose=1
/usr/bin/cc  -ffunction-sections -fdata-sections -Werror -Wall -Wcast-qual -Wno-error=deprecated-declarations -Wextra -Wwrite-strings -Wno-unused-parameter -Wstrict-prototypes -DREENTRANT_WORKS    -rdynamic CMakeFiles/cmTC_40ccc.dir/src.c.o  -o cmTC_40ccc -lm 
make[1]: se sale del directorio '/home/alan/Escritorio/tesis/pin/source/tools/pinjection/ejecutables/tiny-web-server/json-c-build/CMakeFiles/CMakeTmp'

Source file was:

	/* uClibc toolchains without threading barf when _REENTRANT is defined */
	#define _REENTRANT 1
	#include <sys/types.h>
	int main (void)
	{
	  return 0;
	}
	
Performing C SOURCE FILE Test BSYMBOLIC_WORKS succeeded with the following output:
Change Dir: /home/alan/Escritorio/tesis/pin/source/tools/pinjection/ejecutables/tiny-web-server/json-c-build/CMakeFiles/CMakeTmp

Run Build Command:"/usr/bin/make" "cmTC_e2cac/fast"
/usr/bin/make -f CMakeFiles/cmTC_e2cac.dir/build.make CMakeFiles/cmTC_e2cac.dir/build
make[1]: se entra en el directorio '/home/alan/Escritorio/tesis/pin/source/tools/pinjection/ejecutables/tiny-web-server/json-c-build/CMakeFiles/CMakeTmp'
Building C object CMakeFiles/cmTC_e2cac.dir/src.c.o
/usr/bin/cc -D_GNU_SOURCE  -ffunction-sections -fdata-sections -Werror -Wall -Wcast-qual -Wno-error=deprecated-declarations -Wextra -Wwrite-strings -Wno-unused-parameter -Wstrict-prototypes -DBSYMBOLIC_WORKS   -o CMakeFiles/cmTC_e2cac.dir/src.c.o   -c /home/alan/Escritorio/tesis/pin/source/tools/pinjection/ejecutables/tiny-web-server/json-c-build/CMakeFiles/CMakeTmp/src.c
Linking C executable cmTC_e2cac
/usr/bin/cmake -E cmake_link_script CMakeFiles/cmTC_e2cac.dir/link.txt --verbose=1
/usr/bin/cc  -ffunction-sections -fdata-sections -Werror -Wall -Wcast-qual -Wno-error=deprecated-declarations -Wextra -Wwrite-strings -Wno-unused-parameter -Wstrict-prototypes -DBSYMBOLIC_WORKS    -rdynamic CMakeFiles/cmTC_e2cac.dir/src.c.o  -o cmTC_e2cac -lm -Wl,-Bsymbolic-functions 
make[1]: se sale del directorio '/home/alan/Escritorio/tesis/pin/source/tools/pinjection/ejecutables/tiny-web-server/json-c-build/CMakeFiles/CMakeTmp'

Source file was:

	int main (void)
	{
	  return 0;
	}
	
