[2020-06-05 07:22:07.758] [exthost] [info] extension host started
[2020-06-05 07:22:07.772] [exthost] [info] ExtensionService#_doActivateExtension vscode.debug-auto-launch {"startup":true,"extensionId":{"value":"vscode.debug-auto-launch","_lower":"vscode.debug-auto-launch"},"activationEvent":"*"}
[2020-06-05 07:22:07.772] [exthost] [info] ExtensionService#loadCommonJSModule file:///snap/code/33/usr/share/code/resources/app/extensions/debug-auto-launch/dist/extension
[2020-06-05 07:22:07.773] [exthost] [info] ExtensionService#_doActivateExtension vscode.emmet {"startup":true,"extensionId":{"value":"vscode.emmet","_lower":"vscode.emmet"},"activationEvent":"*"}
[2020-06-05 07:22:07.773] [exthost] [info] ExtensionService#loadCommonJSModule file:///snap/code/33/usr/share/code/resources/app/extensions/emmet/dist/extension
[2020-06-05 07:22:07.780] [exthost] [info] ExtensionService#_doActivateExtension vscode.git {"startup":true,"extensionId":{"value":"vscode.git","_lower":"vscode.git"},"activationEvent":"*"}
[2020-06-05 07:22:07.780] [exthost] [info] ExtensionService#loadCommonJSModule file:///snap/code/33/usr/share/code/resources/app/extensions/git/dist/main
[2020-06-05 07:22:07.791] [exthost] [info] ExtensionService#_doActivateExtension vscode.github-authentication {"startup":true,"extensionId":{"value":"vscode.github-authentication","_lower":"vscode.github-authentication"},"activationEvent":"*"}
[2020-06-05 07:22:07.791] [exthost] [info] ExtensionService#loadCommonJSModule file:///snap/code/33/usr/share/code/resources/app/extensions/github-authentication/dist/extension.js
[2020-06-05 07:22:07.794] [exthost] [info] ExtensionService#_doActivateExtension vscode.merge-conflict {"startup":true,"extensionId":{"value":"vscode.merge-conflict","_lower":"vscode.merge-conflict"},"activationEvent":"*"}
[2020-06-05 07:22:07.794] [exthost] [info] ExtensionService#loadCommonJSModule file:///snap/code/33/usr/share/code/resources/app/extensions/merge-conflict/dist/extension
[2020-06-05 07:22:07.795] [exthost] [info] ExtensionService#_doActivateExtension vscode.search-result {"startup":true,"extensionId":{"value":"vscode.search-result","_lower":"vscode.search-result"},"activationEvent":"*"}
[2020-06-05 07:22:07.795] [exthost] [info] ExtensionService#loadCommonJSModule file:///snap/code/33/usr/share/code/resources/app/extensions/search-result/dist/extension.js
[2020-06-05 07:22:07.796] [exthost] [info] ExtensionService#_doActivateExtension vscode.vscode-account {"startup":true,"extensionId":{"value":"vscode.vscode-account","_lower":"vscode.vscode-account"},"activationEvent":"*"}
[2020-06-05 07:22:07.796] [exthost] [info] ExtensionService#loadCommonJSModule file:///snap/code/33/usr/share/code/resources/app/extensions/vscode-account/dist/extension.js
[2020-06-05 07:22:07.798] [exthost] [info] eager extensions activated
[2020-06-05 07:22:40.122] [exthost] [info] extension host started
[2020-06-05 07:22:40.167] [exthost] [info] ExtensionService#_doActivateExtension vscode.debug-auto-launch {"startup":true,"extensionId":{"value":"vscode.debug-auto-launch","_lower":"vscode.debug-auto-launch"},"activationEvent":"*"}
[2020-06-05 07:22:40.167] [exthost] [info] ExtensionService#loadCommonJSModule file:///snap/code/33/usr/share/code/resources/app/extensions/debug-auto-launch/dist/extension
[2020-06-05 07:22:40.169] [exthost] [info] ExtensionService#_doActivateExtension vscode.emmet {"startup":true,"extensionId":{"value":"vscode.emmet","_lower":"vscode.emmet"},"activationEvent":"*"}
[2020-06-05 07:22:40.169] [exthost] [info] ExtensionService#loadCommonJSModule file:///snap/code/33/usr/share/code/resources/app/extensions/emmet/dist/extension
[2020-06-05 07:22:40.177] [exthost] [info] ExtensionService#_doActivateExtension vscode.git {"startup":true,"extensionId":{"value":"vscode.git","_lower":"vscode.git"},"activationEvent":"*"}
[2020-06-05 07:22:40.177] [exthost] [info] ExtensionService#loadCommonJSModule file:///snap/code/33/usr/share/code/resources/app/extensions/git/dist/main
[2020-06-05 07:22:40.191] [exthost] [info] ExtensionService#_doActivateExtension vscode.github-authentication {"startup":true,"extensionId":{"value":"vscode.github-authentication","_lower":"vscode.github-authentication"},"activationEvent":"*"}
[2020-06-05 07:22:40.191] [exthost] [info] ExtensionService#loadCommonJSModule file:///snap/code/33/usr/share/code/resources/app/extensions/github-authentication/dist/extension.js
[2020-06-05 07:22:40.194] [exthost] [info] ExtensionService#_doActivateExtension vscode.merge-conflict {"startup":true,"extensionId":{"value":"vscode.merge-conflict","_lower":"vscode.merge-conflict"},"activationEvent":"*"}
[2020-06-05 07:22:40.194] [exthost] [info] ExtensionService#loadCommonJSModule file:///snap/code/33/usr/share/code/resources/app/extensions/merge-conflict/dist/extension
[2020-06-05 07:22:40.195] [exthost] [info] ExtensionService#_doActivateExtension vscode.search-result {"startup":true,"extensionId":{"value":"vscode.search-result","_lower":"vscode.search-result"},"activationEvent":"*"}
[2020-06-05 07:22:40.195] [exthost] [info] ExtensionService#loadCommonJSModule file:///snap/code/33/usr/share/code/resources/app/extensions/search-result/dist/extension.js
[2020-06-05 07:22:40.196] [exthost] [info] ExtensionService#_doActivateExtension vscode.vscode-account {"startup":true,"extensionId":{"value":"vscode.vscode-account","_lower":"vscode.vscode-account"},"activationEvent":"*"}
[2020-06-05 07:22:40.196] [exthost] [info] ExtensionService#loadCommonJSModule file:///snap/code/33/usr/share/code/resources/app/extensions/vscode-account/dist/extension.js
[2020-06-05 07:22:40.200] [exthost] [info] ExtensionService#_doActivateExtension ms-vscode.cpptools {"startup":true,"extensionId":{"value":"ms-vscode.cpptools","_lower":"ms-vscode.cpptools"},"activationEvent":"workspaceContains:/.vscode/c_cpp_properties.json"}
[2020-06-05 07:22:40.200] [exthost] [info] ExtensionService#loadCommonJSModule file:///home/alan/.vscode/extensions/ms-vscode.cpptools-0.28.2/dist/main
[2020-06-05 07:22:40.364] [exthost] [info] eager extensions activated
[2020-06-05 07:22:40.624] [exthost] [info] ExtensionService#_doActivateExtension vscode.configuration-editing {"startup":false,"extensionId":{"value":"vscode.configuration-editing","_lower":"vscode.configuration-editing"},"activationEvent":"onLanguage:json"}
[2020-06-05 07:22:40.624] [exthost] [info] ExtensionService#loadCommonJSModule file:///snap/code/33/usr/share/code/resources/app/extensions/configuration-editing/dist/extension
[2020-06-05 07:22:40.628] [exthost] [info] ExtensionService#_doActivateExtension vscode.extension-editing {"startup":false,"extensionId":{"value":"vscode.extension-editing","_lower":"vscode.extension-editing"},"activationEvent":"onLanguage:json"}
[2020-06-05 07:22:40.628] [exthost] [info] ExtensionService#loadCommonJSModule file:///snap/code/33/usr/share/code/resources/app/extensions/extension-editing/dist/extension
[2020-06-05 07:22:40.639] [exthost] [info] ExtensionService#_doActivateExtension vscode.json-language-features {"startup":false,"extensionId":{"value":"vscode.json-language-features","_lower":"vscode.json-language-features"},"activationEvent":"onLanguage:json"}
[2020-06-05 07:22:40.639] [exthost] [info] ExtensionService#loadCommonJSModule file:///snap/code/33/usr/share/code/resources/app/extensions/json-language-features/client/dist/jsonMain
[2020-06-05 07:22:40.659] [exthost] [info] ExtensionService#_doActivateExtension vscode.npm {"startup":false,"extensionId":{"value":"vscode.npm","_lower":"vscode.npm"},"activationEvent":"onLanguage:json"}
[2020-06-05 07:22:40.659] [exthost] [info] ExtensionService#loadCommonJSModule file:///snap/code/33/usr/share/code/resources/app/extensions/npm/dist/main
