1594421975397|1594421975468|71|POST|http://localhost:8007/user
1594421975470|1594421975482|12|GET|http://localhost:8007/user
1594421975485|1594421975497|12|GET|http://localhost:8007/user/1
1594421975500|1594421975512|12|GET|http://localhost:8007/user/9999
1594421975514|1594421975527|13|GET|http://localhost:8007/user/
1594421975530|1594421975542|12|GET|http://localhost:8007/usr
1594422147679|1594422147793|114|POST|http://localhost:8007/user
1594422147800|1594422147830|30|GET|http://localhost:8007/user
1594422147834|1594422147851|17|GET|http://localhost:8007/user/1
1594422147854|1594422147866|12|GET|http://localhost:8007/user/9999
1594422147868|1594422147880|12|GET|http://localhost:8007/user/
1594422147883|1594422147895|12|GET|http://localhost:8007/usr
1594422154217|1594422154328|111|POST|http://localhost:8007/user
1594422154333|1594422154359|26|GET|http://localhost:8007/user
1594422154364|1594422154387|23|GET|http://localhost:8007/user/1
1594422154391|1594422154408|17|GET|http://localhost:8007/user/9999
1594422154411|1594422154423|12|GET|http://localhost:8007/user/
1594422154426|1594422154437|11|GET|http://localhost:8007/usr
1594422155408|1594422155485|77|POST|http://localhost:8007/user
1594422155487|1594422155498|11|GET|http://localhost:8007/user
1594422155499|1594422155511|12|GET|http://localhost:8007/user/1
1594422155513|1594422155526|13|GET|http://localhost:8007/user/9999
1594422155528|1594422155541|13|GET|http://localhost:8007/user/
1594422155543|1594422155554|11|GET|http://localhost:8007/usr
1594857265634|1594857266412|778|POST|http://localhost:8007/user
1594857266427|1594857266575|148|GET|http://localhost:8007/user
1594857266579|1594857266612|33|GET|http://localhost:8007/user/1
1594857266614|1594857266637|23|GET|http://localhost:8007/user/9999
1594857266639|1594857266654|15|GET|http://localhost:8007/user/
1594857266661|1594857266673|12|GET|http://localhost:8007/usr
1594857277520|1594857277603|83|POST|http://localhost:8007/user
1594857277605|1594857277636|31|GET|http://localhost:8007/user
1594857277639|1594857277661|22|GET|http://localhost:8007/user/1
1594857277665|1594857277687|22|GET|http://localhost:8007/user/9999
1594857277690|1594857277709|19|GET|http://localhost:8007/user/
1594857277711|1594857277722|11|GET|http://localhost:8007/usr
1594857278714|1594857278842|128|POST|http://localhost:8007/user
1594857278848|1594857278912|64|GET|http://localhost:8007/user
1594857278914|1594857278933|19|GET|http://localhost:8007/user/1
1594857278935|1594857278954|19|GET|http://localhost:8007/user/9999
1594857278960|1594857278977|17|GET|http://localhost:8007/user/
1594857278978|1594857278989|11|GET|http://localhost:8007/usr
1594857280089|1594857280167|78|POST|http://localhost:8007/user
1594857280174|1594857280226|52|GET|http://localhost:8007/user
1594857280228|1594857280244|16|GET|http://localhost:8007/user/1
1594857280246|1594857280260|14|GET|http://localhost:8007/user/9999
1594857280262|1594857280276|14|GET|http://localhost:8007/user/
1594857280278|1594857280289|11|GET|http://localhost:8007/usr
1594857427679|1594857428502|823|POST|http://localhost:8007/user
1594857428504|1594857428683|179|GET|http://localhost:8007/user
1594857428688|1594857428742|54|GET|http://localhost:8007/user/1
1594857428744|1594857428766|22|GET|http://localhost:8007/user/9999
1594857428771|1594857428803|32|GET|http://localhost:8007/user/
1594857428807|1594857428828|21|GET|http://localhost:8007/usr
1594857429959|1594857430051|92|POST|http://localhost:8007/user
1594857430058|1594857430107|49|GET|http://localhost:8007/user
1594857430109|1594857430130|21|GET|http://localhost:8007/user/1
1594857430134|1594857430154|20|GET|http://localhost:8007/user/9999
1594857430156|1594857430175|19|GET|http://localhost:8007/user/
1594857430178|1594857430191|13|GET|http://localhost:8007/usr
1594938908103|1594938908949|846|POST|http://localhost:8007/user
1594938908960|1594938909202|242|GET|http://localhost:8007/user
1594938909208|1594938909304|96|GET|http://localhost:8007/user/1
1594938909306|1594938909366|60|GET|http://localhost:8007/user/9999
1594938909375|1594938909432|57|GET|http://localhost:8007/user/
1594938909433|1594938909449|16|GET|http://localhost:8007/usr
1594938911444|1594938911603|159|POST|http://localhost:8007/user
1594938911607|1594938911720|113|GET|http://localhost:8007/user
1594938911722|1594938911777|55|GET|http://localhost:8007/user/1
1594938911779|1594938911833|54|GET|http://localhost:8007/user/9999
1594938911834|1594938911889|55|GET|http://localhost:8007/user/
1594938911890|1594938911904|14|GET|http://localhost:8007/usr
1594938912665|1594938912887|222|POST|http://localhost:8007/user
1594938912891|1594938913009|118|GET|http://localhost:8007/user
1594938913010|1594938913067|57|GET|http://localhost:8007/user/1
1594938913069|1594938913126|57|GET|http://localhost:8007/user/9999
1594938913128|1594938913190|62|GET|http://localhost:8007/user/
1594938913193|1594938913207|14|GET|http://localhost:8007/usr
1594938913841|1594938914037|196|POST|http://localhost:8007/user
1594938914041|1594938914160|119|GET|http://localhost:8007/user
1594938914163|1594938914218|55|GET|http://localhost:8007/user/1
1594938914219|1594938914273|54|GET|http://localhost:8007/user/9999
1594938914275|1594938914350|75|GET|http://localhost:8007/user/
1594938914352|1594938914366|14|GET|http://localhost:8007/usr
1594938914881|1594938915062|181|POST|http://localhost:8007/user
1594938915067|1594938915183|116|GET|http://localhost:8007/user
1594938915185|1594938915241|56|GET|http://localhost:8007/user/1
1594938915243|1594938915296|53|GET|http://localhost:8007/user/9999
1594938915297|1594938915351|54|GET|http://localhost:8007/user/
1594938915353|1594938915367|14|GET|http://localhost:8007/usr
1594938972891|1594938974144|1253|POST|http://localhost:8007/user
1594938974146|1594938975549|1403|GET|http://localhost:8007/user
1594938975555|1594938976157|602|GET|http://localhost:8007/user/1
1594938976164|1594938976708|544|GET|http://localhost:8007/user/9999
1594938976710|1594938977253|543|GET|http://localhost:8007/user/
1594938977254|1594938977317|63|GET|http://localhost:8007/usr
1594938979087|1594938979710|623|POST|http://localhost:8007/user
1594938979713|1594938980980|1267|GET|http://localhost:8007/user
1594938980982|1594938981538|556|GET|http://localhost:8007/user/1
1594938981542|1594938982076|534|GET|http://localhost:8007/user/9999
1594938982078|1594938982614|536|GET|http://localhost:8007/user/
1594938982616|1594938982664|48|GET|http://localhost:8007/usr
1594938985653|1594938986301|648|POST|http://localhost:8007/user
1594938986302|1594938987593|1291|GET|http://localhost:8007/user
1594938987594|1594938988142|548|GET|http://localhost:8007/user/1
1594938988144|1594938988683|539|GET|http://localhost:8007/user/9999
1594938988685|1594938989224|539|GET|http://localhost:8007/user/
1594938989232|1594938989283|51|GET|http://localhost:8007/usr
1594938990303|1594938991000|697|POST|http://localhost:8007/user
1594938991002|1594938992309|1307|GET|http://localhost:8007/user
1594938992310|1594938992862|552|GET|http://localhost:8007/user/1
1594938992865|1594938993398|533|GET|http://localhost:8007/user/9999
1594938993399|1594938993936|537|GET|http://localhost:8007/user/
1594938993938|1594938993986|48|GET|http://localhost:8007/usr
1595184791344|1595184792644|1300|POST|http://localhost:8007/user
1595184792646|1595184793791|1145|GET|http://localhost:8007/user
1595184793793|1595184794408|615|GET|http://localhost:8007/user/1
1595184794409|1595184794945|536|GET|http://localhost:8007/user/9999
1595184794947|1595184795478|531|GET|http://localhost:8007/user/
1595184795480|1595184795529|49|GET|http://localhost:8007/usr
1595185007676|1595185008404|728|POST|http://localhost:8007/user
1595185008406|1595185008668|262|GET|http://localhost:8007/user
1595185008670|1595185008761|91|GET|http://localhost:8007/user/1
1595185008763|1595185008844|81|GET|http://localhost:8007/user/9999
1595185008846|1595185008921|75|GET|http://localhost:8007/user/
1595185008923|1595185008939|16|GET|http://localhost:8007/usr
1595185010533|1595185010723|190|POST|http://localhost:8007/user
1595185010727|1595185010872|145|GET|http://localhost:8007/user
1595185010877|1595185010951|74|GET|http://localhost:8007/user/1
1595185010955|1595185011028|73|GET|http://localhost:8007/user/9999
1595185011033|1595185011106|73|GET|http://localhost:8007/user/
1595185011107|1595185011123|16|GET|http://localhost:8007/usr
1595415078655|1595415078876|221|POST|http://localhost:8008/user
1595415078884|1595415078910|26|GET|http://localhost:8008/user
1595415078913|1595415078928|15|GET|http://localhost:8008/user/1
1595415078929|1595415078940|11|GET|http://localhost:8008/user/9999
1595415078942|1595415078953|11|GET|http://localhost:8008/user/
1595415078955|1595415078965|10|GET|http://localhost:8008/usr
1595415088347|1595415088436|89|POST|http://localhost:8009/user
1595415088439|1595415088457|18|GET|http://localhost:8009/user
1595415088461|1595415088477|16|GET|http://localhost:8009/user/1
1595415088479|1595415088494|15|GET|http://localhost:8009/user/9999
1595415088498|1595415088512|14|GET|http://localhost:8009/user/
1595415088514|1595415088526|12|GET|http://localhost:8009/usr
1595415094882|1595415094990|108|POST|http://localhost:8009/user
1595415094995|1595415095016|21|GET|http://localhost:8009/user
1595415095018|1595415095032|14|GET|http://localhost:8009/user/1
1595415095034|1595415095048|14|GET|http://localhost:8009/user/9999
1595415095052|1595415095065|13|GET|http://localhost:8009/user/
1595415095067|1595415095079|12|GET|http://localhost:8009/usr
1595415096588|1595415096690|102|POST|http://localhost:8009/user
1595415096696|1595415096717|21|GET|http://localhost:8009/user
1595415096719|1595415096732|13|GET|http://localhost:8009/user/1
1595415096735|1595415096749|14|GET|http://localhost:8009/user/9999
1595415096751|1595415096763|12|GET|http://localhost:8009/user/
1595415096769|1595415096781|12|GET|http://localhost:8009/usr
1597716386623|1597716386723|100|POST|http://localhost:8007/user
1597716386729|1597716386748|19|GET|http://localhost:8007/user
1597716386751|1597716386766|15|GET|http://localhost:8007/user/1
1597716386768|1597716386779|11|GET|http://localhost:8007/user/9999
1597716386785|1597716386798|13|GET|http://localhost:8007/user/
1597716386800|1597716386811|11|GET|http://localhost:8007/usr
1597716386813|1597716387827|1014|GET|http://localhost:8007/sleep/1
1597716387833|1597716389856|2023|GET|http://localhost:8007/sleep/2
1597716389861|1597716392889|3028|GET|http://localhost:8007/sleep/3
1597716392896|1597716392919|23|GET|http://localhost:8007/for/1
1597716392924|1597716392939|15|GET|http://localhost:8007/for/2
1597716392941|1597716392954|13|GET|http://localhost:8007/for/3
1597716392957|1597716392968|11|GET|http://localhost:8007/run
1597716820118|1597716820226|108|POST|http://localhost:8007/user
1597716820231|1597716820243|12|GET|http://localhost:8007/user
1597716820245|1597716820262|17|GET|http://localhost:8007/user/1
1597716820264|1597716820276|12|GET|http://localhost:8007/user/9999
1597716820278|1597716820289|11|GET|http://localhost:8007/user/
1597716820291|1597716820303|12|GET|http://localhost:8007/usr
1597716820305|1597716821321|1016|GET|http://localhost:8007/sleep/1
1597716821329|1597716823355|2026|GET|http://localhost:8007/sleep/2
1597716823362|1597716826388|3026|GET|http://localhost:8007/sleep/3
1597716826395|1597716826419|24|GET|http://localhost:8007/for/1
1597716826423|1597716826435|12|GET|http://localhost:8007/for/2
1597716826440|1597716826452|12|GET|http://localhost:8007/for/3
1597716826454|1597716826465|11|GET|http://localhost:8007/run
1597716900881|1597716900991|110|POST|http://localhost:8007/user
1597716900994|1597716901016|22|GET|http://localhost:8007/user
1597716901024|1597716901058|34|GET|http://localhost:8007/user/1
1597716901066|1597716901098|32|GET|http://localhost:8007/user/9999
1597716901102|1597716901120|18|GET|http://localhost:8007/user/
1597716901123|1597716901140|17|GET|http://localhost:8007/usr
1597716901142|1597716902153|1011|GET|http://localhost:8007/sleep/1
1597716902158|1597716904171|2013|GET|http://localhost:8007/sleep/2
1597716904175|1597716907194|3019|GET|http://localhost:8007/sleep/3
1597716907201|1597716907228|27|GET|http://localhost:8007/for/1
1597716907232|1597716907245|13|GET|http://localhost:8007/for/2
1597716907247|1597716907258|11|GET|http://localhost:8007/for/3
1597716907260|1597716907271|11|GET|http://localhost:8007/run
1597717260597|1597717261020|423|POST|http://localhost:8007/user
1597717261024|1597717261040|16|GET|http://localhost:8007/user
1597717261043|1597717261055|12|GET|http://localhost:8007/user/1
1597717261057|1597717261068|11|GET|http://localhost:8007/user/9999
1597717261070|1597717261082|12|GET|http://localhost:8007/user/
1597717261084|1597717261096|12|GET|http://localhost:8007/usr
1597717261099|1597717262110|1011|GET|http://localhost:8007/sleep/1
1597717262115|1597717264126|2011|GET|http://localhost:8007/sleep/2
1597717264128|1597717267142|3014|GET|http://localhost:8007/sleep/3
1597717267153|1597717267171|18|GET|http://localhost:8007/for/1
1597717267173|1597717267185|12|GET|http://localhost:8007/for/2
1597717267188|1597717267199|11|GET|http://localhost:8007/for/3
1597717267201|1597717267213|12|GET|http://localhost:8007/run
1597717415381|1597717415487|106|POST|http://localhost:8007/user
1597717415490|1597717415505|15|GET|http://localhost:8007/user
1597717415507|1597717415521|14|GET|http://localhost:8007/user/1
1597717415523|1597717415538|15|GET|http://localhost:8007/user/9999
1597717415542|1597717415569|27|GET|http://localhost:8007/user/
1597717415571|1597717415583|12|GET|http://localhost:8007/usr
1597717415585|1597717416597|1012|GET|http://localhost:8007/sleep/1
1597717416599|1597717418612|2013|GET|http://localhost:8007/sleep/2
1597717418618|1597717421642|3024|GET|http://localhost:8007/sleep/3
1597717421649|1597717421671|22|GET|http://localhost:8007/for/1
1597717421674|1597717421687|13|GET|http://localhost:8007/for/2
1597717421689|1597717421701|12|GET|http://localhost:8007/for/3
1597717421702|1597717421714|12|GET|http://localhost:8007/run
1597717624618|1597717624733|115|POST|http://localhost:8007/user
1597717624738|1597717624758|20|GET|http://localhost:8007/user
1597717624762|1597717624780|18|GET|http://localhost:8007/user/1
1597717624784|1597717624806|22|GET|http://localhost:8007/user/9999
1597717624809|1597717624826|17|GET|http://localhost:8007/user/
1597717624829|1597717624845|16|GET|http://localhost:8007/usr
1597717624849|1597717625864|1015|GET|http://localhost:8007/sleep/1
1597717625865|1597717627882|2017|GET|http://localhost:8007/sleep/2
1597717627889|1597717630915|3026|GET|http://localhost:8007/sleep/3
1597717630924|1597717630947|23|GET|http://localhost:8007/for/1
1597717630950|1597717630965|15|GET|http://localhost:8007/for/2
1597717630968|1597717630980|12|GET|http://localhost:8007/for/3
1597717630981|1597717630992|11|GET|http://localhost:8007/run
1597717848590|1597717848671|81|POST|http://localhost:8007/user
1597717848678|1597717848716|38|GET|http://localhost:8007/user
1597717848724|1597717848759|35|GET|http://localhost:8007/user/1
1597717848767|1597717848804|37|GET|http://localhost:8007/user/9999
1597717848808|1597717848824|16|GET|http://localhost:8007/user/
1597717848827|1597717848844|17|GET|http://localhost:8007/usr
1597717848847|1597717849859|1012|GET|http://localhost:8007/sleep/1
1597717849862|1597717851881|2019|GET|http://localhost:8007/sleep/2
1597717851889|1597717854912|3023|GET|http://localhost:8007/sleep/3
1597717854918|1597717854936|18|GET|http://localhost:8007/for/1
1597717854940|1597717854956|16|GET|http://localhost:8007/for/2
1597717854958|1597717854970|12|GET|http://localhost:8007/for/3
1597717854972|1597717854983|11|GET|http://localhost:8007/run
1597801929131|1597801929224|93|POST|http://localhost:8007/user
1597801929226|1597801929238|12|GET|http://localhost:8007/user
1597801929239|1597801929250|11|GET|http://localhost:8007/user/1
1597801929255|1597801929267|12|GET|http://localhost:8007/user/9999
1597801929269|1597801929281|12|GET|http://localhost:8007/user/
1597801929282|1597801929297|15|GET|http://localhost:8007/usr
1597801929299|1597801930312|1013|GET|http://localhost:8007/sleep/1
1597801930316|1597801932336|2020|GET|http://localhost:8007/sleep/2
1597801932343|1597801935367|3024|GET|http://localhost:8007/sleep/3
1597801935376|1597801935402|26|GET|http://localhost:8007/for/1
1597801935405|1597801935419|14|GET|http://localhost:8007/for/2
1597801935421|1597801935432|11|GET|http://localhost:8007/for/3
1597801935435|1597801939589|4154|GET|http://localhost:8007/run
1597801939591|1597801941946|2355|GET|http://localhost:8007/sort
1597801941948|1597801941960|12|GET|http://localhost:8007/array
1597801947814|1597801948015|201|POST|http://localhost:8007/user
1597801948022|1597801948059|37|GET|http://localhost:8007/user
1597801948066|1597801948101|35|GET|http://localhost:8007/user/1
1597801948111|1597801948146|35|GET|http://localhost:8007/user/9999
1597801948150|1597801948169|19|GET|http://localhost:8007/user/
1597801948172|1597801948198|26|GET|http://localhost:8007/usr
1597801948203|1597801949220|1017|GET|http://localhost:8007/sleep/1
1597801949233|1597801951257|2024|GET|http://localhost:8007/sleep/2
1597801951265|1597801954291|3026|GET|http://localhost:8007/sleep/3
1597801954295|1597801954314|19|GET|http://localhost:8007/for/1
1597801954319|1597801954338|19|GET|http://localhost:8007/for/2
1597801954340|1597801954352|12|GET|http://localhost:8007/for/3
1597801954355|1597801958506|4151|GET|http://localhost:8007/run
1597801958508|1597801960862|2354|GET|http://localhost:8007/sort
1597801960864|1597801960876|12|GET|http://localhost:8007/array
1600385527813|1600385527829|16|POST|http://localhost:8007/user
1600385527839|1600385527851|12|GET|http://localhost:8007/user
1600385527853|1600385527863|10|GET|http://localhost:8007/user/1
1600385527865|1600385527876|11|GET|http://localhost:8007/user/9999
1600385527878|1600385527889|11|GET|http://localhost:8007/user/
1600385527891|1600385527903|12|GET|http://localhost:8007/usr
1600385527905|1600385527915|10|GET|http://localhost:8007/sleep/1
1600385527917|1600385527928|11|GET|http://localhost:8007/sleep/2
1600385527929|1600385527941|12|GET|http://localhost:8007/sleep/3
1600385527942|1600385527953|11|GET|http://localhost:8007/for/1
1600385527955|1600385527966|11|GET|http://localhost:8007/for/2
1600385527968|1600385527979|11|GET|http://localhost:8007/for/3
1600385527981|1600385527992|11|GET|http://localhost:8007/run
1600385527994|1600385528005|11|GET|http://localhost:8007/sort
1600385528007|1600385528020|13|GET|http://localhost:8007/array
1600385540565|1600385541123|558|POST|http://localhost:8007/user
1600385541129|1600385541237|108|GET|http://localhost:8007/user
1600385541239|1600385541278|39|GET|http://localhost:8007/user/1
1600385541280|1600385541296|16|GET|http://localhost:8007/user/9999
1600385541298|1600385541310|12|GET|http://localhost:8007/user/
1600385541313|1600385541329|16|GET|http://localhost:8007/usr
1600385541331|1600385542349|1018|GET|http://localhost:8007/sleep/1
1600385542356|1600385544387|2031|GET|http://localhost:8007/sleep/2
1600385544403|1600385547432|3029|GET|http://localhost:8007/sleep/3
1600385547440|1600385547747|307|GET|http://localhost:8007/for/1
1600385547749|1600385548330|581|GET|http://localhost:8007/for/2
1600385548331|1600385549176|845|GET|http://localhost:8007/for/3
1600385549186|1600385549410|224|GET|http://localhost:8007/run
1600385549412|1600385550130|718|GET|http://localhost:8007/sort
